[2016.01.25-03.20.37:403][  0]Log file open, 01/24/16 20:20:37
[2016.01.25-03.20.37:403][  0]LogInit:Display: Running engine for game: VoidArena
[2016.01.25-03.20.37:403][  0]LogPlatformFile: Not using cached read wrapper
[2016.01.25-03.20.37:403][  0]LogInit:Display: RandInit(1269279650) SRandInit(1269279652).
[2016.01.25-03.20.37:403][  0]LogTaskGraph: Started task graph with 4 named threads and 7 total threads.
[2016.01.25-03.20.37:403][  0]LogStats: Stats thread started at 0.084667
[2016.01.25-03.20.37:403][  0]LogInit: Version: 4.10.2-2818068+++depot+UE4-Releases+4.10
[2016.01.25-03.20.37:403][  0]LogInit: API Version: 2758231
[2016.01.25-03.20.37:403][  0]LogInit: Compiled (64-bit): Jan  6 2016 17:36:42
[2016.01.25-03.20.37:403][  0]LogInit: Compiled with Visual C++: 19.00.23026.00
[2016.01.25-03.20.37:403][  0]LogInit: Build Configuration: Development
[2016.01.25-03.20.37:403][  0]LogInit: Branch Name: ++depot+UE4-Releases+4.10
[2016.01.25-03.20.37:403][  0]LogInit: Command line:  
[2016.01.25-03.20.37:403][  0]LogInit: Base directory: D:/Epic Games/4.10/Engine/Binaries/Win64/
[2016.01.25-03.20.37:403][  0]LogInit: Rocket: 1
[2016.01.25-03.20.37:412][  0]LogInit: Using libcurl 7.41.0
[2016.01.25-03.20.37:412][  0]LogInit:  - built for x86_64-pc-win32
[2016.01.25-03.20.37:412][  0]LogInit:  - supports SSL with WinSSL
[2016.01.25-03.20.37:412][  0]LogInit:  - other features:
[2016.01.25-03.20.37:412][  0]LogInit:      CURL_VERSION_SSL
[2016.01.25-03.20.37:412][  0]LogInit:      CURL_VERSION_IPV6
[2016.01.25-03.20.37:412][  0]LogInit:      CURL_VERSION_ASYNCHDNS
[2016.01.25-03.20.37:412][  0]LogInit:      CURL_VERSION_LARGEFILE
[2016.01.25-03.20.37:412][  0]LogInit:      CURL_VERSION_IDN
[2016.01.25-03.20.37:412][  0]LogInit:  CurlRequestOptions (configurable via config and command line):
[2016.01.25-03.20.37:412][  0]LogInit:  - bVerifyPeer = true  - Libcurl will verify peer certificate
[2016.01.25-03.20.37:412][  0]LogInit:  - bUseHttpProxy = false  - Libcurl will NOT use HTTP proxy
[2016.01.25-03.20.37:412][  0]LogInit:  - bDontReuseConnections = false  - Libcurl will reuse connections
[2016.01.25-03.20.37:412][  0]LogInit:  - CertBundlePath = nullptr  - Libcurl will use whatever was configured at build time.
[2016.01.25-03.20.37:421][  0]LogInit: Presizing for 0 objects not considered by GC, pre-allocating 0 bytes.
[2016.01.25-03.20.37:429][  0]LogInit: Object subsystem initialized
[2016.01.25-03.20.37:431][  0]LogInit: Selected Device Profile: [Windows]
[2016.01.25-03.20.37:431][  0]LogInit: Applying CVar settings loaded from the selected device profile: [Windows]
[2016.01.25-03.20.37:443][  0]LogInit: Computer: DESKTOP-D4B59PR
[2016.01.25-03.20.37:443][  0]LogInit: User: Dzshiftt
[2016.01.25-03.20.37:443][  0]LogInit: CPU Page size=4096, Cores=4
[2016.01.25-03.20.37:443][  0]LogInit: High frequency timer resolution =3.418001 MHz
[2016.01.25-03.20.37:443][  0]LogMemory: Memory total: Physical=7.9GB (8GB approx)
[2016.01.25-03.20.37:443][  0]LogMemory: Platform Memory Stats for Windows
[2016.01.25-03.20.37:443][  0]LogMemory: Process Physical Memory: 55.89 MB used, 55.89 MB peak
[2016.01.25-03.20.37:443][  0]LogMemory: Process Virtual Memory: 58.61 MB used, 58.61 MB peak
[2016.01.25-03.20.37:443][  0]LogMemory: Physical Memory: 2759.66 MB used, 8140.04 MB total
[2016.01.25-03.20.37:443][  0]LogMemory: Virtual Memory: 380.52 MB used, 134217728.00 MB total
[2016.01.25-03.20.37:476][  0]LogTextLocalizationManager: No specific translations for ('en-US') exist, so ('en') translations will be used.
[2016.01.25-03.20.38:027][  0]LogD3D11RHI: Found D3D11 adapter 0: AMD Radeon (TM) R9 380 Series (Feature Level 11_0)
[2016.01.25-03.20.38:027][  0]LogD3D11RHI: Adapter has 4073MB of dedicated video memory, 0MB of dedicated system memory, and 4070MB of shared system memory, 1 output[s]
[2016.01.25-03.20.38:029][  0]LogD3D11RHI: Found D3D11 adapter 1: Microsoft Basic Render Driver (Feature Level 11_0)
[2016.01.25-03.20.38:029][  0]LogD3D11RHI: Adapter has 0MB of dedicated video memory, 0MB of dedicated system memory, and 4070MB of shared system memory, 0 output[s]
[2016.01.25-03.20.38:029][  0]LogD3D11RHI: Chosen D3D11 Adapter Id = 0
[2016.01.25-03.20.38:034][  0]LogD3D11RHI: !Direct3DDevice
[2016.01.25-03.20.38:034][  0]LogRHI: Texture pool is 1361 MB (70% of 1945 MB)
[2016.01.25-03.20.38:054][  0]LogD3D11RHI: Async texture creation disabled: no driver support
[2016.01.25-03.20.38:066][  0]LogShaderCompilers: Guid format shader working directory is 15 characters bigger than the processId version (../../../../../VoidArena/VoidArena/Intermediate/Shaders/WorkingDirectory/2732/).
[2016.01.25-03.20.38:066][  0]LogShaderCompilers: Cleaned the shader compiler working directory 'C:/Users/Dzshiftt/AppData/Local/Temp/UnrealShaderWorkingDir/B6D088C04BA66857DED25ABEB5E40C41/'.
[2016.01.25-03.20.38:066][  0]LogShaderCompilers:Display: Using Local Shader Compiler.
[2016.01.25-03.20.39:043][  0]LogTemp:Display: Loaded TP AllDesktopTargetPlatform
[2016.01.25-03.20.39:050][  0]LogTemp:Display: Loaded TP WindowsClientTargetPlatform
[2016.01.25-03.20.39:056][  0]LogTemp:Display: Loaded TP WindowsNoEditorTargetPlatform
[2016.01.25-03.20.39:062][  0]LogTemp:Display: Loaded TP WindowsServerTargetPlatform
[2016.01.25-03.20.39:067][  0]LogTemp:Display: Loaded TP WindowsTargetPlatform
[2016.01.25-03.20.39:071][  0]LogTemp:Display: Loaded TP AndroidTargetPlatform
[2016.01.25-03.20.39:075][  0]LogTemp:Display: Loaded TP Android_ASTCTargetPlatform
[2016.01.25-03.20.39:079][  0]LogTemp:Display: Loaded TP Android_ATCTargetPlatform
[2016.01.25-03.20.39:082][  0]LogTemp:Display: Loaded TP Android_DXTTargetPlatform
[2016.01.25-03.20.39:086][  0]LogTemp:Display: Loaded TP Android_ETC1TargetPlatform
[2016.01.25-03.20.39:089][  0]LogTemp:Display: Loaded TP Android_ETC2TargetPlatform
[2016.01.25-03.20.39:097][  0]LogTemp:Display: Loaded TP Android_MultiTargetPlatform
[2016.01.25-03.20.39:097][  0]LogTemp:Display: Loaded TP Android_PVRTCTargetPlatform
[2016.01.25-03.20.39:098][  0]LogTemp:Display: Loaded TP HTML5TargetPlatform
[2016.01.25-03.20.39:116][  0]LogTemp:Display: Loaded TP IOSTargetPlatform
[2016.01.25-03.20.39:120][  0]LogTemp:Display: Loaded TP LinuxNoEditorTargetPlatform
[2016.01.25-03.20.39:123][  0]LogTemp:Display: Loaded TP LinuxServerTargetPlatform
[2016.01.25-03.20.39:127][  0]LogTemp:Display: Loaded TP LinuxTargetPlatform
[2016.01.25-03.20.39:128][  0]LogTargetPlatformManager:Display: Building Assets For Windows
[2016.01.25-03.20.39:233][  0]LogDerivedDataCache:Display: Max Cache Size: 512 MB
[2016.01.25-03.20.39:325][  0]LogDerivedDataCache: Loaded boot cache 0.09s 41MB C:/Users/Dzshiftt/AppData/Local/UnrealEngine/4.10/DerivedDataCache/Boot.ddc.
[2016.01.25-03.20.39:325][  0]LogDerivedDataCache:Display: Loaded Boot cache: C:/Users/Dzshiftt/AppData/Local/UnrealEngine/4.10/DerivedDataCache/Boot.ddc
[2016.01.25-03.20.39:325][  0]LogDerivedDataCache: FDerivedDataBackendGraph:  Pak pak cache file ../../../../../VoidArena/VoidArena/DerivedDataCache/DDC.ddp not found, will not use a pak cache.
[2016.01.25-03.20.39:325][  0]LogDerivedDataCache: Unable to find inner node Pak for hierarchical cache Hierarchy.
[2016.01.25-03.20.39:325][  0]LogDerivedDataCache: FDerivedDataBackendGraph:  CompressedPak pak cache file ../../../../../VoidArena/VoidArena/DerivedDataCache/Compressed.ddp not found, will not use a pak cache.
[2016.01.25-03.20.39:325][  0]LogDerivedDataCache: Unable to find inner node CompressedPak for hierarchical cache Hierarchy.
[2016.01.25-03.20.39:395][  0]LogDerivedDataCache:Display: Pak cache opened for reading ../../../Engine/DerivedDataCache/Compressed.ddp.
[2016.01.25-03.20.39:407][  0]LogDerivedDataCache: Using Local data cache path C:/Users/Dzshiftt/AppData/Local/UnrealEngine/Common/DerivedDataCache: Writable
[2016.01.25-03.20.39:647][  0]LogInit: Selected Device Profile: [Windows]
[2016.01.25-03.20.39:650][  0]LogContentStreaming: Texture pool size is 0.000000MB
[2016.01.25-03.20.39:781][  0]LogMeshUtilities: No automatic mesh reduction module available
[2016.01.25-03.20.39:781][  0]LogMeshUtilities: No automatic mesh merging module available
[2016.01.25-03.20.40:092][  0]LogInit: WinSock: version 1.1 (2.2), MaxSocks=32767, MaxUdp=65467
[2016.01.25-03.20.41:003][  0]UdpMessaging: Initializing bridge on interface 0.0.0.0:0 to multicast group 230.0.0.1:6666.
[2016.01.25-03.20.41:107][  0]LogAssetRegistry: FAssetRegistry took 0.0110 seconds to start up
[2016.01.25-03.20.41:327][  0]SourceControl: Info Source control is disabled
[2016.01.25-03.20.41:329][  0]SourceControl: Info Source control is disabled
[2016.01.25-03.20.41:346][  0]SourceControl: Info Source control is disabled
[2016.01.25-03.20.41:364][  0]SourceControl: Info Source control is disabled
[2016.01.25-03.20.41:683][  0]LogObj: 28633 objects as part of root set at end of initial load.
[2016.01.25-03.20.41:683][  0]LogUObjectAllocator: 6099752 out of 0 bytes used by permanent object pool.
[2016.01.25-03.20.41:752][  0]LogEngine: Initializing Engine...
[2016.01.25-03.20.41:754][  0]LogHMD: Can't find Oculus library dev build: is proper Runtime installed? Version: 0.8.0.0
[2016.01.25-03.20.41:755][  0]LogHMD: SteamVR failed to initialize.  Err: 110
[2016.01.25-03.20.41:908][  0]LogAIModule: Creating AISystem for world NewWorld
[2016.01.25-03.20.41:914][  0]LogInit: XAudio2 using 'Headphones (2- High Definition Audio Device)' : 2 channels at 44.1 kHz using 16 bits per sample (channel mask 0x3)
[2016.01.25-03.20.41:924][  0]LogInit: FAudioDevice initialized.
[2016.01.25-03.20.41:977][  0]LogDerivedDataCache: Saved boot cache 0.05s 41MB C:/Users/Dzshiftt/AppData/Local/UnrealEngine/4.10/DerivedDataCache/Boot.ddc.
[2016.01.25-03.20.41:995][  0]LogInit: Texture streaming: Enabled
[2016.01.25-03.20.42:002][  0]LogAnalytics: Creating configured Analytics provider AnalyticsET
[2016.01.25-03.20.42:002][  0]LogAnalytics: [UEEditor.Rocket.Release] APIServer = http://et2.epicgames.com/ET2/. AppVersion = 4.10.2-2818068+++depot+UE4-Releases+4.10
[2016.01.25-03.20.42:002][  0]LogAnalytics: [UEEditor.Rocket.Release] SetUserId d7e8d415469c53732bb00cb8e6f11f39|73d82322a7c548e3bff0f196fe589cb3|3fab6c02-6e8d-4e3a-92bc-ec38873d9ff2
[2016.01.25-03.20.42:002][  0]LogAnalytics: [UEEditor.Rocket.Release] AnalyticsET::StartSession
[2016.01.25-03.20.42:013][  0]LogInit: Transaction tracking system initialized
[2016.01.25-03.20.42:050][  0]BlueprintLog: New page: Editor Load
[2016.01.25-03.20.42:152][  0]LocalizationService: Info Localization service is disabled
[2016.01.25-03.20.42:238][  0]LogConsoleResponse:Display: 
[2016.01.25-03.20.42:368][  0]LogCook:Display: Done creating registry. It took  0.00s.
[2016.01.25-03.20.42:452][  0]LogFileCache: Scanning file cache for directory 'D:/VoidArena/VoidArena/Content/' took 0.01s
[2016.01.25-03.20.42:452][  0]SourceControl: Info Source control is disabled
[2016.01.25-03.20.42:452][  0]Cmd: MAP LOAD FILE="../../../../../VoidArena/VoidArena/Content/ThirdPersonBP/Maps/ThirdPersonExampleMap.umap" TEMPLATE=0 SHOWPROGRESS=1 FEATURELEVEL=3
[2016.01.25-03.20.42:453][  0]LightingResults: New page: Lighting Build
[2016.01.25-03.20.42:456][  0]MapCheck: New page: Map Check
[2016.01.25-03.20.42:456][  0]LightingResults: New page: Lighting Build
[2016.01.25-03.20.42:472][  0]LogParticles: Destroying 0 GPU particle simulations for FXSystem 0x000000CCF07376A0
[2016.01.25-03.20.43:062][  0]LogAIModule: Creating AISystem for world ThirdPersonExampleMap
[2016.01.25-03.20.43:071][  0]LogEditorServer: Finished looking for orphan Actors (0.000 secs)
[2016.01.25-03.20.43:071][  0]Cmd: MAP CHECKDEP NOCLEARLOG
[2016.01.25-03.20.43:137][  0]MapCheck: Info Map check complete: 0 Error(s), 0 Warning(s), took 65.443ms to complete.
[2016.01.25-03.20.43:137][  0]LogFileHelpers: Loading map 'ThirdPersonExampleMap' took 0.685
[2016.01.25-03.20.43:262][  0]LogCollectionManager: Loaded 0 collections in 0.002752 seconds
[2016.01.25-03.20.43:303][  0]LogFileCache: Scanning file cache for directory 'D:/VoidArena/VoidArena/Saved/Collections/' took 0.01s
[2016.01.25-03.20.43:303][  0]LogFileCache: Sca