[2016.01.25-02.06.25:717][  0]Log file open, 01/24/16 19:06:25
[2016.01.25-02.06.25:717][  0]LogInit:Display: Running engine for game: Wayfarer
[2016.01.25-02.06.25:717][  0]LogPlatformFile: Not using cached read wrapper
[2016.01.25-02.06.25:717][  0]LogInit:Display: RandInit(-1064331081) SRandInit(-1064331078).
[2016.01.25-02.06.25:717][  0]LogTaskGraph: Started task graph with 4 named threads and 7 total threads.
[2016.01.25-02.06.25:717][  0]LogStats: Stats thread started at 0.194013
[2016.01.25-02.06.25:717][  0]LogInit: Version: 4.10.2-2818068+++depot+UE4-Releases+4.10
[2016.01.25-02.06.25:717][  0]LogInit: API Version: 2758231
[2016.01.25-02.06.25:717][  0]LogInit: Compiled (64-bit): Jan  6 2016 17:36:42
[2016.01.25-02.06.25:717][  0]LogInit: Compiled with Visual C++: 19.00.23026.00
[2016.01.25-02.06.25:717][  0]LogInit: Build Configuration: Development
[2016.01.25-02.06.25:717][  0]LogInit: Branch Name: ++depot+UE4-Releases+4.10
[2016.01.25-02.06.25:717][  0]LogInit: Command line:  
[2016.01.25-02.06.25:717][  0]LogInit: Base directory: D:/Epic Games/4.10/Engine/Binaries/Win64/
[2016.01.25-02.06.25:717][  0]LogInit: Rocket: 1
[2016.01.25-02.06.25:757][  0]LogInit: Using libcurl 7.41.0
[2016.01.25-02.06.25:757][  0]LogInit:  - built for x86_64-pc-win32
[2016.01.25-02.06.25:757][  0]LogInit:  - supports SSL with WinSSL
[2016.01.25-02.06.25:757][  0]LogInit:  - other features:
[2016.01.25-02.06.25:757][  0]LogInit:      CURL_VERSION_SSL
[2016.01.25-02.06.25:757][  0]LogInit:      CURL_VERSION_IPV6
[2016.01.25-02.06.25:757][  0]LogInit:      CURL_VERSION_ASYNCHDNS
[2016.01.25-02.06.25:757][  0]LogInit:      CURL_VERSION_LARGEFILE
[2016.01.25-02.06.25:757][  0]LogInit:      CURL_VERSION_IDN
[2016.01.25-02.06.25:757][  0]LogInit:  CurlRequestOptions (configurable via config and command line):
[2016.01.25-02.06.25:757][  0]LogInit:  - bVerifyPeer = true  - Libcurl will verify peer certificate
[2016.01.25-02.06.25:757][  0]LogInit:  - bUseHttpProxy = false  - Libcurl will NOT use HTTP proxy
[2016.01.25-02.06.25:757][  0]LogInit:  - bDontReuseConnections = false  - Libcurl will reuse connections
[2016.01.25-02.06.25:757][  0]LogInit:  - CertBundlePath = nullptr  - Libcurl will use whatever was configured at build time.
[2016.01.25-02.06.25:831][  0]LogInit: Presizing for 0 objects not considered by GC, pre-allocating 0 bytes.
[2016.01.25-02.06.25:840][  0]LogInit: Object subsystem initialized
[2016.01.25-02.06.25:841][  0]LogInit: Selected Device Profile: [Windows]
[2016.01.25-02.06.25:841][  0]LogInit: Applying CVar settings loaded from the selected device profile: [Windows]
[2016.01.25-02.06.25:864][  0]LogInit: Computer: DESKTOP-D4B59PR
[2016.01.25-02.06.25:864][  0]LogInit: User: Dzshiftt
[2016.01.25-02.06.25:864][  0]LogInit: CPU Page size=4096, Cores=4
[2016.01.25-02.06.25:864][  0]LogInit: High frequency timer resolution =3.418001 MHz
[2016.01.25-02.06.25:864][  0]LogMemory: Memory total: Physical=7.9GB (8GB approx)
[2016.01.25-02.06.25:864][  0]LogMemory: Platform Memory Stats for Windows
[2016.01.25-02.06.25:864][  0]LogMemory: Process Physical Memory: 55.91 MB used, 55.91 MB peak
[2016.01.25-02.06.25:864][  0]LogMemory: Process Virtual Memory: 56.71 MB used, 56.71 MB peak
[2016.01.25-02.06.25:864][  0]LogMemory: Physical Memory: 2737.08 MB used, 8140.04 MB total
[2016.01.25-02.06.25:864][  0]LogMemory: Virtual Memory: 378.59 MB used, 134217728.00 MB total
[2016.01.25-02.06.26:257][  0]LogTextLocalizationManager: No specific translations for ('en-US') exist, so ('en') translations will be used.
[2016.01.25-02.06.26:938][  0]LogD3D11RHI: Found D3D11 adapter 0: AMD Radeon (TM) R9 380 Series (Feature Level 11_0)
[2016.01.25-02.06.26:938][  0]LogD3D11RHI: Adapter has 4073MB of dedicated video memory, 0MB of dedicated system memory, and 4070MB of shared system memory, 1 output[s]
[2016.01.25-02.06.26:940][  0]LogD3D11RHI: Found D3D11 adapter 1: Microsoft Basic Render Driver (Feature Level 11_0)
[2016.01.25-02.06.26:940][  0]LogD3D11RHI: Adapter has 0MB of dedicated video memory, 0MB of dedicated system memory, and 4070MB of shared system memory, 0 output[s]
[2016.01.25-02.06.26:941][  0]LogD3D11RHI: Chosen D3D11 Adapter Id = 0
[2016.01.25-02.06.26:946][  0]LogD3D11RHI: !Direct3DDevice
[2016.01.25-02.06.26:946][  0]LogRHI: Texture pool is 1361 MB (70% of 1945 MB)
[2016.01.25-02.06.26:965][  0]LogD3D11RHI: Async texture creation disabled: no driver support
[2016.01.25-02.06.26:976][  0]LogShaderCompilers: Guid format shader working directory is 10 characters bigger than the processId version (../../../../../Unreal Projects/Wayfarer/Intermediate/Shaders/WorkingDirectory/2528/).
[2016.01.25-02.06.26:976][  0]LogShaderCompilers: Cleaned the shader compiler working directory 'C:/Users/Dzshiftt/AppData/Local/Temp/UnrealShaderWorkingDir/855A33284123885ADCB089A161A421C2/'.
[2016.01.25-02.06.26:976][  0]LogShaderCompilers:Display: Using Local Shader Compiler.
[2016.01.25-02.06.29:290][  0]LogTemp:Display: Loaded TP AllDesktopTargetPlatform
[2016.01.25-02.06.29:296][  0]LogTemp:Display: Loaded TP WindowsClientTargetPlatform
[2016.01.25-02.06.29:303][  0]LogTemp:Display: Loaded TP WindowsNoEditorTargetPlatform
[2016.01.25-02.06.29:309][  0]LogTemp:Display: Loaded TP WindowsServerTargetPlatform
[2016.01.25-02.06.29:316][  0]LogTemp:Display: Loaded TP WindowsTargetPlatform
[2016.01.25-02.06.29:324][  0]LogTemp:Display: Loaded TP AndroidTargetPlatform
[2016.01.25-02.06.29:340][  0]LogTemp:Display: Loaded TP Android_ASTCTargetPlatform
[2016.01.25-02.06.29:369][  0]LogTemp:Display: Loaded TP Android_ATCTargetPlatform
[2016.01.25-02.06.29:374][  0]LogTemp:Display: Loaded TP Android_DXTTargetPlatform
[2016.01.25-02.06.29:397][  0]LogTemp:Display: Loaded TP Android_ETC1TargetPlatform
[2016.01.25-02.06.29:407][  0]LogTemp:Display: Loaded TP Android_ETC2TargetPlatform
[2016.01.25-02.06.29:463][  0]LogTemp:Display: Loaded TP Android_MultiTargetPlatform
[2016.01.25-02.06.29:463][  0]LogTemp:Display: Loaded TP Android_PVRTCTargetPlatform
[2016.01.25-02.06.29:464][  0]LogTemp:Display: Loaded TP HTML5TargetPlatform
[2016.01.25-02.06.29:569][  0]LogTemp:Display: Loaded TP IOSTargetPlatform
[2016.01.25-02.06.29:577][  0]LogTemp:Display: Loaded TP LinuxNoEditorTargetPlatform
[2016.01.25-02.06.29:585][  0]LogTemp:Display: Loaded TP LinuxServerTargetPlatform
[2016.01.25-02.06.29:607][  0]LogTemp:Display: Loaded TP LinuxTargetPlatform
[2016.01.25-02.06.29:607][  0]LogTargetPlatformManager:Display: Building Assets For Windows
[2016.01.25-02.06.30:547][  0]LogDerivedDataCache:Display: Max Cache Size: 512 MB
[2016.01.25-02.06.30:878][  0]LogDerivedDataCache: Loaded boot cache 0.33s 41MB C:/Users/Dzshiftt/AppData/Local/UnrealEngine/4.10/DerivedDataCache/Boot.ddc.
[2016.01.25-02.06.30:878][  0]LogDerivedDataCache:Display: Loaded Boot cache: C:/Users/Dzshiftt/AppData/Local/UnrealEngine/4.10/DerivedDataCache/Boot.ddc
[2016.01.25-02.06.30:878][  0]LogDerivedDataCache: FDerivedDataBackendGraph:  Pak pak cache file ../../../../../Unreal Projects/Wayfarer/DerivedDataCache/DDC.ddp not found, will not use a pak cache.
[2016.01.25-02.06.30:878][  0]LogDerivedDataCache: Unable to find inner node Pak for hierarchical cache Hierarchy.
[2016.01.25-02.06.30:878][  0]LogDerivedDataCache: FDerivedDataBackendGraph:  CompressedPak pak cache file ../../../../../Unreal Projects/Wayfarer/DerivedDataCache/Compressed.ddp not found, will not use a pak cache.
[2016.01.25-02.06.30:879][  0]LogDerivedDataCache: Unable to find inner node CompressedPak for hierarchical cache Hierarchy.
[2016.01.25-02.06.30:988][  0]LogDerivedDataCache:Display: Pak cache opened for reading ../../../Engine/DerivedDataCache/Compressed.ddp.
[2016.01.25-02.06.31:000][  0]LogDerivedDataCache: Using Local data cache path C:/Users/Dzshiftt/AppData/Local/UnrealEngine/Common/DerivedDataCache: Writable
[2016.01.25-02.06.40:834][  0]LogInit: Selected Device Profile: [Windows]
[2016.01.25-02.06.40:924][  0]LogContentStreaming: Texture pool size is 0.000000MB
[2016.01.25-02.06.42:527][  0]LogMeshUtilities: No automatic mesh reduction module available
[2016.01.25-02.06.42:527][  0]LogMeshUtilities: No automatic mesh merging module available
[2016.01.25-02.06.45:587][  0]LogInit: WinSock: version 1.1 (2.2), MaxSocks=32767, MaxUdp=65467
[2016.01.25-02.06.54:492][  0]UdpMessaging: Initializing bridge on interface 0.0.0.0:0 to multicast group 230.0.0.1:6666.
[2016.01.25-02.06.54:956][  0]LogAssetRegistry: FAssetRegistry took 0.0288 seconds to start up
[2016.01.25-02.06.57:047][  0]SourceControl: Info Source control is disabled
[2016.01.25-02.06.57:056][  0]SourceControl: Info Source control is disabled
[2016.01.25-02.06.57:128][  0]SourceControl: Info Source control is disabled
[2016.01.25-02.06.57:169][  0]SourceControl: Info Source control is disabled
[2016.01.25-02.06.58:049][  0]LogObj: 28633 objects as part of root set at end of initial load.
[2016.01.25-02.06.58:049][  0]LogUObjectAllocator: 6099752 out of 0 bytes used by permanent object pool.
[2016.01.25-02.06.58:852][  0]LogEngine: Initializing Engine...
[2016.01.25-02.06.58:907][  0]LogHMD: Can't find Oculus library dev build: is proper Runtime installed? Version: 0.8.0.0
[2016.01.25-02.06.58:936][  0]LogHMD: SteamVR failed to initialize.  Err: 110
[2016.01.25-02.07.00:057][  0]LogAIModule: Creating AISystem for world NewWorld
[2016.01.25-02.07.00:213][  0]LogInit: XAudio2 using 'Headphones (2- High Definition Audio Device)' : 2 channels at 44.1 kHz using 16 bits per sample (channel mask 0x3)
[2016.01.25-02.07.00:240][  0]LogInit: FAudioDevice initialized.
[2016.01.25-02.07.00:289][  0]LogDerivedDataCache: Saved boot cache 0.05s 41MB C:/Users/Dzshiftt/AppData/Local/UnrealEngine/4.10/DerivedDataCache/Boot.ddc.
[2016.01.25-02.07.00:307][  0]LogInit: Texture streaming: Enabled
[2016.01.25-02.07.00:374][  0]LogAnalytics: Creating configured Analytics provider AnalyticsET
[2016.01.25-02.07.00:391][  0]LogAnalytics: [UEEditor.Rocket.Release] APIServer = http://et2.epicgames.com/ET2/. AppVersion = 4.10.2-2818068+++depot+UE4-Releases+4.10
[2016.01.25-02.07.00:391][  0]LogAnalytics: [UEEditor.Rocket.Release] SetUserId d7e8d415469c53732bb00cb8e6f11f39|73d82322a7c548e3bff0f196fe589cb3|3fab6c02-6e8d-4e3a-92bc-ec38873d9ff2
[2016.01.25-02.07.00:416][  0]LogAnalytics: [UEEditor.Rocket.Release] AnalyticsET::StartSession
[2016.01.25-02.07.00:569][  0]LogInit: Transaction tracking system initialized
[2016.01.25-02.07.00:949][  0]BlueprintLog: New page: Editor Load
[2016.01.25-02.07.02:416][  0]LocalizationService: Info Localization service is disabled
[2016.01.25-02.07.03:081][  0]LogConsoleResponse:Display: 
[2016.01.25-02.07.05:579][  0]LogFileCache: Scanning file cache for directory 'D:/Unreal Projects/Wayfarer/Content/' took 0.05s
[2016.01.25-02.07.05:579][  0]LogCook:Display: Done creating registry. It took  0.00s.
[2016.01.25-02.07.06:206][  0]SourceControl: Info Source control is disabled
[2016.01.25-02.07.06:218][  0]Cmd: MAP LOAD FILE="../../../../../Unreal Projects/Wayfarer/Content/ThirdPersonBP/Maps/ThirdPersonExampleMap.umap" TEMPLATE=0 SHOWPROGRESS=1 FEATURELEVEL=3
[2016.01.25-02.07.06:281][  0]LightingResults: New page: Lighting Build
[2016.01.25-02.07.06:404][  0]MapCheck: New page: Map Check
[2016.01.25-02.07.06:405][  0]LightingResults: New page: Lighting Build
[2016.01.25-02.07.06:668][  0]LogParticles: Destroying 0 GPU particle simulations for FXSystem 0x000000FEDA22EAC0
[2016.01.25-02.07.09:367][  0]LogAIModule: Creating AISystem for world ThirdPersonExampleMap
[2016.01.25-02.07.09:914][  0]LogEditorServer: Finished looking for orphan Actors (0.000 secs)
[2016.01.25-02.07.09:959][  0]Cmd: MAP CHECKDEP NOCLEARLOG
[2016.01.25-02.07.10:037][  0]MapCheck: Info Map check complete: 0 Error(s), 0 Warning(s), took 77.613ms to complete.
[2016.01.25-02.07.10:037][  0]LogFileHelpers: Loading map 'ThirdPersonExampleMap' took 3.820
[2016.01.25-02.07.11:597][  0]LogCollectionManager: Loaded 0 collections in 0.002936 seconds
[2016.01.25-02.07.11:745][  0]LogFileCache: Scanning file cache for directory 'D:/Unreal Projects/Wayfarer/Saved/Collections/' took 0.01s
[2016.01.25-02.07.11:745][  0]LogFileCache: Scanning file cache for directory 'D:/Unreal Projects/Wayfarer/Content/Developers/Dzshiftt/Collections/' took 0.01s
[2016.01.25-02.07.11:745][  0]LogFileCache: Scanning file cache for directory 'D:/Unreal Projects/Wayfarer/Content/Collections/' took 0.01s
[2016.01.25-02.07.11:745][  0]LogCollectionManager: Rebuilt the GUID cache for 0 collections in 0.000002 seconds
[2016.01.25-02.07.11:784][  0]LogContentBrowser: Native class hierarchy populated in 0.0384 seconds. Added 1893 classes and 338 folders.
[2016.01.25-02.07.11:894][  0]LogContentBrowser: Native class hierarchy updated for 'WidgetCarousel' in 0.0008 seconds. Added 0 classes and 0 folders.
[2016.01.25-02.07.12:631][  0]LogContentBrowser: Native class hierarchy updated for 'AddContentDialog' in 0.0008 seconds. Added 0 classes and 0 folders.
[2016.01.25-02.07.12:706][  0]LogContentBrowser: Native class hierarchy updated for 'SceneOutliner' in 0.0006 seconds. Added 1 classes and 2 folders.
[2016.01.25-02.07.13:206][  0]LogCrashTracker: Crashtracker disabled due to settings.
[2016.01.25-02.07.13:375][  0]LogUObjectGlobals:Warning: Failed to find object 'Class None.'
[2016.01.25-02.07.13:458][  0]LogLoad: Full Startup: 49.10 seconds (BP compile: 0.55 seconds)
[2016.01.25-02.07.13:863][  0]LogOcInput: Can't find Oculus library dev build: is proper Runtime installed? Version: 0.8.0.0
[2016.01.25-02.07.14:244][  0]LogContentStreaming: Texture pool size now 1000 MB
[2016.01.25-02.07.14:939][  0]LogRenderer: Reallocating scene render targets to support 1208x572 (Frame:2).
[2016.01.25-02.07.18:049][  8]LogAssetRegistry: Asset discovery search completed in 23.1039 seconds
[2016.01.25-02.07.18:071][  8]LogCollectionManager: Rebuilt the object cache for 0 collections in 0.000001 seconds (found 0 objects)
[2016.01.25-02.07.18:079][  8]LogCollectionManager: Fixed up redirectors for 0 collections in 0.029213 seconds (updated 0 objects)
[2016.01.25-02.10.19:571][836]Cmd: MAP LOAD FILE="../../../../../Unreal Projects/Wayfarer/Content/Collections/PVP_ARENA.umap" TEMPLATE=0 SHOWPROGRESS=1 FEATURELEVEL=3
[2016.01.25-02.10.19:592][836]LightingResults: New page: Lighting Build
[2016.01.25-02.10.19:610][836]LoadErrors: New page: Loading map: PVP_ARENA.umap
[2016.01.25-02.10.19:752][836]MapCheck: New page: Map Check
[2016.01.25-02.10.19:752][836]LightingResults: New page: Lighting Build
[2016.01.25-02.10.19:829][836]LogParticles: Destroying 0 GPU particle simulations for FXSystem 0x000000FEC9529580
[2016.01.25-02.10.21:219][836]LogAIModule: Creating AISystem for world PVP_ARENA
[2016.01.25-02.10.21:289][836]LogEditorServer: Finished looking for orphan Actors (0.000 secs)
[2016.01.25-02.10.21:347][836]Cmd: MAP CHECKDEP NOCLEARLOG
[2016.01.25-02.10.21:423][836]MapCheck: Info Map check complete: 0 Error(s), 0 Warning(s), took 76.025ms to complete.
[2016.01.25-02.10.21:423][836]LogFileHelpers: Loading map 'PVP_ARENA' took 1.893
[2016.01.25-02.10.36:594][430]LogRenderer: Reallocating scene render targets to support 1452x572 (Frame:1651).
[2016.01.25-02.10.41:425][895]LogPlayLevel: PlayLevel: No blueprints needed recompiling
[2016.01.25-02.10.41:454][895]PIE: New page: PIE session: PVP_ARENA (Jan 24, 2016, 12:10:41 PM)
[2016.01.25-02.10.41:495][895]LogPlayLevel: Creating play world package: /Game/Collections/UEDPIE_0_PVP_ARENA
[2016.01.25-02.10.41:553][895]LogPlayLevel: PIE: StaticDuplicateObject took: (0.057893s)
[2016.01.25-02.10.41:554][895]LogAIModule: Creating AISystem for world PVP_ARENA
[2016.01.25-02.10.41:554][895]LogPlayLevel: PIE: World Init took: (0.000960s)
[2016.01.25-02.10.41:555][895]LogPlayLevel: PIE: Created PIE world by copying editor world from /Game/Collections/PVP_ARENA.PVP_ARENA to /Game/Collections/UEDPIE_0_PVP_ARENA.PVP_ARENA (0.075874s)
[2016.01.25-02.10.41:619][895]LogInit: XAudio2 using 'Headphones (2- High Definition Audio Device)' : 2 channels at 44.1 kHz using 16 bits per sample (channel mask 0x3)
[2016.01.25-02.10.41:627][895]LogInit: FAudioDevice initialized.
[2016.01.25-02.10.41:888][895]LogWorld: Game class is 'ThirdPersonGameMode_C'
[2016.01.25-02.10.41:989][895]LogWorld: Bringing World /Game/Collections/UEDPIE_0_PVP_ARENA.PVP_ARENA up for play (max tick rate 0) at 2016.01.24-19.10.41
[2016.01.25-02.10.41:989][895]LogActor:Warning: GameSession /Game/Collections/UEDPIE_0_PVP_ARENA.PVP_ARENA:PersistentLevel.GameSession_0 has natively added scene component(s), but none of them were set as the actor's RootComponent - picking one arbitrarily
[2016.01.25-02.10.41:989][895]LogActor:Warning: GameNetworkManager /Game/Collections/UEDPIE_0_PVP_ARENA.PVP_ARENA:PersistentLevel.GameNetworkManager_0 has natively added scene component(s), but none of them were set as the actor's RootComponent - picking one arbitrarily
[2016.01.25-02.10.41:996][895]LogWorld: Bringing up level for play took: 0.011623
[2016.01.25-02.10.42:215][895]PIE: Info Play in editor start time for /Game/Collections/UEDPIE_0_PVP_ARENA -0.068
[2016.01.25-02.10.58:340][476]Set new viewmode: Wireframe
[2016.01.25-02.10.59:042][550]Set new viewmode: Wireframe
[2016.01.25-02.10.59:938][644]Set new viewmode: Lit
[2016.01.25-02.12.12:885][254]LogParticles: Destroying 0 GPU particle simulations for FXSystem 0x000000FECA11D620
[2016.01.25-02.13.39:612][492]MapCheck: New page: Map Check
[2016.01.25-02.13.39:799][492]Cmd: MAP REBUILD ALLVISIBLE
[2016.01.25-02.13.39:807][492]LogEditorServer: Rebuildmap Clear paths rebuilt
[2016.01.25-02.13.40:023][492]LightingResults: New page: Lighting Build - Jan 24, 2016, 12:13:40 PM
[2016.01.25-02.13.43:469][492]LightingResults:Warning: Performance Warning No importance volume found and the scene is so large that the automatically synthesized volume will not yield good results.  Please add a tightly bounding lightmass importance volume to optimize your scene's quality and lighting build times.
[2016.01.25-02.13.43:470][492]LogStaticLightingSystem: Running Lightmass w/ ImmediateImport mode ENABLED
[2016.01.25-02.13.43:470][492]LogStaticLightingSystem: Running Lightmass w/ ImmediateProcess mode ENABLED
[2016.01.25-02.13.43:470][492]LogStaticLightingSystem: Running Lightmass w/ Sorting mode ENABLED
[2016.01.25-02.13.43:470][492]LogStaticLightingSystem: Running Lightmass w/ Mapping paddings ENABLED
[2016.01.25-02.13.43:470][492]LogStaticLightingSystem: Running Lightmass w/ Mapping debug paddings DISABLED
[2016.01.25-02.13.43:673][492]LogEditorBuildUtils: Build time 0:00:04
[2016.01.25-02.13.43:847][495]LogMaterial: Missing cached shader map for material FLightmassMaterialRenderer Jaged_Fresnel_Blu, compiling. 
[2016.01.25-02.13.44:037][495]LogMaterial: Missing cached shader map for material FLightmassMaterialRenderer Jaged_Fresnel_Blu, compiling. 
[2016.01.25-02.13.54:328][532]LightingResults:Error: Error MAt_Test Object has overlapping UVs.
[2016.01.25-02.13.54:328][532]LightingResults: Info MAt_Test Lightmap UV are overlapping by 4.8%. Please adjust content - Enable Error Coloring to visualize.
[2016.01.25-02.13.55:995][537]LightingResults:Error: Error PVP_MAP Object has overlapping UVs.
[2016.01.25-02.13.55:995][537]LightingResults: Info PVP_MAP Lightmap UV are overlapping by 5.6%. Please adjust content - Enable Error Coloring to visualize.
[2016.01.25-02.14.10:336][580]LightingResults:Error: Error MAt_Test Object has overlapping UVs.
[2016.01.25-02.14.10:336][580]LightingResults: Info MAt_Test Lightmap UV are overlapping by 4.8%. Please adjust content - Enable Error Coloring to visualize.
[2016.01.25-02.14.15:337][595]LightingResults:Error: Error PVP_MAP Object has overlapping UVs.
[2016.01.25-02.14.15:337][595]LightingResults: Info PVP_MAP Lightmap UV are overlapping by 5.6%. Please adjust content - Enable Error Coloring to visualize.
[2016.01.25-02.14.27:436][676]Job is a success!
[2016.01.25-02.14.27:982][677]LogTexture:Display: Building textures: HQ_Lightmap1_1 (AutoDXT)
[2016.01.25-02.14.28:459][677]LogTexture:Display: Building textures: LQ_Lightmap_1_9 (DXT1)
[2016.01.25-02.14.28:493][677]LogTexture:Display: Building textures: HQ_Lightmap1_9 (AutoDXT)
[2016.01.25-02.14.28:536][677]LogTexture:Display: Building textures: LQ_Lightmap_1_8 (DXT1)
[2016.01.25-02.14.28:573][677]LogTexture:Display: Building textures: HQ_Lightmap1_8 (AutoDXT)
[2016.01.25-02.14.28:630][677]LogTexture:Display: Building textures: LQ_Lightmap_1_7 (DXT1)
[2016.01.25-02.14.28:679][677]LogTexture:Display: Building textures: HQ_Lightmap1_7 (AutoDXT)
[2016.01.25-02.14.28:724][677]LogTexture:Display: Building textures: LQ_Lightmap_1_6 (DXT1)
[2016.01.25-02.14.28:761][677]LogTexture:Display: Building textures: HQ_Lightmap1_6 (AutoDXT)
[2016.01.25-02.14.28:805][677]LogTexture:Display: Building textures: LQ_Lightmap_1_5 (DXT1)
[2016.01.25-02.14.28:955][677]LogTexture:Display: Building textures: HQ_Lightmap1_5 (AutoDXT)
[2016.01.25-02.14.29:158][677]LogTexture:Display: Building textures: LQ_Lightmap_1_4 (DXT1)
[2016.01.25-02.14.29:205][677]LogTexture:Display: Building textures: HQ_Lightmap1_4 (AutoDXT)
[2016.01.25-02.14.29:250][677]LogTexture:Display: Building textures: LQ_Lightmap_1_3 (DXT1)
[2016.01.25-02.14.29:300][677]LogTexture:Display: Building textures: HQ_Lightmap1_3 (AutoDXT)
[2016.01.25-02.14.29:344][677]LogTexture:Display: Building textures: LQ_Lightmap_1_2 (DXT1)
[2016.01.25-02.14.29:381][677]LogTexture:Display: Building textures: HQ_Lightmap1_2 (AutoDXT)
[2016.01.25-02.14.29:425][677]LogTexture:Display: Building textures: LQ_Lightmap_1_1 (DXT1)
[2016.01.25-02.14.29:768][677]LogTexture:Display: Building textures: ShadowMapTexture2D_0 (G8)
[2016.01.25-02.14.29:779][677]LogTexture:Display: Building textures: ShadowMapTexture2D_1 (G8)
[2016.01.25-02.14.29:790][677]LogTexture:Display: Building textures: ShadowMapTexture2D_2 (G8)
[2016.01.25-02.14.29:800][677]LogTexture:Display: Building textures: ShadowMapTexture2D_3 (G8)
[2016.01.25-02.14.29:835][677]LogTexture:Display: Building textures: ShadowMapTexture2D_4 (G8)
[2016.01.25-02.14.29:848][677]LogTexture:Display: Building textures: ShadowMapTexture2D_5 (G8)
[2016.01.25-02.14.29:860][677]LogTexture:Display: Building textures: ShadowMapTexture2D_6 (G8)
[2016.01.25-02.14.29:870][677]LogTexture:Display: Building textures: ShadowMapTexture2D_7 (G8)
[2016.01.25-02.14.29:880][677]LogTexture:Display: Building textures: ShadowMapTexture2D_8 (G8)
[2016.01.25-02.14.29:891][677]LogTexture:Display: Building textures: ShadowMapTexture2D_9 (G8)
[2016.01.25-02.14.29:926][677]LogTexture:Display: Building textures: ShadowMapTexture2D_10 (G8)
[2016.01.25-02.14.29:938][677]LogTexture:Display: Building textures: ShadowMapTexture2D_11 (G8)
[2016.01.25-02.14.29:949][677]LogTexture:Display: Building textures: ShadowMapTexture2D_12 (G8)
[2016.01.25-02.14.30:028][677]Lightmass on DESKTOP-D4B59PR: 42.8 sec total, 286 ms importing, 36 ms setup, 5.47 sec photons, 37.0 sec processing, 0 ms extra exporting [31/31 mappings]. Threads: 4:19 min total, 3:09 min processing.
[2016.01.25-02.14.30:163][677]LogStaticLightingSystem: Illumination: 50.0 sec (2.12 sec encoding lightmaps)
[2016.01.25-02.14.30:163][677]LogStaticLightingSystem: Lightmap texture memory:  0.6 MB (0.6 MB streaming, 0.0 MB non-streaming), 18 textures
[2016.01.25-02.14.30:163][677]LogStaticLightingSystem: Shadowmap texture memory: 0.2 MB (0.2 MB streaming, 0.0 MB non-streaming), 13 textures
[2016.01.25-02.14.30:512][678]Cmd: MAP CHECK NOTIFYRESULTS
[2016.01.25-02.14.30:513][678]MapCheck: New page: PVP_ARENA - Jan 24, 2016, 12:14:30 PM
[2016.01.25-02.14.30:570][678]MapCheck:Warning: Warning Blade_X_131 1 element(s) with zero triangles in static mesh 'Blade_X' 
[2016.01.25-02.14.30:783][678]MapCheck: Info Map check complete: 0 Error(s), 1 Warning(s), took 270.374ms to complete.
[2016.01.25-02.19.29:725][588]LogRenderer: Reallocating scene render targets to support 1452x912 (Frame:29131).
[2016.01.25-02.19.51:826][103]Cmd: OBJ SAVEPACKAGE PACKAGE="/Game/Materials/Jaged_Fresnel_Gren" FILE="../../../../../Unreal Projects/Wayfarer/Content/Materials/Jaged_Fresnel_Gren.uasset" SILENT=true
[2016.01.25-02.19.51:978][103]LogSavePackage: Save=94.649185ms
[2016.01.25-02.19.51:978][103]LogSavePackage: Moving '../../../../../Unreal Projects/Wayfarer/Saved/Jaged_Fresnel_Gren2B8518EF4B916D297694A2BD4D6470C3.tmp' to '../../../../../Unreal Projects/Wayfarer/Content/Materials/Jaged_Fresnel_Gren.uasset'
[2016.01.25-02.19.51:983][103]LogSavePackage: Total save time: 138.736352ms
[2016.01.25-02.19.51:983][103]LogSavePackage:Display: Finished SavePackage ../../../../../Unreal Projects/Wayfarer/Content/Materials/Jaged_Fresnel_Gren.uasset
[2016.01.25-02.20.26:075][919]Cmd: TRANSACTION UNDO
[2016.01.25-02.20.26:075][919]LogEditorTransaction: Undo Create Actors
[2016.01.25-02.20.30:259][223]Cmd: TRANSACTION UNDO
[2016.01.25-02.20.30:259][223]LogEditorTransaction: Undo Create Actors
[2016.01.25-02.20.34:854][584]Cmd: TRANSACTION UNDO
[2016.01.25-02.20.34:854][584]LogEditorTransaction: Undo Create Actors
[2016.01.25-02.21.14:172][503]LogActorFactory: Actor Factory created pistol
[2016.01.25-02.21.15:033][575]LogActorFactory: Actor Factory created pistol
[2016.01.25-02.21.24:738][353]LogActorFactory: Actor Factory created SR
[2016.01.25-02.21.25:467][414]LogActorFactory: Actor Factory created SR
[2016.01.25-02.21.33:934][ 34]LogActorFactory: Actor Factory created AR
[2016.01.25-02.21.34:591][ 79]LogActorFactory: Actor Factory created AR
[2016.01.25-02.23.41:478][734]MapCheck: New page: Map Check
[2016.01.25-02.23.41:493][734]Cmd: MAP REBUILD ALLVISIBLE
[2016.01.25-02.23.41:494][734]LogEditorServer: Rebuildmap Clear paths rebuilt
[2016.01.25-02.23.41:506][734]LightingResults: New page: Lighting Build - Jan 24, 2016, 12:23:41 PM
[2016.01.25-02.23.46:127][734]LightingResults:Warning: Performance Warning No importance volume found and the scene is so large that the automatically synthesized volume will not yield good results.  Please add a tightly bounding lightmass importance volume to optimize your scene's quality and lighting build times.
[2016.01.25-02.23.46:127][734]LogStaticLightingSystem: Running Lightmass w/ ImmediateImport mode ENABLED
[2016.01.25-02.23.46:127][734]LogStaticLightingSystem: Running Lightmass w/ ImmediateProcess mode ENABLED
[2016.01.25-02.23.46:127][734]LogStaticLightingSystem: Running Lightmass w/ Sorting mode ENABLED
[2016.01.25-02.23.46:127][734]LogStaticLightingSystem: Running Lightmass w/ Mapping paddings ENABLED
[2016.01.25-02.23.46:127][734]LogStaticLightingSystem: Running Lightmass w/ Mapping debug paddings DISABLED
[2016.01.25-02.23.46:241][734]LogEditorBuildUtils: Build time 0:00:04
[2016.01.25-02.23.46:406][737]LogParticles: Destroying 0 GPU particle simulations for FXSystem 0x000000FEC6CFE5C0
[2016.01.25-02.23.57:367][590]LightingResults:Error: Error PVP_MAP Object has overlapping UVs.
[2016.01.25-02.23.57:367][590]LightingResults: Info PVP_MAP Lightmap UV are overlapping by 5.6%. Please adjust content - Enable Error Coloring to visualize.
[2016.01.25-02.24.00:287][747]LightingResults:Error: Error MAt_Test Object has overlapping UVs.
[2016.01.25-02.24.00:287][747]LightingResults: Info MAt_Test Lightmap UV are overlapping by 4.8%. Please adjust content - Enable Error Coloring to visualize.
[2016.01.25-02.24.13:224][271]LightingResults:Error: Error SR Object has overlapping UVs.
[2016.01.25-02.24.13:224][271]LightingResults: Info SR Lightmap UV are overlapping by 2.2%. Please adjust content - Enable Error Coloring to visualize.
[2016.01.25-02.24.14:613][352]LogEditorViewport: Clicking Background
[2016.01.25-02.24.17:264][563]LightingResults:Error: Error AR Object has overlapping UVs.
[2016.01.25-02.24.17:264][563]LightingResults: Info AR Lightmap UV are overlapping by 20.1%. Please adjust content - Enable Error Coloring to visualize.
[2016.01.25-02.24.19:502][752]LightingResults:Error: Error PVP_MAP Object has overlapping UVs.
[2016.01.25-02.24.19:502][752]LightingResults: Info PVP_MAP Lightmap UV are overlapping by 5.6%. Please adjust content - Enable Error Coloring to visualize.
[2016.01.25-02.24.26:456][420]LightingResults:Error: Error MAt_Test Object has overlapping UVs.
[2016.01.25-02.24.26:456][420]LightingResults: Info MAt_Test Lightmap UV are overlapping by 4.8%. Please adjust content - Enable Error Coloring to visualize.
[2016.01.25-02.24.43:686][420]Job is a success!
[2016.01.25-02.24.43:838][421]LogTexture:Display: Building textures: HQ_Lightmap0_1 (AutoDXT)
[2016.01.25-02.24.44:028][421]LogTexture:Display: Building textures: LQ_Lightmap_0_9 (DXT1)
[2016.01.25-02.24.44:043][421]LogTexture:Display: Building textures: HQ_Lightmap0_9 (AutoDXT)
[2016.01.25-02.24.44:059][421]LogTexture:Display: Building textures: LQ_Lightmap_0_8 (DXT1)
[2016.01.25-02.24.44:074][421]LogTexture:Display: Building textures: HQ_Lightmap0_8 (AutoDXT)
[2016.01.25-02.24.44:091][421]LogTexture:Display: Building textures: LQ_Lightmap_0_7 (DXT1)
[2016.01.25-02.24.44:105][421]LogTexture:Display: Building textures: HQ_Lightmap0_7 (AutoDXT)
[2016.01.25-02.24.44:122][421]LogTexture:Display: Building textures: LQ_Lightmap_0_6 (DXT1)
[2016.01.25-02.24.44:136][421]LogTexture:Display: Building textures: HQ_Lightmap0_6 (AutoDXT)
[2016.01.25-02.24.44:153][421]LogTexture:Display: Building textures: LQ_Lightmap_0_5 (DXT1)
[2016.01.25-02.24.44:208][421]LogTexture:Display: Building textures: HQ_Lightmap0_5 (AutoDXT)
[2016.01.25-02.24.44:311][421]LogTexture:Display: Building textures: LQ_Lightmap_0_4 (DXT1)
[2016.01.25-02.24.44:327][421]LogTexture:Display: Building textures: HQ_Lightmap0_4 (AutoDXT)
[2016.01.25-02.24.44:346][421]LogTexture:Display: Building textures: LQ_Lightmap_0_3 (DXT1)
[2016.01.25-02.24.44:359][421]LogTexture:Display: Building textures: HQ_Lightmap0_3 (AutoDXT)
[2016.01.25-02.24.44:377][421]LogTexture:Display: Building textures: LQ_Lightmap_0_2 (DXT1)
[2016.01.25-02.24.44:390][421]LogTexture:Display: Building textures: HQ_Lightmap0_2 (AutoDXT)
[2016.01.25-02.24.44:407][421]LogTexture:Display: Building textures: LQ_Lightmap_0_1 (DXT1)
[2016.01.25-02.24.44:550][421]LogTexture:Display: Building textures: ShadowMapTexture2D_13 (G8)
[2016.01.25-02.24.44:554][421]LogTexture:Display: Building textures: ShadowMapTexture2D_14 (G8)
[2016.01.25-02.24.44:558][421]LogTexture:Display: Building textures: ShadowMapTexture2D_15 (G8)
[2016.01.25-02.24.44:562][421]LogTexture:Display: Building textures: ShadowMapTexture2D_16 (G8)
[2016.01.25-02.24.44:566][421]LogTexture:Display: Building textures: ShadowMapTexture2D_17 (G8)
[2016.01.25-02.24.44:580][421]LogTexture:Display: Building textures: ShadowMapTexture2D_18 (G8)
[2016.01.25-02.24.44:586][421]LogTexture:Display: Building textures: ShadowMapTexture2D_19 (G8)
[2016.01.25-02.24.44:590][421]LogTexture:Display: Building textures: ShadowMapTexture2D_20 (G8)
[2016.01.25-02.24.44:594][421]LogTexture:Display: Building textures: ShadowMapTexture2D_21 (G8)
[2016.01.25-02.24.44:599][421]LogTexture:Display: Building textures: ShadowMapTexture2D_22 (G8)
[2016.01.25-02.24.44:612][421]LogTexture:Display: Building textures: ShadowMapTexture2D_23 (G8)
[2016.01.25-02.24.44:617][421]LogTexture:Display: Building textures: ShadowMapTexture2D_24 (G8)
[2016.01.25-02.24.44:621][421]LogTexture:Display: Building textures: ShadowMapTexture2D_25 (G8)
[2016.01.25-02.24.44:633][421]Lightmass on DESKTOP-D4B59PR: 57.7 sec total, 238 ms importing, 47 ms setup, 6.63 sec photons, 50.8 sec processing, 0 ms extra exporting [34/34 mappings]. Threads: 5:55 min total, 4:20 min processing.
[2016.01.25-02.24.44:665][421]LogStaticLightingSystem: Illumination: 1:03 min (832 ms encoding lightmaps)
[2016.01.25-02.24.44:665][421]LogStaticLightingSystem: Lightmap texture memory:  0.6 MB (0.6 MB streaming, 0.0 MB non-streaming), 18 textures
[2016.01.25-02.24.44:665][421]LogStaticLightingSystem: Shadowmap texture memory: 0.4 MB (0.4 MB streaming, 0.0 MB non-streaming), 26 textures
[2016.01.25-02.24.45:164][422]Cmd: MAP CHECK NOTIFYRESULTS
[2016.01.25-02.24.45:164][422]MapCheck: New page: PVP_ARENA - Jan 24, 2016, 12:24:45 PM
[2016.01.25-02.24.45:179][422]MapCheck:Warning: Warning Blade_X_131 1 element(s) with zero triangles in static mesh 'Blade_X' 
[2016.01.25-02.24.45:261][422]MapCheck: Info Map check complete: 0 Error(s), 1 Warning(s), took 96.755ms to complete.
[2016.01.25-02.24.51:320][993]LogPlayLevel: PlayLevel: No blueprints needed recompiling
[2016.01.25-02.24.51:320][993]PIE: New page: PIE session: PVP_ARENA (Jan 24, 2016, 12:24:51 PM)
[2016.01.25-02.24.51:321][993]LogPlayLevel: Creating play world package: /Game/Collections/UEDPIE_0_PVP_ARENA
[2016.01.25-02.24.51:330][993]LogPlayLevel: PIE: StaticDuplicateObject took: (0.009228s)
[2016.01.25-02.24.51:331][993]LogAIModule: Creating AISystem for world PVP_ARENA
[2016.01.25-02.24.51:331][993]LogPlayLevel: PIE: World Init took: (0.001121s)
[2016.01.25-02.24.51:331][993]LogPlayLevel: PIE: Created PIE world by copying editor world from /Game/Collections/PVP_ARENA.PVP_ARENA to /Game/Collections/UEDPIE_0_PVP_ARENA.PVP_ARENA (0.010583s)
[2016.01.25-02.24.51:354][993]LogInit: XAudio2 using 'Headphones (2- High Definition Audio Device)' : 2 channels at 44.1 kHz using 16 bits per sample (channel mask 0x3)
[2016.01.25-02.24.51:362][993]LogInit: FAudioDevice initialized.
[2016.01.25-02.24.51:397][993]LogWorld: Game class is 'ThirdPersonGameMode_C'
[2016.01.25-02.24.51:403][993]LogWorld: Bringing World /Game/Collections/UEDPIE_0_PVP_ARENA.PVP_ARENA up for play (max tick rate 0) at 2016.01.24-19.24.51
[2016.01.25-02.24.51:403][993]LogActor:Warning: GameSession /Game/Collections/UEDPIE_0_PVP_ARENA.PVP_ARENA:PersistentLevel.GameSession_1 has natively added scene component(s), but none of them were set as the actor's RootComponent - picking one arbitrarily
[2016.01.25-02.24.51:403][993]LogActor:Warning: GameNetworkManager /Game/Collections/UEDPIE_0_PVP_ARENA.PVP_ARENA:PersistentLevel.GameNetworkManager_1 has natively added scene component(s), but none of them were set as the actor's RootComponent - picking one arbitrarily
[2016.01.25-02.24.51:404][993]LogWorld: Bringing up level for play took: 0.005323
[2016.01.25-02.24.51:420][993]PIE: Info Play in editor start time for /Game/Collections/UEDPIE_0_PVP_ARENA -0.863
[2016.01.25-02.25.24:725][683]LogParticles: Destroying 0 GPU particle simulations for FXSystem 0x000000FECA11FB00
[2016.01.25-02.26.06:830][362]Cmd: OBJ SAVEPACKAGE PACKAGE="/Game/Collections/PVP_ARENA" FILE="../../../../../Unreal Projects/Wayfarer/Saved/Autosaves/Game/Collections/PVP_ARENA_Auto1.umap" SILENT=true AUTOSAVING=true KEEPDIRTY=false
[2016.01.25-02.26.06:951][362]LogSavePackage: Save=82.738708ms
[2016.01.25-02.26.06:951][362]LogSavePackage: Moving '../../../../../Unreal Projects/Wayfarer/Saved/PVP_ARENA_Auto16EC4EDAF4C3208109D54D48DE68F3D1F.tmp' to '../../../../../Unreal Projects/Wayfarer/Saved/Autosaves/Game/Collections/PVP_ARENA_Auto1.umap'
[2016.01.25-02.26.06:952][362]LogSavePackage: Total save time: 116.095051ms
[2016.01.25-02.26.06:952][362]LogSavePackage:Display: Finished SavePackage ../../../../../Unreal Projects/Wayfarer/Saved/Autosaves/Game/Collections/PVP_ARENA_Auto1.umap
[2016.01.25-02.26.06:967][362]LogFileHelpers: Editor autosave (incl. sublevels) for '/Game/Collections/PVP_ARENA' took 0.158
[2016.01.25-02.26.06:967][362]LogFileHelpers: Editor autosave (incl. sublevels) for all levels took 0.158
[2016.01.25-02.26.15:651][ 83]Cmd: OBJ SAVEPACKAGE PACKAGE="/Game/Collections/PVP_ARENA" FILE="../../../../../Unreal Projects/Wayfarer/Content/Collections/PVP_ARENA.umap" SILENT=true AUTOSAVING=false KEEPDIRTY=false
[2016.01.25-02.26.15:860][ 83]LogSavePackage: Save=179.304504ms
[2016.01.25-02.26.15:860][ 83]LogSavePackage: Moving '../../../../../Unreal Projects/Wayfarer/Saved/PVP_ARENA43E721D542F752EC5EF17F8A52FFE988.tmp' to '../../../../../Unreal Projects/Wayfarer/Content/Collections/PVP_ARENA.umap'
[2016.01.25-02.26.15:863][ 83]LogSavePackage: Total save time: 192.388769ms
[2016.01.25-02.26.15:863][ 83]LogSavePackage:Display: Finished SavePackage ../../../../../Unreal Projects/Wayfarer/Content/Collections/PVP_ARENA.umap
[2016.01.25-02.26.15:903][ 83]LogFileHelpers: Saving map 'PVP_ARENA' took 0.336
[2016.01.25-02.26.17:249][181]Cmd: QUIT_EDITOR
[2016.01.25-02.26.18:469][181]LogWindowsTextInputMethodSystem:Display: IME system now deactivated.
[2016.01.25-02.26.18:572][181]LogExit: Preparing to exit.
[2016.01.25-02.26.19:064][181]LogExit: Editor shut down
[2016.01.25-02.26.19:065][181]LogExit: Transaction tracking system shut down
[2016.01.25-02.26.19:066][181]LogParticles: Destroying 0 GPU particle simulations for FXSystem 0x000000FE881E87C0
[2016.01.25-02.26.19:120][181]LogParticles: Destroying 0 GPU particle simulations for FXSystem 0x000000FEC75CB6A0
[2016.01.25-02.26.19:121][181]LogParticles: Destroying 0 GPU particle simulations for FXSystem 0x000000FEE5565A80
[2016.01.25-02.26.19:121][181]LogParticles: Destroying 0 GPU particle simulations for FXSystem 0x000000FEEA5F11C0
[2016.01.25-02.26.20:442][181]LogExit: Object subsystem successfully closed.
[2016.01.25-02.26.20:743][181]LogD3D11RHI: Shutdown
[2016.01.25-02.26.20:753][181]LogD3D11RHI: CleanupD3DDevice
[2016.01.25-02.26.21:026][181]LogD3D11RHI: ~FD3D11DynamicRHI
[2016.01.25-02.26.21:751][181]LogModuleManager: Shutting down and abandoning module CookingStats (200)
[2016.01.25-02.26.21:752][181]LogModuleManager: Shutting down and abandoning module MaterialEditor (199)
[2016.01.25-02.26.21:752][181]LogModuleManager: Shutting down and abandoning module CrashTracker (198)
[2016.01.25-02.26.21:752][181]LogModuleManager: Shutting down and abandoning module SceneOutliner (197)
[2016.01.25-02.26.21:752][181]LogModuleManager: Shutting down and abandoning module SuperSearch (196)
[2016.01.25-02.26.21:752][181]LogModuleManager: Shutting down and abandoning module WidgetCarousel (195)
[2016.01.25-02.26.21:758][181]LogModuleManager: Shutting down and abandoning module AddContentDialog (194)
[2016.01.25-02.26.21:775][181]LogModuleManager: Shutting down and abandoning module EditorWidgets (193)
[2016.01.25-02.26.21:775][181]LogModuleManager: Shutting down and abandoning module CollectionManager (192)
[2016.01.25-02.26.21:809][181]LogModuleManager: Shutting down and abandoning module StatsViewer (191)
[2016.01.25-02.26.21:824][181]LogModuleManager: Shutting down and abandoning module FoliageEdit (190)
[2016.01.25-02.26.21:824][181]LogModuleManager: Shutting down and abandoning module LandscapeEditor (189)
[2016.01.25-02.26.21:847][181]LogModuleManager: Shutting down and abandoning module ActorPickerMode (188)
[2016.01.25-02.26.21:847][181]LogModuleManager: Shutting down and abandoning module GeometryMode (187)
[2016.01.25-02.26.21:847][181]LogModuleManager: Shutting down and abandoning module TextureAlignMode (186)
[2016.01.25-02.26.21:847][181]LogModuleManager: Shutting down and abandoning module BspMode (185)
[2016.01.25-02.26.21:847][181]LogModuleManager: Shutting down and abandoning module PlacementMode (184)
[2016.01.25-02.26.21:847][181]LogModuleManager: Shutting down and abandoning module AutomationWorker (183)
[2016.01.25-02.26.21:847][181]LogModuleManager: Shutting down and abandoning module CharacterAI (182)
[2016.01.25-02.26.21:847][181]LogModuleManager: Shutting down and abandoning module SmartSnapping (181)
[2016.01.25-02.26.21:847][181]LogModuleManager: Shutting down and abandoning module ViewportSnapping (180)
[2016.01.25-02.26.21:847][181]LogModuleManager: Shutting down and abandoning module LogVisualizer (179)
[2016.01.25-02.26.21:872][181]LogModuleManager: Shutting down and abandoning module GameProjectGeneration (178)
[2016.01.25-02.26.21:919][181]LogModuleManager: Shutting down and abandoning module IntroTutorials (177)
[2016.01.25-02.26.21:943][181]LogModuleManager: Shutting down and abandoning module EditorLiveStreaming (176)
[2016.01.25-02.26.21:943][181]LogModuleManager: Shutting down and abandoning module IOSPlatformEditor (175)
[2016.01.25-02.26.21:951][181]LogModuleManager: Shutting down and abandoning module HTML5PlatformEditor (174)
[2016.01.25-02.26.21:951][181]LogModuleManager: Shutting down and abandoning module AndroidDeviceDetection (173)
[2016.01.25-02.26.22:856][181]LogModuleManager: Shutting down and abandoning module AndroidPlatformEditor (172)
[2016.01.25-02.26.22:856][181]LogModuleManager: Shutting down and abandoning module IOSRuntimeSettings (171)
[2016.01.25-02.26.22:856][181]LogModuleManager: Shutting down and abandoning module AndroidRuntimeSettings (170)
[2016.01.25-02.26.22:856][181]LogModuleManager: Shutting down and abandoning module MergeActors (169)
[2016.01.25-02.26.22:866][181]LogModuleManager: Shutting down and abandoning module SizeMap (168)
[2016.01.25-02.26.22:866][181]LogModuleManager: Shutting down and abandoning module TreeMap (167)
[2016.01.25-02.26.22:895][181]LogModuleManager: Shutting down and abandoning module ReferenceViewer (166)
[2016.01.25-02.26.22:895][181]LogModuleManager: Shutting down and abandoning module LocalizationService (165)
[2016.01.25-02.26.22:902][181]LogModuleManager: Shutting down and abandoning module LocalizationDashboard (164)
[2016.01.25-02.26.22:923][181]LogModuleManager: Shutting down and abandoning module HardwareTargeting (163)
[2016.01.25-02.26.22:939][181]LogModuleManager: Shutting down and abandoning module DeviceProfileEditor (162)
[2016.01.25-02.26.22:964][181]LogModuleManager: Shutting down and abandoning module UndoHistory (161)
[2016.01.25-02.26.22:975][181]LogModuleManager: Shutting down and abandoning module GameplayTagsEditor (160)
[2016.01.25-02.26.22:984][181]LogModuleManager: Shutting down and abandoning module UserFeedback (159)
[2016.01.25-02.26.22:984][181]LogModuleManager: Shutting down and abandoning module XmlParser (158)
[2016.01.25-02.26.22:984][181]LogModuleManager: Shutting down and abandoning module Blutility (157)
[2016.01.25-02.26.22:984][181]LogModuleManager: Shutting down and abandoning module ProjectTargetPlatformEditor (156)
[2016.01.25-02.26.22:996][181]LogModuleManager: Shutting down and abandoning module ProjectSettingsViewer (155)
[2016.01.25-02.26.22:996][181]LogModuleManager: Shutting down and abandoning module InputBindingEditor (154)
[2016.01.25-02.26.23:016][181]LogModuleManager: Shutting down and abandoning module EditorSettingsViewer (153)
[2016.01.25-02.26.23:016][181]LogModuleManager: Shutting down and abandoning module SettingsEditor (152)
[2016.01.25-02.26.23:024][181]LogModuleManager: Shutting down and abandoning module ProjectLauncher (151)
[2016.01.25-02.26.23:046][181]LogModuleManager: Shutting down and abandoning module SessionFrontend (150)
[2016.01.25-02.26.23:062][181]LogModuleManager: Shutting down and abandoning module ProfilerClient (149)
[2016.01.25-02.26.23:063][181]LogModuleManager: Shutting down and abandoning module TargetDeviceServices (148)
[2016.01.25-02.26.23:074][181]LogModuleManager: Shutting down and abandoning module DeviceManager (147)
[2016.01.25-02.26.23:084][181]LogModuleManager: Shutting down and abandoning module AutomationController (146)
[2016.01.25-02.26.23:094][181]LogModuleManager: Shutting down and abandoning module AutomationWindow (145)
[2016.01.25-02.26.23:113][181]LogModuleManager: Shutting down and abandoning module Layers (144)
[2016.01.25-02.26.23:149][181]LogModuleManager: Shutting down and abandoning module ComponentVisualizers (143)
[2016.01.25-02.26.23:149][181]LogModuleManager: Shutting down and abandoning module DetailCustomizations (142)
[2016.01.25-02.26.23:149][181]LogModuleManager: Shutting down and abandoning module PackagesDialog (141)
[2016.01.25-02.26.23:149][181]LogModuleManager: Shutting down and abandoning module Persona (140)
[2016.01.25-02.26.23:193][181]LogModuleManager: Shutting down and abandoning module Kismet (139)
[2016.01.25-02.26.23:213][181]LogModuleManager: Shutting down and abandoning module GraphEditor (138)
[2016.01.25-02.26.23:251][181]LogModuleManager: Shutting down and abandoning module ClassViewer (137)
[2016.01.25-02.26.23:258][181]LogModuleManager: Shutting down and abandoning module Toolbox (136)
[2016.01.25-02.26.23:258][181]LogModuleManager: Shutting down and abandoning module ModuleUI (135)
[2016.01.25-02.26.23:258][181]LogModuleManager: Shutting down and abandoning module MovieSceneTools (134)
[2016.01.25-02.26.23:265][181]LogModuleManager: Shutting down and abandoning module OutputLog (133)
[2016.01.25-02.26.23:265][181]LogModuleManager: Shutting down and abandoning module GammaUI (132)
[2016.01.25-02.26.23:278][181]LogModuleManager: Shutting down and abandoning module Documentation (131)
[2016.01.25-02.26.23:279][181]LogModuleManager: Shutting down and abandoning module GameLiveStreaming (130)
[2016.01.25-02.26.23:290][181]LogModuleManager: Shutting down and abandoning module StreamingPauseRendering (129)
[2016.01.25-02.26.23:290][181]LogModuleManager: Shutting down and abandoning module AnalyticsET (128)
[2016.01.25-02.26.23:290][181]LogModuleManager: Shutting down and abandoning module Analytics (127)
[2016.01.25-02.26.23:290][181]LogModuleManager: Shutting down and abandoning module AITestSuite (126)
[2016.01.25-02.26.23:311][181]LogModuleManager: Shutting down and abandoning module GameplayDebugger (125)
[2016.01.25-02.26.23:321][181]LogModuleManager: Shutting down and abandoning module AIModule (124)
[2016.01.25-02.26.23:321][181]LogModuleManager: Shutting down and abandoning module ProfilerService (123)
[2016.01.25-02.26.23:409][181]LogModuleManager: Shutting down and abandoning module TaskGraph (122)
[2016.01.25-02.26.23:429][181]LogModuleManager: Shutting down and abandoning module SlateRemote (121)
[2016.01.25-02.26.23:429][181]LogModuleManager: Shutting down and abandoning module SteamVRController (120)
[2016.01.25-02.26.23:429][181]LogModuleManager: Shutting down and abandoning module SteamVR (119)
[2016.01.25-02.26.23:429][181]LogModuleManager: Shutting down and abandoning module ProceduralMeshComponent (118)
[2016.01.25-02.26.23:429][181]LogModuleManager: Shutting down and abandoning module OculusLibrary (117)
[2016.01.25-02.26.23:429][181]LogModuleManager: Shutting down and abandoning module OculusInput (116)
[2016.01.25-02.26.23:429][181]LogModuleManager: Shutting down and abandoning module LeapMotionController (115)
[2016.01.25-02.26.23:472][181]LogModuleManager: Shutting down and abandoning module CustomMeshComponent (114)
[2016.01.25-02.26.23:472][181]LogModuleManager: Shutting down and abandoning module CableComponent (113)
[2016.01.25-02.26.23:480][181]LogModuleManager: Shutting down and abandoning module ArchVisCharacter (112)
[2016.01.25-02.26.23:480][181]LogModuleManager: Shutting down and abandoning module MessagingDebugger (111)
[2016.01.25-02.26.23:501][181]LogModuleManager: Shutting down and abandoning module MediaPlayerEditor (110)
[2016.01.25-02.26.23:507][181]LogModuleManager: Shutting down and abandoning module HTML5Networking (109)
[2016.01.25-02.26.23:507][181]LogModuleManager: Shutting down and abandoning module SpeedTreeImporter (108)
[2016.01.25-02.26.23:507][181]LogModuleManager: Shutting down and abandoning module PluginBrowser (107)
[2016.01.25-02.26.23:513][181]LogModuleManager: Shutting down and abandoning module EpicSurvey (106)
[2016.01.25-02.26.23:530][181]LogModuleManager: Shutting down and abandoning module DesktopPlatform (105)
[2016.01.25-02.26.23:550][181]LogModuleManager: Shutting down and abandoning module VisualStudioSourceCodeAccess (104)
[2016.01.25-02.26.23:550][181]LogModuleManager: Shutting down and abandoning module UObjectPlugin (103)
[2016.01.25-02.26.23:550][181]LogModuleManager: Shutting down and abandoning module SubversionSourceControl (102)
[2016.01.25-02.26.23:566][181]LogModuleManager: Shutting down and abandoning module PerforceSourceControl (101)
[2016.01.25-02.26.23:576][181]LogModuleManager: Shutting down and abandoning module SourceControl (100)
[2016.01.25-02.26.23:590][181]LogModuleManager: Shutting down and abandoning module GitSourceControl (99)
[2016.01.25-02.26.23:612][181]LogModuleManager: Shutting down and abandoning module LightPropagationVolumeEditor (98)
[2016.01.25-02.26.23:612][181]LogModuleManager: Shutting down and abandoning module PaperTiledImporter (97)
[2016.01.25-02.26.23:624][181]LogModuleManager: Shutting down and abandoning module PaperSpriteSheetImporter (96)
[2016.01.25-02.26.23:624][181]LogModuleManager: Shutting down and abandoning module MeshPaint (95)
[2016.01.25-02.26.23:624][181]LogModuleManager: Shutting down and abandoning module SlateReflector (94)
[2016.01.25-02.26.23:642][181]LogModuleManager: Shutting down and abandoning module HotReload (93)
[2016.01.25-02.26.23:651][181]LogModuleManager: Shutting down and abandoning module MainFrame (92)
[2016.01.25-02.26.23:651][181]LogModuleManager: Shutting down and abandoning module LevelEditor (91)
[2016.01.25-02.26.23:655][181]LogModuleManager: Shutting down and abandoning module DirectoryWatcher (90)
[2016.01.25-02.26.23:657][181]LogModuleManager: Shutting down and abandoning module AssetRegistry (89)
[2016.01.25-02.26.23:792][181]LogModuleManager: Shutting down and abandoning module ContentBrowser (88)
[2016.01.25-02.26.23:793][181]LogModuleManager: Shutting down and abandoning module Paper2DEditor (87)
[2016.01.25-02.26.23:816][181]LogModuleManager: Shutting down and abandoning module UdpMessaging (86)
[2016.01.25-02.26.23:917][181]LogModuleManager: Shutting down and abandoning module LightPropagationVolumeRuntime (85)
[2016.01.25-02.26.23:917][181]LogModuleManager: Shutting down and abandoning module Paper2D (84)
[2016.01.25-02.26.23:940][181]LogModuleManager: Shutting down and abandoning module WindowsMoviePlayer (83)
[2016.01.25-02.26.23:946][181]LogModuleManager: Shutting down and abandoning module Media (82)
[2016.01.25-02.26.23:946][181]LogModuleManager: Shutting down and abandoning module WmfMedia (81)
[2016.01.25-02.26.23:956][181]LogModuleManager: Shutting down and abandoning module OnlineBlueprintSupport (80)
[2016.01.25-02.26.23:956][181]LogModuleManager: Shutting down and abandoning module GameplayTasksEditor (79)
[2016.01.25-02.26.23:956][181]LogModuleManager: Shutting down and abandoning module PropertyEditor (78)
[2016.01.25-02.26.23:956][181]LogModuleManager: Shutting down and abandoning module BehaviorTreeEditor (77)
[2016.01.25-02.26.23:974][181]LogModuleManager: Shutting down and abandoning module FunctionalTesting (76)
[2016.01.25-02.26.23:974][181]LogModuleManager: Shutting down and abandoning module CollisionAnalyzer (75)
[2016.01.25-02.26.23:994][181]LogModuleManager: Shutting down and abandoning module WorkspaceMenuStructure (74)
[2016.01.25-02.26.23:994][181]LogModuleManager: Shutting down and abandoning module MessageLog (73)
[2016.01.25-02.26.23:994][181]LogModuleManager: Shutting down and abandoning module Sequencer (72)
[2016.01.25-02.26.24:025][181]LogModuleManager: Shutting down and abandoning module AssetTools (71)
[2016.01.25-02.26.24:062][181]LogModuleManager: Shutting down and abandoning module UMGEditor (70)
[2016.01.25-02.26.24:090][181]LogModuleManager: Shutting down and abandoning module UMG (69)
[2016.01.25-02.26.24:106][181]LogModuleManager: Shutting down and abandoning module Slate (68)
[2016.01.25-02.26.24:106][181]LogModuleManager: Shutting down and abandoning module EditorStyle (67)
[2016.01.25-02.26.24:109][181]LogModuleManager: Shutting down and abandoning module SessionServices (66)
[2016.01.25-02.26.24:109][181]LogModuleManager: Shutting down and abandoning module SourceCodeAccess (65)
[2016.01.25-02.26.24:109][181]LogModuleManager: Shutting down and abandoning module HeadMountedDisplay (64)
[2016.01.25-02.26.24:109][181]LogModuleManager: Shutting down and abandoning module XAudio2 (63)
[2016.01.25-02.26.24:109][181]LogModuleManager: Shutting down and abandoning module Networking (61)
[2016.01.25-02.26.24:109][181]LogModuleManager: Shutting down and abandoning module Core (60)
[2016.01.25-02.26.24:109][181]LogModuleManager: Shutting down and abandoning module KismetCompiler (59)
[2016.01.25-02.26.24:109][181]LogModuleManager: Shutting down and abandoning module PhysXFormats (58)
[2016.01.25-02.26.24:109][181]LogModuleManager: Shutting down and abandoning module MeshUtilities (57)
[2016.01.25-02.26.24:128][181]LogModuleManager: Shutting down and abandoning module DerivedDataCache (56)
[2016.01.25-02.26.24:193][181]LogDerivedDataCache: Shutdown
[2016.01.25-02.26.24:193][181]LogModuleManager: Shutting down and abandoning module ShaderFormatOpenGL (55)
[2016.01.25-02.26.24:221][181]LogModuleManager: Shutting down and abandoning module ShaderFormatD3D (54)
[2016.01.25-02.26.24:221][181]LogModuleManager: Shutting down and abandoning module MetalShaderFormat (53)
[2016.01.25-02.26.24:248][181]LogModuleManager: Shutting down and abandoning module TextureFormatUncompressed (52)
[2016.01.25-02.26.24:248][181]LogModuleManager: Shutting down and abandoning module TextureFormatPVR (51)
[2016.01.25-02.26.24:248][181]LogModuleManager: Shutting down and abandoning module TextureFormatIntelISPCTexComp (50)
[2016.01.25-02.26.24:248][181]LogModuleManager: Shutting down and abandoning module TextureFormatDXT (49)
[2016.01.25-02.26.24:248][181]LogModuleManager: Shutting down and abandoning module ImageWrapper (48)
[2016.01.25-02.26.24:248][181]LogModuleManager: Shutting down and abandoning module TextureFormatASTC (47)
[2016.01.25-02.26.24:248][181]LogModuleManager: Shutting down and abandoning module TextureFormatAndroid (46)
[2016.01.25-02.26.24:248][181]LogModuleManager: Shutting down and abandoning module AudioFormatOpus (45)
[2016.01.25-02.26.24:260][181]LogModuleManager: Shutting down and abandoning module AudioFormatOgg (44)
[2016.01.25-02.26.24:260][181]LogModuleManager: Shutting down and abandoning module AudioFormatADPCM (43)
[2016.01.25-02.26.24:260][181]LogModuleManager: Shutting down and abandoning module LinuxTargetPlatform (42)
[2016.01.25-02.26.24:260][181]LogModuleManager: Shutting down and abandoning module LinuxServerTargetPlatform (41)
[2016.01.25-02.26.24:261][181]LogModuleManager: Shutting down and abandoning module LinuxNoEditorTargetPlatform (40)
[2016.01.25-02.26.24:261][181]LogModuleManager: Shutting down and abandoning module Messaging (39)
[2016.01.25-02.26.24:261][181]LogModuleManager: Shutting down and abandoning module IOSTargetPlatform (38)
[2016.01.25-02.26.24:261][181]LogModuleManager: Shutting down and abandoning module HTML5TargetPlatform (37)
[2016.01.25-02.26.24:261][181]LogModuleManager: Shutting down and abandoning module Android_PVRTCTargetPlatform (36)
[2016.01.25-02.26.24:261][181]LogModuleManager: Shutting down and abandoning module Android_MultiTargetPlatform (35)
[2016.01.25-02.26.24:261][181]LogModuleManager: Shutting down and abandoning module Android_ETC2TargetPlatform (34)
[2016.01.25-02.26.24:261][181]LogModuleManager: Shutting down and abandoning module Android_ETC1TargetPlatform (33)
[2016.01.25-02.26.24:261][181]LogModuleManager: Shutting down and abandoning module Android_DXTTargetPlatform (32)
[2016.01.25-02.26.24:261][181]LogModuleManager: Shutting down and abandoning module Android_ATCTargetPlatform (31)
[2016.01.25-02.26.24:261][181]LogModuleManager: Shutting down and abandoning module Android_ASTCTargetPlatform (30)
[2016.01.25-02.26.24:261][181]LogModuleManager: Shutting down and abandoning module AndroidTargetPlatform (29)
[2016.01.25-02.26.24:261][181]LogModuleManager: Shutting down and abandoning module WindowsTargetPlatform (28)
[2016.01.25-02.26.24:261][181]LogModuleManager: Shutting down and abandoning module WindowsServerTargetPlatform (27)
[2016.01.25-02.26.24:261][181]LogModuleManager: Shutting down and abandoning module WindowsNoEditorTargetPlatform (26)
[2016.01.25-02.26.24:261][181]LogModuleManager: Shutting down and abandoning module WindowsClientTargetPlatform (25)
[2016.01.25-02.26.24:261][181]LogModuleManager: Shutting down and abandoning module AllDesktopTargetPlatform (24)
[2016.01.25-02.26.24:261][181]LogModuleManager: Shutting down and abandoning module TargetPlatform (23)
[2016.01.25-02.26.24:261][181]LogModuleManager: Shutting down and abandoning module InputCore (22)
[2016.01.25-02.26.24:261][181]LogModuleManager: Shutting down and abandoning module Settings (21)
[2016.01.25-02.26.24:261][181]LogModuleManager: Shutting down and abandoning module OnlineSubsystem (19)
[2016.01.25-02.26.24:261][181]LogModuleManager: Shutting down and abandoning module HTTP (18)
[2016.01.25-02.26.25:262][181]LogModuleManager: Shutting down and abandoning module XMPP (17)
[2016.01.25-02.26.25:287][181]LogModuleManager: Shutting down and abandoning module OculusRift (16)
[2016.01.25-02.26.25:302][181]LogModuleManager: Shutting down and abandoning module ExampleDeviceProfileSelector (15)
[2016.01.25-02.26.25:302][181]LogModuleManager: Shutting down and abandoning module TextureCompressor (14)
[2016.01.25-02.26.25:302][181]LogModuleManager: Shutting down and abandoning module ShaderCore (13)
[2016.01.25-02.26.25:302][181]LogModuleManager: Shutting down and abandoning module Landscape (12)
[2016.01.25-02.26.25:302][181]LogModuleManager: Shutting down and abandoning module SlateRHIRenderer (11)
[2016.01.25-02.26.25:316][181]LogModuleManager: Shutting down and abandoning module OpenGLDrv (10)
[2016.01.25-02.26.25:335][181]LogModuleManager: Shutting down and abandoning module D3D11RHI (9)
[2016.01.25-02.26.25:335][181]LogModuleManager: Shutting down and abandoning module AnimGraphRuntime (8)
[2016.01.25-02.26.25:343][181]LogModuleManager: Shutting down and abandoning module Renderer (7)
[2016.01.25-02.26.25:343][181]LogModuleManager: Shutting down and abandoning module Engine (6)
[2016.01.25-02.26.25:343][181]LogModuleManager: Shutting down and abandoning module CoreUObject (5)
[2016.01.25-02.26.25:343][181]LogModuleManager: Shutting down and abandoning module NetworkFile (4)
[2016.01.25-02.26.25:368][181]LogModuleManager: Shutting down and abandoning module StreamingFile (3)
[2016.01.25-02.26.25:368][181]LogModuleManager: Shutting down and abandoning module SandboxFile (2)
[2016.01.25-02.26.25:382][181]LogModuleManager: Shutting down and abandoning module PakFile (1)
[2016.01.25-02.26.25:395][181]LogExit: Exiting.
[2016.01.25-02.26.25:411][181]Log file closed, 01/24/16 19:26:25
