[2016.01.19-00.45.46:986][  0]Log file open, 01/18/16 17:45:46
[2016.01.19-00.45.46:986][  0]LogInit:Display: Running engine for game: Wayfarer
[2016.01.19-00.45.46:986][  0]LogPlatformFile: Not using cached read wrapper
[2016.01.19-00.45.46:986][  0]LogInit:Display: RandInit(230353875) SRandInit(230353878).
[2016.01.19-00.45.46:986][  0]LogTaskGraph: Started task graph with 4 named threads and 7 total threads.
[2016.01.19-00.45.46:986][  0]LogStats: Stats thread started at 1.243550
[2016.01.19-00.45.46:986][  0]LogInit: Version: 4.10.2-2818068+++depot+UE4-Releases+4.10
[2016.01.19-00.45.46:986][  0]LogInit: API Version: 2758231
[2016.01.19-00.45.46:986][  0]LogInit: Compiled (64-bit): Jan  6 2016 17:36:42
[2016.01.19-00.45.46:986][  0]LogInit: Compiled with Visual C++: 19.00.23026.00
[2016.01.19-00.45.46:986][  0]LogInit: Build Configuration: Development
[2016.01.19-00.45.46:986][  0]LogInit: Branch Name: ++depot+UE4-Releases+4.10
[2016.01.19-00.45.46:986][  0]LogInit: Command line:  
[2016.01.19-00.45.46:986][  0]LogInit: Base directory: D:/Epic Games/4.10/Engine/Binaries/Win64/
[2016.01.19-00.45.46:986][  0]LogInit: Rocket: 1
[2016.01.19-00.45.47:113][  0]LogInit: Using libcurl 7.41.0
[2016.01.19-00.45.47:113][  0]LogInit:  - built for x86_64-pc-win32
[2016.01.19-00.45.47:113][  0]LogInit:  - supports SSL with WinSSL
[2016.01.19-00.45.47:113][  0]LogInit:  - other features:
[2016.01.19-00.45.47:113][  0]LogInit:      CURL_VERSION_SSL
[2016.01.19-00.45.47:113][  0]LogInit:      CURL_VERSION_IPV6
[2016.01.19-00.45.47:113][  0]LogInit:      CURL_VERSION_ASYNCHDNS
[2016.01.19-00.45.47:113][  0]LogInit:      CURL_VERSION_LARGEFILE
[2016.01.19-00.45.47:114][  0]LogInit:      CURL_VERSION_IDN
[2016.01.19-00.45.47:114][  0]LogInit:  CurlRequestOptions (configurable via config and command line):
[2016.01.19-00.45.47:114][  0]LogInit:  - bVerifyPeer = true  - Libcurl will verify peer certificate
[2016.01.19-00.45.47:114][  0]LogInit:  - bUseHttpProxy = false  - Libcurl will NOT use HTTP proxy
[2016.01.19-00.45.47:114][  0]LogInit:  - bDontReuseConnections = false  - Libcurl will reuse connections
[2016.01.19-00.45.47:114][  0]LogInit:  - CertBundlePath = nullptr  - Libcurl will use whatever was configured at build time.
[2016.01.19-00.45.47:336][  0]LogInit: Presizing for 0 objects not considered by GC, pre-allocating 0 bytes.
[2016.01.19-00.45.47:626][  0]LogInit: Object subsystem initialized
[2016.01.19-00.45.47:815][  0]LogInit: Selected Device Profile: [Windows]
[2016.01.19-00.45.47:815][  0]LogInit: Applying CVar settings loaded from the selected device profile: [Windows]
[2016.01.19-00.45.47:930][  0]LogInit: Computer: DESKTOP-D4B59PR
[2016.01.19-00.45.47:930][  0]LogInit: User: Dzshiftt
[2016.01.19-00.45.47:930][  0]LogInit: CPU Page size=4096, Cores=4
[2016.01.19-00.45.47:931][  0]LogInit: High frequency timer resolution =3.417995 MHz
[2016.01.19-00.45.47:939][  0]LogMemory: Memory total: Physical=7.9GB (8GB approx)
[2016.01.19-00.45.47:939][  0]LogMemory: Platform Memory Stats for Windows
[2016.01.19-00.45.47:939][  0]LogMemory: Process Physical Memory: 55.80 MB used, 55.80 MB peak
[2016.01.19-00.45.47:939][  0]LogMemory: Process Virtual Memory: 58.62 MB used, 58.62 MB peak
[2016.01.19-00.45.47:939][  0]LogMemory: Physical Memory: 2874.02 MB used, 8140.04 MB total
[2016.01.19-00.45.47:939][  0]LogMemory: Virtual Memory: 380.52 MB used, 134217728.00 MB total
[2016.01.19-00.45.48:860][  0]LogTextLocalizationManager: No specific translations for ('en-US') exist, so ('en') translations will be used.
[2016.01.19-00.45.50:186][  0]LogD3D11RHI: Found D3D11 adapter 0: AMD Radeon (TM) R9 380 Series (Feature Level 11_0)
[2016.01.19-00.45.50:186][  0]LogD3D11RHI: Adapter has 4073MB of dedicated video memory, 0MB of dedicated system memory, and 4070MB of shared system memory, 1 output[s]
[2016.01.19-00.45.50:204][  0]LogD3D11RHI: Found D3D11 adapter 1: Microsoft Basic Render Driver (Feature Level 11_0)
[2016.01.19-00.45.50:204][  0]LogD3D11RHI: Adapter has 0MB of dedicated video memory, 0MB of dedicated system memory, and 4070MB of shared system memory, 0 output[s]
[2016.01.19-00.45.50:204][  0]LogD3D11RHI: Chosen D3D11 Adapter Id = 0
[2016.01.19-00.45.50:211][  0]LogD3D11RHI: !Direct3DDevice
[2016.01.19-00.45.50:211][  0]LogRHI: Texture pool is 1361 MB (70% of 1945 MB)
[2016.01.19-00.45.50:230][  0]LogD3D11RHI: Async texture creation disabled: no driver support
[2016.01.19-00.45.50:615][  0]LogShaderCompilers: Guid format shader working directory is 10 characters bigger than the processId version (../../../../../Unreal Projects/Wayfarer/Intermediate/Shaders/WorkingDirectory/4668/).
[2016.01.19-00.45.50:615][  0]LogShaderCompilers: Cleaned the shader compiler working directory 'C:/Users/Dzshiftt/AppData/Local/Temp/UnrealShaderWorkingDir/4618A9BD4075A08590AA7694AE3C89A8/'.
[2016.01.19-00.45.50:615][  0]LogShaderCompilers:Display: Using Local Shader Compiler.
[2016.01.19-00.45.54:067][  0]LogTemp:Display: Loaded TP AllDesktopTargetPlatform
[2016.01.19-00.45.54:073][  0]LogTemp:Display: Loaded TP WindowsClientTargetPlatform
[2016.01.19-00.45.54:080][  0]LogTemp:Display: Loaded TP WindowsNoEditorTargetPlatform
[2016.01.19-00.45.54:087][  0]LogTemp:Display: Loaded TP WindowsServerTargetPlatform
[2016.01.19-00.45.54:094][  0]LogTemp:Display: Loaded TP WindowsTargetPlatform
[2016.01.19-00.45.54:102][  0]LogTemp:Display: Loaded TP AndroidTargetPlatform
[2016.01.19-00.45.54:119][  0]LogTemp:Display: Loaded TP Android_ASTCTargetPlatform
[2016.01.19-00.45.54:148][  0]LogTemp:Display: Loaded TP Android_ATCTargetPlatform
[2016.01.19-00.45.54:152][  0]LogTemp:Display: Loaded TP Android_DXTTargetPlatform
[2016.01.19-00.45.54:158][  0]LogTemp:Display: Loaded TP Android_ETC1TargetPlatform
[2016.01.19-00.45.54:184][  0]LogTemp:Display: Loaded TP Android_ETC2TargetPlatform
[2016.01.19-00.45.54:242][  0]LogTemp:Display: Loaded TP Android_MultiTargetPlatform
[2016.01.19-00.45.54:242][  0]LogTemp:Display: Loaded TP Android_PVRTCTargetPlatform
[2016.01.19-00.45.54:243][  0]LogTemp:Display: Loaded TP HTML5TargetPlatform
[2016.01.19-00.45.54:323][  0]LogTemp:Display: Loaded TP IOSTargetPlatform
[2016.01.19-00.45.54:340][  0]LogTemp:Display: Loaded TP LinuxNoEditorTargetPlatform
[2016.01.19-00.45.54:347][  0]LogTemp:Display: Loaded TP LinuxServerTargetPlatform
[2016.01.19-00.45.54:370][  0]LogTemp:Display: Loaded TP LinuxTargetPlatform
[2016.01.19-00.45.54:370][  0]LogTargetPlatformManager:Display: Building Assets For Windows
[2016.01.19-00.45.55:368][  0]LogDerivedDataCache:Display: Max Cache Size: 512 MB
[2016.01.19-00.45.55:948][  0]LogDerivedDataCache: Loaded boot cache 0.58s 69MB C:/Users/Dzshiftt/AppData/Local/UnrealEngine/4.10/DerivedDataCache/Boot.ddc.
[2016.01.19-00.45.55:948][  0]LogDerivedDataCache:Display: Loaded Boot cache: C:/Users/Dzshiftt/AppData/Local/UnrealEngine/4.10/DerivedDataCache/Boot.ddc
[2016.01.19-00.45.55:948][  0]LogDerivedDataCache: FDerivedDataBackendGraph:  Pak pak cache file ../../../../../Unreal Projects/Wayfarer/DerivedDataCache/DDC.ddp not found, will not use a pak cache.
[2016.01.19-00.45.55:948][  0]LogDerivedDataCache: Unable to find inner node Pak for hierarchical cache Hierarchy.
[2016.01.19-00.45.55:948][  0]LogDerivedDataCache: FDerivedDataBackendGraph:  CompressedPak pak cache file ../../../../../Unreal Projects/Wayfarer/DerivedDataCache/Compressed.ddp not found, will not use a pak cache.
[2016.01.19-00.45.55:948][  0]LogDerivedDataCache: Unable to find inner node CompressedPak for hierarchical cache Hierarchy.
[2016.01.19-00.45.56:071][  0]LogDerivedDataCache:Display: Pak cache opened for reading ../../../Engine/DerivedDataCache/Compressed.ddp.
[2016.01.19-00.45.56:084][  0]LogDerivedDataCache: Using Local data cache path C:/Users/Dzshiftt/AppData/Local/UnrealEngine/Common/DerivedDataCache: Writable
[2016.01.19-00.46.07:076][  0]LogInit: Selected Device Profile: [Windows]
[2016.01.19-00.46.07:153][  0]LogContentStreaming: Texture pool size is 0.000000MB
[2016.01.19-00.46.08:895][  0]LogMeshUtilities: No automatic mesh reduction module available
[2016.01.19-00.46.08:895][  0]LogMeshUtilities: No automatic mesh merging module available
[2016.01.19-00.46.12:736][  0]LogInit: WinSock: version 1.1 (2.2), MaxSocks=32767, MaxUdp=65467
[2016.01.19-00.46.23:914][  0]UdpMessaging: Initializing bridge on interface 0.0.0.0:0 to multicast group 230.0.0.1:6666.
[2016.01.19-00.46.24:544][  0]LogAssetRegistry: FAssetRegistry took 0.0122 seconds to start up
[2016.01.19-00.46.27:226][  0]SourceControl: Info Source control is disabled
[2016.01.19-00.46.27:227][  0]SourceControl: Info Source control is disabled
[2016.01.19-00.46.27:283][  0]SourceControl: Info Source control is disabled
[2016.01.19-00.46.27:357][  0]SourceControl: Info Source control is disabled
[2016.01.19-00.46.28:546][  0]LogObj: 28633 objects as part of root set at end of initial load.
[2016.01.19-00.46.28:546][  0]LogUObjectAllocator: 6099744 out of 0 bytes used by permanent object pool.
[2016.01.19-00.46.29:473][  0]LogEngine: Initializing Engine...
[2016.01.19-00.46.29:602][  0]LogHMD: Can't find Oculus library dev build: is proper Runtime installed? Version: 0.8.0.0
[2016.01.19-00.46.29:661][  0]LogHMD: SteamVR failed to initialize.  Err: 110
[2016.01.19-00.46.31:003][  0]LogAIModule: Creating AISystem for world NewWorld
[2016.01.19-00.46.31:210][  0]LogInit: XAudio2 using 'Headphones (2- High Definition Audio Device)' : 2 channels at 44.1 kHz using 16 bits per sample (channel mask 0x3)
[2016.01.19-00.46.31:221][  0]LogInit: FAudioDevice initialized.
[2016.01.19-00.46.31:300][  0]LogDerivedDataCache: Saved boot cache 0.08s 69MB C:/Users/Dzshiftt/AppData/Local/UnrealEngine/4.10/DerivedDataCache/Boot.ddc.
[2016.01.19-00.46.31:329][  0]LogInit: Texture streaming: Enabled
[2016.01.19-00.46.31:395][  0]LogAnalytics: Creating configured Analytics provider AnalyticsET
[2016.01.19-00.46.31:396][  0]LogAnalytics: [UEEditor.Rocket.Release] APIServer = http://et2.epicgames.com/ET2/. AppVersion = 4.10.2-2818068+++depot+UE4-Releases+4.10
[2016.01.19-00.46.31:396][  0]LogAnalytics: [UEEditor.Rocket.Release] SetUserId d7e8d415469c53732bb00cb8e6f11f39|73d82322a7c548e3bff0f196fe589cb3|3fab6c02-6e8d-4e3a-92bc-ec38873d9ff2
[2016.01.19-00.46.31:419][  0]LogAnalytics: [UEEditor.Rocket.Release] AnalyticsET::StartSession
[2016.01.19-00.46.31:616][  0]LogInit: Transaction tracking system initialized
[2016.01.19-00.46.31:962][  0]BlueprintLog: New page: Editor Load
[2016.01.19-00.46.33:879][  0]LocalizationService: Info Localization service is disabled
[2016.01.19-00.46.34:967][  0]LogConsoleResponse:Display: 
[2016.01.19-00.46.36:325][  0]LogFileCache: Scanning file cache for directory 'D:/Unreal Projects/Wayfarer/Content/' took 0.06s
[2016.01.19-00.46.36:325][  0]LogCook:Display: Done creating registry. It took  0.00s.
[2016.01.19-00.46.37:110][  0]SourceControl: Info Source control is disabled
[2016.01.19-00.46.37:135][  0]Cmd: MAP LOAD FILE="../../../../../Unreal Projects/Wayfarer/Content/ThirdPersonBP/Maps/ThirdPersonExampleMap.umap" TEMPLATE=0 SHOWPROGRESS=1 FEATURELEVEL=3
[2016.01.19-00.46.37:210][  0]LightingResults: New page: Lighting Build
[2016.01.19-00.46.37:493][  0]MapCheck: New page: Map Check
[2016.01.19-00.46.37:493][  0]LightingResults: New page: Lighting Build
[2016.01.19-00.46.38:031][  0]LogParticles: Destroying 0 GPU particle simulations for FXSystem 0x00000027C415EAC0
[2016.01.19-00.46.41:565][  0]LogAIModule: Creating AISystem for world ThirdPersonExampleMap
[2016.01.19-00.46.42:536][  0]LogEditorServer: Finished looking for orphan Actors (0.007 secs)
[2016.01.19-00.46.42:624][  0]Cmd: MAP CHECKDEP NOCLEARLOG
[2016.01.19-00.46.42:713][  0]MapCheck: Info Map check complete: 0 Error(s), 0 Warning(s), took 89.274ms to complete.
[2016.01.19-00.46.42:723][  0]LogFileHelpers: Loading map 'ThirdPersonExampleMap' took 5.589
[2016.01.19-00.46.45:226][  0]LogCollectionManager: Loaded 0 collections in 0.003440 seconds
[2016.01.19-00.46.45:420][  0]LogFileCache: Scanning file cache for directory 'D:/Unreal Projects/Wayfarer/Saved/Collections/' took 0.01s
[2016.01.19-00.46.45:420][  0]LogFileCache: Scanning file cache for directory 'D:/Unreal Projects/Wayfarer/Content/Developers/Dzshiftt/Collections/' took 0.01s
[2016.01.19-00.46.45:420][  0]LogFileCache: Scanning file cache for directory 'D:/Unreal Projects/Wayfarer/Content/Collections/' took 0.01s
[2016.01.19-00.46.45:420][  0]LogCollectionManager: Rebuilt the GUID cache for 0 collections in 0.000002 seconds
[2016.01.19-00.46.45:443][  0]LogContentBrowser: Native class hierarchy populated in 0.0226 seconds. Added 1893 classes and 338 folders.
[2016.01.19-00.46.45:613][  0]LogContentBrowser: Native class hierarchy updated for 'WidgetCarousel' in 0.0004 seconds. Added 0 classes and 0 folders.
[2016.01.19-00.46.46:450][  0]LogContentBrowser: Native class hierarchy updated for 'AddContentDialog' in 0.0004 seconds. Added 0 classes and 0 folders.
[2016.01.19-00.46.46:527][  0]LogContentBrowser: Native class hierarchy updated for 'SceneOutliner' in 0.0004 seconds. Added 1 classes and 2 folders.
[2016.01.19-00.46.47:185][  0]LogCrashTracker: Crashtracker disabled due to settings.
[2016.01.19-00.46.47:435][  0]LogUObjectGlobals:Warning: Failed to find object 'Class None.'
[2016.01.19-00.46.47:563][  0]LogLoad: Full Startup: 64.20 seconds (BP compile: 0.87 seconds)
[2016.01.19-00.46.48:004][  0]LogOcInput: Can't find Oculus library dev build: is proper Runtime installed? Version: 0.8.0.0
[2016.01.19-00.46.48:867][  0]LogContentStreaming: Texture pool size now 1000 MB
[2016.01.19-00.46.50:067][  0]LogRenderer: Reallocating scene render targets to support 1208x572 (Frame:2).
[2016.01.19-00.46.51:264][  2]LogCollectionManager: Rebuilt the object cache for 0 collections in 0.000001 seconds (found 0 objects)
[2016.01.19-00.46.52:870][  7]LogAssetRegistry: Asset discovery search completed in 28.3381 seconds
[2016.01.19-00.46.52:900][  7]LogCollectionManager: Fixed up redirectors for 0 collections in 0.009352 seconds (updated 0 objects)
[2016.01.19-01.00.52:112][ 62]LogFactory: FactoryCreateBinary: StaticMesh with FbxFactory (0 0 ../../../../../Unreal Projects/Blocky.obj)
[2016.01.19-01.00.52:656][ 62]LogFbx: Loading FBX Scene from ../../../../../Unreal Projects/Blocky.obj
[2016.01.19-01.00.52:707][ 62]LogFbx: FBX Scene Loaded Succesfully
[2016.01.19-01.01.04:262][ 62]LogFbx: Loading FBX Scene from ../../../../../Unreal Projects/Blocky.obj
[2016.01.19-01.01.04:292][ 62]LogFbx: FBX Scene Loaded Succesfully
[2016.01.19-01.01.04:358][ 62]LogLinker:Warning: Can't find file '/Game/Models/default'
[2016.01.19-01.01.04:358][ 62]LogLinker:Warning: Can't find file '/Game/Models/default'
[2016.01.19-01.01.04:567][ 62]LogMaterial: Missing cached shader map for material default, compiling. 
[2016.01.19-01.01.04:765][ 62]LogFbx:Warning: Triangulating static mesh Cube1_default
[2016.01.19-01.01.05:389][ 62]LogFbx:Warning: Triangulating static mesh Cube2_default
[2016.01.19-01.01.05:396][ 62]LogFbx:Warning: Triangulating static mesh Cube3_copy11_default
[2016.01.19-01.01.05:402][ 62]LogFbx:Warning: Triangulating static mesh Cube3_copy12_default
[2016.01.19-01.01.05:409][ 62]LogFbx:Warning: Triangulating static mesh Cube3_copy13_default
[2016.01.19-01.01.05:415][ 62]LogFbx:Warning: Triangulating static mesh Cube3_copy14_default
[2016.01.19-01.01.05:424][ 62]LogFbx:Warning: Triangulating static mesh Cube3_copy17_default
[2016.01.19-01.01.05:430][ 62]LogFbx:Warning: Triangulating static mesh Cube3_copy18_default
[2016.01.19-01.01.05:438][ 62]LogFbx:Warning: Triangulating static mesh Cube3_copy19_default
[2016.01.19-01.01.05:445][ 62]LogFbx:Warning: Triangulating static mesh Cube3_copy20_default
[2016.01.19-01.01.05:452][ 62]LogFbx:Warning: Triangulating static mesh Cube3_copy21_default
[2016.01.19-01.01.05:459][ 62]LogFbx:Warning: Triangulating static mesh Cube3_copy22_default
[2016.01.19-01.01.05:465][ 62]LogFbx:Warning: Triangulating static mesh Cube3_copy6_default
[2016.01.19-01.01.05:473][ 62]LogFbx:Warning: Triangulating static mesh Cube3_copy7_default
[2016.01.19-01.01.05:479][ 62]LogFbx:Warning: Triangulating static mesh Cube3_copy8_default
[2016.01.19-01.01.05:486][ 62]LogFbx:Warning: Triangulating static mesh Cube3_copy9_default
[2016.01.19-01.01.05:492][ 62]LogFbx:Warning: Triangulating static mesh Cube3_default
[2016.01.19-01.01.05:497][ 62]LogFbx:Warning: Triangulating static mesh Cube4_copy10_default
[2016.01.19-01.01.05:503][ 62]LogFbx:Warning: Triangulating static mesh Cube4_copy15_default
[2016.01.19-01.01.05:508][ 62]LogFbx:Warning: Triangulating static mesh Cube4_copy16_default
[2016.01.19-01.01.05:514][ 62]LogFbx:Warning: Triangulating static mesh Cube4_default
[2016.01.19-01.01.05:546][ 62]LogStaticMesh: Building static mesh Blocky...
[2016.01.19-01.01.05:606][ 62]LogStaticMesh: Built static mesh [0.060335.2s] /Game/Models/Blocky.Blocky
[2016.01.19-01.01.08:653][227]LogActorFactory: Actor Factory created Blocky
[2016.01.19-01.01.09:994][362]LogActorFactory: Actor Factory created Blocky
[2016.01.19-01.01.17:760][824]LogSavePackage: Save=884.800598ms
[2016.01.19-01.01.17:760][824]LogSavePackage: Moving '../../../../../Unreal Projects/Wayfarer/Saved/ThirdPersonExampleMapA998E0DB4851172E7D270CAC7601E225.tmp' to '../../../../../Unreal Projects/Wayfarer/Content/ThirdPersonBP/Maps/ThirdPersonExampleMap.umap'
[2016.01.19-01.01.17:767][824]LogSavePackage: Total save time: 1045.300242ms
[2016.01.19-01.01.17:767][824]LogSavePackage:Display: Finished SavePackage ../../../../../Unreal Projects/Wayfarer/Content/ThirdPersonBP/Maps/ThirdPersonExampleMap.umap
[2016.01.19-01.01.17:830][824]LogFileHelpers: Saving map 'ThirdPersonExampleMap' took 1.260
[2016.01.19-01.01.17:867][824]Cmd: OBJ SAVEPACKAGE PACKAGE="/Game/Models/Blocky" FILE="../../../../../Unreal Projects/Wayfarer/Content/Models/Blocky.uasset" SILENT=true
[2016.01.19-01.01.17:927][824]LogSavePackage: Save=58.701664ms
[2016.01.19-01.01.17:927][824]LogSavePackage: Moving '../../../../../Unreal Projects/Wayfarer/Saved/Blocky1529F4F64D2B1A4B5B1912AB53F9B179.tmp' to '../../../../../Unreal Projects/Wayfarer/Content/Models/Blocky.uasset'
[2016.01.19-01.01.17:929][824]LogSavePackage: Total save time: 60.782712ms
[2016.01.19-01.01.17:929][824]LogSavePackage:Display: Finished SavePackage ../../../../../Unreal Projects/Wayfarer/Content/Models/Blocky.uasset
[2016.01.19-01.01.17:969][824]Cmd: OBJ SAVEPACKAGE PACKAGE="/Game/Models/default" FILE="../../../../../Unreal Projects/Wayfarer/Content/Models/default.uasset" SILENT=true
[2016.01.19-01.01.17:990][824]LogSavePackage: Save=19.060883ms
[2016.01.19-01.01.17:990][824]LogSavePackage: Moving '../../../../../Unreal Projects/Wayfarer/Saved/default7B6E55934B9A14E4760147B6D2BFD6A6.tmp' to '../../../../../Unreal Projects/Wayfarer/Content/Models/default.uasset'
[2016.01.19-01.01.17:992][824]LogSavePackage: Total save time: 21.404359ms
[2016.01.19-01.01.17:992][824]LogSavePackage:Display: Finished SavePackage ../../../../../Unreal Projects/Wayfarer/Content/Models/default.uasset
[2016.01.19-01.01.19:465][961]Cmd: DELETE
[2016.01.19-01.01.19:465][961]Cmd: ACTOR DELETE
[2016.01.19-01.01.19:611][961]LogEditorActor: Deleted Actor: StaticMeshActor
[2016.01.19-01.01.19:631][961]LogEditorActor: Deleted 1 Actors (0.032 secs)
[2016.01.19-01.01.21:235][ 64]LogSavePackage: Save=491.427856ms
[2016.01.19-01.01.21:235][ 64]LogSavePackage: Moving '../../../../../Unreal Projects/Wayfarer/Saved/ThirdPersonExampleMapBA8A41DC45E58C4C952B3CBC5F84B936.tmp' to '../../../../../Unreal Projects/Wayfarer/Content/ThirdPersonBP/Maps/ThirdPersonExampleMap.umap'
[2016.01.19-01.01.21:239][ 64]LogSavePackage: Total save time: 503.420282ms
[2016.01.19-01.01.21:239][ 64]LogSavePackage:Display: Finished SavePackage ../../../../../Unreal Projects/Wayfarer/Content/ThirdPersonBP/Maps/ThirdPersonExampleMap.umap
[2016.01.19-01.01.21:287][ 64]LogFileHelpers: Saving map 'ThirdPersonExampleMap' took 0.635
[2016.01.19-01.04.10:140][458]LogFactory: FactoryCreateBinary: StaticMesh with FbxFactory (0 0 ../../../../../Unreal Projects/Blocky.obj)
[2016.01.19-01.04.10:217][458]LogFbx: Loading FBX Scene from ../../../../../Unreal Projects/Blocky.obj
[2016.01.19-01.04.10:245][458]LogFbx: FBX Scene Loaded Succesfully
[2016.01.19-01.04.19:927][458]LogFbx: Loading FBX Scene from ../../../../../Unreal Projects/Blocky.obj
[2016.01.19-01.04.19:954][458]LogFbx: FBX Scene Loaded Succesfully
[2016.01.19-01.04.20:004][458]LogFbx:Warning: Triangulating static mesh Cube1_default
[2016.01.19-01.04.20:011][458]LogFbx:Warning: Triangulating static mesh Cube2_default
[2016.01.19-01.04.20:015][458]LogFbx:Warning: Triangulating static mesh Cube3_copy11_default
[2016.01.19-01.04.20:020][458]LogFbx:Warning: Triangulating static mesh Cube3_copy12_default
[2016.01.19-01.04.20:025][458]LogFbx:Warning: Triangulating static mesh Cube3_copy13_default
[2016.01.19-01.04.20:030][458]LogFbx:Warning: Triangulating static mesh Cube3_copy14_default
[2016.01.19-01.04.20:035][458]LogFbx:Warning: Triangulating static mesh Cube3_copy17_default
[2016.01.19-01.04.20:040][458]LogFbx:Warning: Triangulating static mesh Cube3_copy18_default
[2016.01.19-01.04.20:046][458]LogFbx:Warning: Triangulating static mesh Cube3_copy19_default
[2016.01.19-01.04.20:051][458]LogFbx:Warning: Triangulating static mesh Cube3_copy20_default
[2016.01.19-01.04.20:055][458]LogFbx:Warning: Triangulating static mesh Cube3_copy21_default
[2016.01.19-01.04.20:060][458]LogFbx:Warning: Triangulating static mesh Cube3_copy22_default
[2016.01.19-01.04.20:065][458]LogFbx:Warning: Triangulating static mesh Cube3_copy6_default
[2016.01.19-01.04.20:070][458]LogFbx:Warning: Triangulating static mesh Cube3_copy7_default
[2016.01.19-01.04.20:076][458]LogFbx:Warning: Triangulating static mesh Cube3_copy8_default
[2016.01.19-01.04.20:080][458]LogFbx:Warning: Triangulating static mesh Cube3_copy9_default
[2016.01.19-01.04.20:085][458]LogFbx:Warning: Triangulating static mesh Cube3_default
[2016.01.19-01.04.20:091][458]LogFbx:Warning: Triangulating static mesh Cube4_copy10_default
[2016.01.19-01.04.20:096][458]LogFbx:Warning: Triangulating static mesh Cube4_copy15_default
[2016.01.19-01.04.20:101][458]LogFbx:Warning: Triangulating static mesh Cube4_copy16_default
[2016.01.19-01.04.20:107][458]LogFbx:Warning: Triangulating static mesh Cube4_default
[2016.01.19-01.04.20:112][458]LogStaticMesh: Building static mesh Blocky...
[2016.01.19-01.04.20:119][458]LogStaticMesh: Built static mesh [0.007072.2s] /Game/Models/Blocky.Blocky
[2016.01.19-01.04.47:528][464]LogActorFactory: Actor Factory created Blocky
[2016.01.19-01.04.48:448][572]LogActorFactory: Actor Factory created Blocky
[2016.01.19-01.05.18:820][116]Cmd: TRANSACTION UNDO
[2016.01.19-01.05.18:820][116]LogEditorTransaction: Undo Create Actors
[2016.01.19-01.05.23:675][520]LogEditorViewport: Clicking on Actor (LMB): StaticMeshActor (RightArm_StaticMesh)
[2016.01.19-01.05.24:394][580]LogEditorViewport: Clicking on Actor (LMB): StaticMeshActor (Blocky)
[2016.01.19-01.05.25:227][653]Cmd: DELETE
[2016.01.19-01.05.25:227][653]Cmd: ACTOR DELETE
[2016.01.19-01.05.25:228][653]LogEditorActor: Deleted Actor: StaticMeshActor
[2016.01.19-01.05.25:257][653]LogEditorActor: Deleted 1 Actors (0.030 secs)
[2016.01.19-01.05.32:657][222]Cmd: MAP LOAD FILE="../../../../../Unreal Projects/Wayfarer/Content/Collections/Desert.umap" TEMPLATE=0 SHOWPROGRESS=1 FEATURELEVEL=3
[2016.01.19-01.05.32:679][222]LightingResults: New page: Lighting Build
[2016.01.19-01.05.32:697][222]LoadErrors: New page: Loading map: Desert.umap
[2016.01.19-01.05.32:725][222]MapCheck: New page: Map Check
[2016.01.19-01.05.32:725][222]LightingResults: New page: Lighting Build
[2016.01.19-01.05.32:793][222]LogParticles: Destroying 0 GPU particle simulations for FXSystem 0x00000027B3CA3B00
[2016.01.19-01.05.33:714][222]LogAIModule: Creating AISystem for world Desert
[2016.01.19-01.05.33:848][222]LogMaterial:Warning: Material /Game/Materials/Cube1_auv5.Cube1_auv5 needed to have new flag set bUsedWithStaticLighting !
[2016.01.19-01.05.33:859][222]LogMaterial: Missing cached shader map for material Cube1_auv5, compiling. 
[2016.01.19-01.05.33:889][222]MapCheck:Warning: Warning Cube1_auv5 Material /Game/Materials/Cube1_auv5.Cube1_auv5 was missing the usage flag bUsedWithStaticLighting. If the material asset is not re-saved, it may not render correctly when run outside the editor. Fix
[2016.01.19-01.05.34:019][222]LogMaterial: 0.000139 seconds spent updating 1 materials, 1 interfaces, 0 instances, 0 with static permutations.
[2016.01.19-01.05.34:019][222]LogMaterial:Warning: Material /Game/Materials/Cube1_sep3_auv.Cube1_sep3_auv needed to have new flag set bUsedWithStaticLighting !
[2016.01.19-01.05.34:022][222]LogMaterial: Missing cached shader map for material Cube1_sep3_auv, compiling. 
[2016.01.19-01.05.34:033][222]MapCheck:Warning: Warning Cube1_sep3_auv Material /Game/Materials/Cube1_sep3_auv.Cube1_sep3_auv was missing the usage flag bUsedWithStaticLighting. If the material asset is not re-saved, it may not render correctly when run outside the editor. Fix
[2016.01.19-01.05.34:034][222]LogMaterial: 0.000155 seconds spent updating 1 materials, 1 interfaces, 0 instances, 0 with static permutations.
[2016.01.19-01.05.34:063][222]LogEditorServer: Finished looking for orphan Actors (0.000 secs)
[2016.01.19-01.05.34:111][222]Cmd: MAP CHECKDEP NOCLEARLOG
[2016.01.19-01.05.34:207][222]MapCheck: Info Map check complete: 0 Error(s), 2 Warning(s), took 96.244ms to complete.
[2016.01.19-01.05.34:213][222]LogFileHelpers: Loading map 'Desert' took 1.607
[2016.01.19-01.05.34:364][223]Cmd: UpdateLandscapeEditorData -warnings
[2016.01.19-01.05.52:582][626]LogActorFactory: Actor Factory created Blocky
[2016.01.19-01.05.53:895][770]LogActorFactory: Actor Factory created Blocky
[2016.01.19-01.06.04:228][291]LogFactory: FactoryCreateBinary: StaticMesh with FbxFactory (0 0 ../../../../../Unreal Projects/Blocky.obj)
[2016.01.19-01.06.04:304][291]LogFbx: Loading FBX Scene from ../../../../../Unreal Projects/Blocky.obj
[2016.01.19-01.06.04:332][291]LogFbx: FBX Scene Loaded Succesfully
[2016.01.19-01.06.10:906][291]LogFbx: Loading FBX Scene from ../../../../../Unreal Projects/Blocky.obj
[2016.01.19-01.06.10:934][291]LogFbx: FBX Scene Loaded Succesfully
[2016.01.19-01.06.10:959][291]LogFbx:Warning: Triangulating static mesh Cube1_default
[2016.01.19-01.06.10:967][291]LogFbx:Warning: Triangulating static mesh Cube2_default
[2016.01.19-01.06.10:972][291]LogFbx:Warning: Triangulating static mesh Cube3_copy11_default
[2016.01.19-01.06.10:976][291]LogFbx:Warning: Triangulating static mesh Cube3_copy12_default
[2016.01.19-01.06.10:982][291]LogFbx:Warning: Triangulating static mesh Cube3_copy13_default
[2016.01.19-01.06.10:986][291]LogFbx:Warning: Triangulating static mesh Cube3_copy14_default
[2016.01.19-01.06.10:991][291]LogFbx:Warning: Triangulating static mesh Cube3_copy17_default
[2016.01.19-01.06.10:996][291]LogFbx:Warning: Triangulating static mesh Cube3_copy18_default
[2016.01.19-01.06.11:000][291]LogFbx:Warning: Triangulating static mesh Cube3_copy19_default
[2016.01.19-01.06.11:005][291]LogFbx:Warning: Triangulating static mesh Cube3_copy20_default
[2016.01.19-01.06.11:010][291]LogFbx:Warning: Triangulating static mesh Cube3_copy21_default
[2016.01.19-01.06.11:015][291]LogFbx:Warning: Triangulating static mesh Cube3_copy22_default
[2016.01.19-01.06.11:020][291]LogFbx:Warning: Triangulating static mesh Cube3_copy6_default
[2016.01.19-01.06.11:024][291]LogFbx:Warning: Triangulating static mesh Cube3_copy7_default
[2016.01.19-01.06.11:030][291]LogFbx:Warning: Triangulating static mesh Cube3_copy8_default
[2016.01.19-01.06.11:035][291]LogFbx:Warning: Triangulating static mesh Cube3_copy9_default
[2016.01.19-01.06.11:040][291]LogFbx:Warning: Triangulating static mesh Cube3_default
[2016.01.19-01.06.11:046][291]LogFbx:Warning: Triangulating static mesh Cube4_copy10_default
[2016.01.19-01.06.11:051][291]LogFbx:Warning: Triangulating static mesh Cube4_copy15_default
[2016.01.19-01.06.11:055][291]LogFbx:Warning: Triangulating static mesh Cube4_copy16_default
[2016.01.19-01.06.11:061][291]LogFbx:Warning: Triangulating static mesh Cube4_default
[2016.01.19-01.06.11:068][291]LogStaticMesh: Building static mesh Blocky...
[2016.01.19-01.06.11:075][291]LogStaticMesh: Built static mesh [0.007056.2s] /Game/Models/Blocky.Blocky
[2016.01.19-01.07.46:608][834]LogFactory: FactoryCreateBinary: StaticMesh with FbxFactory (0 0 ../../../../../Unreal Projects/Blocky.obj)
[2016.01.19-01.07.46:682][834]LogFbx: Loading FBX Scene from ../../../../../Unreal Projects/Blocky.obj
[2016.01.19-01.07.46:708][834]LogFbx: FBX Scene Loaded Succesfully
[2016.01.19-01.08.01:069][834]LogFbx: Loading FBX Scene from ../../../../../Unreal Projects/Blocky.obj
[2016.01.19-01.08.01:095][834]LogFbx: FBX Scene Loaded Succesfully
[2016.01.19-01.08.01:121][834]LogFbx:Warning: Triangulating static mesh Cube1_default
[2016.01.19-01.08.01:128][834]LogFbx:Warning: Triangulating static mesh Cube2_default
[2016.01.19-01.08.01:132][834]LogFbx:Warning: Triangulating static mesh Cube3_copy11_default
[2016.01.19-01.08.01:138][834]LogFbx:Warning: Triangulating static mesh Cube3_copy12_default
[2016.01.19-01.08.01:142][834]LogFbx:Warning: Triangulating static mesh Cube3_copy13_default
[2016.01.19-01.08.01:147][834]LogFbx:Warning: Triangulating static mesh Cube3_copy14_default
[2016.01.19-01.08.01:152][834]LogFbx:Warning: Triangulating static mesh Cube3_copy17_default
[2016.01.19-01.08.01:157][834]LogFbx:Warning: Triangulating static mesh Cube3_copy18_default
[2016.01.19-01.08.01:162][834]LogFbx:Warning: Triangulating static mesh Cube3_copy19_default
[2016.01.19-01.08.01:167][834]LogFbx:Warning: Triangulating static mesh Cube3_copy20_default
[2016.01.19-01.08.01:173][834]LogFbx:Warning: Triangulating static mesh Cube3_copy21_default
[2016.01.19-01.08.01:178][834]LogFbx:Warning: Triangulating static mesh Cube3_copy22_default
[2016.01.19-01.08.01:183][834]LogFbx:Warning: Triangulating static mesh Cube3_copy6_default
[2016.01.19-01.08.01:188][834]LogFbx:Warning: Triangulating static mesh Cube3_copy7_default
[2016.01.19-01.08.01:193][834]LogFbx:Warning: Triangulating static mesh Cube3_copy8_default
[2016.01.19-01.08.01:197][834]LogFbx:Warning: Triangulating static mesh Cube3_copy9_default
[2016.01.19-01.08.01:203][834]LogFbx:Warning: Triangulating static mesh Cube3_default
[2016.01.19-01.08.01:208][834]LogFbx:Warning: Triangulating static mesh Cube4_copy10_default
[2016.01.19-01.08.01:213][834]LogFbx:Warning: Triangulating static mesh Cube4_copy15_default
[2016.01.19-01.08.01:218][834]LogFbx:Warning: Triangulating static mesh Cube4_copy16_default
[2016.01.19-01.08.01:223][834]LogFbx:Warning: Triangulating static mesh Cube4_default
[2016.01.19-01.08.01:229][834]LogStaticMesh: Building static mesh Blocky...
[2016.01.19-01.08.01:236][834]LogStaticMesh: Built static mesh [0.007270.2s] /Game/Models/Blocky.Blocky
[2016.01.19-01.08.18:991][504]LogPlayLevel: PlayLevel: No blueprints needed recompiling
[2016.01.19-01.08.19:029][504]PIE: New page: PIE session: Desert (Jan 18, 2016, 11:08:18 AM)
[2016.01.19-01.08.19:053][504]LogPlayLevel: Creating play world package: /Game/Collections/UEDPIE_0_Desert
[2016.01.19-01.08.19:099][504]LogPlayLevel: PIE: StaticDuplicateObject took: (0.045324s)
[2016.01.19-01.08.19:100][504]LogAIModule: Creating AISystem for world Desert
[2016.01.19-01.08.19:100][504]LogPlayLevel: PIE: World Init took: (0.001247s)
[2016.01.19-01.08.19:111][504]LogPlayLevel: PIE: Created PIE world by copying editor world from /Game/Collections/Desert.Desert to /Game/Collections/UEDPIE_0_Desert.Desert (0.066789s)
[2016.01.19-01.08.19:177][504]LogInit: XAudio2 using 'Headphones (2- High Definition Audio Device)' : 2 channels at 44.1 kHz using 16 bits per sample (channel mask 0x3)
[2016.01.19-01.08.19:186][504]LogInit: FAudioDevice initialized.
[2016.01.19-01.08.19:407][504]LogWorld: Game class is 'ThirdPersonGameMode_C'
[2016.01.19-01.08.19:521][504]LogWorld: Bringing World /Game/Collections/UEDPIE_0_Desert.Desert up for play (max tick rate 0) at 2016.01.18-18.08.19
[2016.01.19-01.08.19:522][504]LogActor:Warning: GameSession /Game/Collections/UEDPIE_0_Desert.Desert:PersistentLevel.GameSession_0 has natively added scene component(s), but none of them were set as the actor's RootComponent - picking one arbitrarily
[2016.01.19-01.08.19:522][504]LogActor:Warning: GameNetworkManager /Game/Collections/UEDPIE_0_Desert.Desert:PersistentLevel.GameNetworkManager_0 has natively added scene component(s), but none of them were set as the actor's RootComponent - picking one arbitrarily
[2016.01.19-01.08.19:530][504]LogWorld: Bringing up level for play took: 0.020246
[2016.01.19-01.08.19:690][504]PIE: Info Play in editor start time for /Game/Collections/UEDPIE_0_Desert 1.517
[2016.01.19-01.08.30:133][693]LogParticles: Destroying 0 GPU particle simulations for FXSystem 0x00000027B7F532E0
[2016.01.19-01.14.54:012][340]LogFactory: FactoryCreateBinary: StaticMesh with FbxFactory (0 0 ../../../../../Unreal Projects/Blocky.obj)
[2016.01.19-01.14.54:086][340]LogFbx: Loading FBX Scene from ../../../../../Unreal Projects/Blocky.obj
[2016.01.19-01.14.54:111][340]LogFbx: FBX Scene Loaded Succesfully
[2016.01.19-01.15.09:824][340]LogFbx: Loading FBX Scene from ../../../../../Unreal Projects/Blocky.obj
[2016.01.19-01.15.09:853][340]LogFbx: FBX Scene Loaded Succesfully
[2016.01.19-01.15.09:880][340]LogFbx:Warning: Triangulating static mesh Cube1_default
[2016.01.19-01.15.09:887][340]LogFbx:Warning: Triangulating static mesh Cube2_default
[2016.01.19-01.15.09:892][340]LogFbx:Warning: Triangulating static mesh Cube3_copy11_default
[2016.01.19-01.15.09:896][340]LogFbx:Warning: Triangulating static mesh Cube3_copy12_default
[2016.01.19-01.15.09:901][340]LogFbx:Warning: Triangulating static mesh Cube3_copy13_default
[2016.01.19-01.15.09:906][340]LogFbx:Warning: Triangulating static mesh Cube3_copy14_default
[2016.01.19-01.15.09:912][340]LogFbx:Warning: Triangulating static mesh Cube3_copy17_default
[2016.01.19-01.15.09:917][340]LogFbx:Warning: Triangulating static mesh Cube3_copy18_default
[2016.01.19-01.15.09:922][340]LogFbx:Warning: Triangulating static mesh Cube3_copy19_default
[2016.01.19-01.15.09:928][340]LogFbx:Warning: Triangulating static mesh Cube3_copy20_default
[2016.01.19-01.15.09:933][340]LogFbx:Warning: Triangulating static mesh Cube3_copy21_default
[2016.01.19-01.15.09:938][340]LogFbx:Warning: Triangulating static mesh Cube3_copy22_default
[2016.01.19-01.15.09:943][340]LogFbx:Warning: Triangulating static mesh Cube3_copy6_default
[2016.01.19-01.15.09:948][340]LogFbx:Warning: Triangulating static mesh Cube3_copy7_default
[2016.01.19-01.15.09:954][340]LogFbx:Warning: Triangulating static mesh Cube3_copy8_default
[2016.01.19-01.15.09:959][340]LogFbx:Warning: Triangulating static mesh Cube3_copy9_default
[2016.01.19-01.15.09:964][340]LogFbx:Warning: Triangulating static mesh Cube3_default
[2016.01.19-01.15.09:969][340]LogFbx:Warning: Triangulating static mesh Cube4_copy10_default
[2016.01.19-01.15.09:974][340]LogFbx:Warning: Triangulating static mesh Cube4_copy15_default
[2016.01.19-01.15.09:980][340]LogFbx:Warning: Triangulating static mesh Cube4_copy16_default
[2016.01.19-01.15.09:985][340]LogFbx:Warning: Triangulating static mesh Cube4_default
[2016.01.19-01.15.09:991][340]LogStaticMesh: Building static mesh Blocky...
[2016.01.19-01.15.09:999][340]LogStaticMesh: Built static mesh [0.007805.2s] /Game/Models/Blocky.Blocky
[2016.01.19-01.15.15:706][812]LogPlayLevel: PlayLevel: No blueprints needed recompiling
[2016.01.19-01.15.15:707][812]PIE: New page: PIE session: Desert (Jan 18, 2016, 11:15:15 AM)
[2016.01.19-01.15.15:707][812]LogPlayLevel: Creating play world package: /Game/Collections/UEDPIE_0_Desert
[2016.01.19-01.15.15:737][812]LogPlayLevel: PIE: StaticDuplicateObject took: (0.029672s)
[2016.01.19-01.15.15:739][812]LogAIModule: Creating AISystem for world Desert
[2016.01.19-01.15.15:739][812]LogPlayLevel: PIE: World Init took: (0.001491s)
[2016.01.19-01.15.15:739][812]LogPlayLevel: PIE: Created PIE world by copying editor world from /Game/Collections/Desert.Desert to /Game/Collections/UEDPIE_0_Desert.Desert (0.031432s)
[2016.01.19-01.15.15:762][812]LogInit: XAudio2 using 'Headphones (2- High Definition Audio Device)' : 2 channels at 44.1 kHz using 16 bits per sample (channel mask 0x3)
[2016.01.19-01.15.15:770][812]LogInit: FAudioDevice initialized.
[2016.01.19-01.15.15:809][812]LogWorld: Game class is 'ThirdPersonGameMode_C'
[2016.01.19-01.15.15:821][812]LogWorld: Bringing World /Game/Collections/UEDPIE_0_Desert.Desert up for play (max tick rate 0) at 2016.01.18-18.15.15
[2016.01.19-01.15.15:821][812]LogActor:Warning: GameSession /Game/Collections/UEDPIE_0_Desert.Desert:PersistentLevel.GameSession_1 has natively added scene component(s), but none of them were set as the actor's RootComponent - picking one arbitrarily
[2016.01.19-01.15.15:822][812]LogActor:Warning: GameNetworkManager /Game/Collections/UEDPIE_0_Desert.Desert:PersistentLevel.GameNetworkManager_1 has natively added scene component(s), but none of them were set as the actor's RootComponent - picking one arbitrarily
[2016.01.19-01.15.15:822][812]LogWorld: Bringing up level for play took: 0.011045
[2016.01.19-01.15.15:837][812]PIE: Info Play in editor start time for /Game/Collections/UEDPIE_0_Desert -0.336
[2016.01.19-01.15.23:617][726]LogParticles: Destroying 0 GPU particle simulations for FXSystem 0x00000027B7F507C0
[2016.01.19-01.15.28:695][189]LogEditorViewport: Clicking on Actor (context menu): Landscape (Landscape1)
[2016.01.19-01.15.30:147][298]LogEditorViewport: Clicking on Actor (LMB): StaticMeshActor (Blocky)
[2016.01.19-01.15.30:692][344]LogEditorViewport: Clicking on Actor (context menu): StaticMeshActor (Blocky)
[2016.01.19-01.15.34:411][631]LogEditorViewport: Clicking on Actor (LMB): Landscape (Landscape1)
[2016.01.19-01.15.36:514][761]LogActorFactory: Actor Factory created Blocky
[2016.01.19-01.15.37:861][884]LogActorFactory: Actor Factory created Blocky
[2016.01.19-01.16.18:190][531]Cmd: OBJ SAVEPACKAGE PACKAGE="/Game/Collections/Desert" FILE="../../../../../Unreal Projects/Wayfarer/Saved/Autosaves/Game/Collections/Desert_Auto1.umap" SILENT=true AUTOSAVING=true KEEPDIRTY=false
[2016.01.19-01.16.18:688][531]LogSavePackage: Save=443.655121ms
[2016.01.19-01.16.18:688][531]LogSavePackage: Moving '../../../../../Unreal Projects/Wayfarer/Saved/Desert_Auto1E938681841E8C6274F3122BC0FDE8D5C.tmp' to '../../../../../Unreal Projects/Wayfarer/Saved/Autosaves/Game/Collections/Desert_Auto1.umap'
[2016.01.19-01.16.18:703][531]LogSavePackage: Total save time: 509.895131ms
[2016.01.19-01.16.18:703][531]LogSavePackage:Display: Finished SavePackage ../../../../../Unreal Projects/Wayfarer/Saved/Autosaves/Game/Collections/Desert_Auto1.umap
[2016.01.19-01.16.18:704][531]LogFileHelpers: Editor autosave (incl. sublevels) for '/Game/Collections/Desert' took 0.535
[2016.01.19-01.16.18:705][531]LogFileHelpers: Editor autosave (incl. sublevels) for all levels took 0.535
[2016.01.19-01.16.18:709][531]OBJ SavePackage: Generating thumbnails for [1] asset(s) in package [/Game/Models/Blocky] ([1] browsable assets)...
[2016.01.19-01.16.18:740][531]OBJ SavePackage:     Rendered thumbnail for [StaticMesh /Game/Models/Blocky.Blocky]
[2016.01.19-01.16.18:740][531]OBJ SavePackage: Finished generating thumbnails for package [/Game/Models/Blocky]
[2016.01.19-01.16.18:740][531]Cmd: OBJ SAVEPACKAGE PACKAGE="/Game/Models/Blocky" FILE="../../../../../Unreal Projects/Wayfarer/Saved/Autosaves/Game/Models/Blocky_Auto1.uasset" SILENT=false AUTOSAVING=true
[2016.01.19-01.16.18:767][531]LogSavePackage: Save=14.521086ms
[2016.01.19-01.16.18:767][531]LogSavePackage: Moving '../../../../../Unreal Projects/Wayfarer/Saved/Blocky_Auto1817F0D6346C053ED865351ABCA9DE955.tmp' to '../../../../../Unreal Projects/Wayfarer/Saved/Autosaves/Game/Models/Blocky_Auto1.uasset'
[2016.01.19-01.16.18:768][531]LogSavePackage: Total save time: 26.149251ms
[2016.01.19-01.16.18:768][531]LogSavePackage:Display: Finished SavePackage ../../../../../Unreal Projects/Wayfarer/Saved/Autosaves/Game/Models/Blocky_Auto1.uasset
[2016.01.19-01.16.18:768][531]LogFileHelpers: Auto-saving content packages took 0.062
[2016.01.19-01.16.21:398][690]Cmd: DELETE
[2016.01.19-01.16.21:398][690]Cmd: ACTOR DELETE
[2016.01.19-01.16.21:405][690]LogEditorActor: Deleted Actor: StaticMeshActor
[2016.01.19-01.16.21:424][690]LogEditorActor: Deleted 1 Actors (0.025 secs)
[2016.01.19-01.16.22:022][757]LogEditorViewport: Clicking on Actor (LMB): StaticMeshActor (Blocky)
[2016.01.19-01.16.22:135][763]Cmd: DELETE
[2016.01.19-01.16.22:135][763]Cmd: ACTOR DELETE
[2016.01.19-01.16.22:144][763]LogEditorActor: Deleted Actor: StaticMeshActor
[2016.01.19-01.16.22:163][763]LogEditorActor: Deleted 1 Actors (0.028 secs)
[2016.01.19-01.16.26:666][824]LogFactory: FactoryCreateBinary: StaticMesh with FbxFactory (0 0 ../../../../../Unreal Projects/Blocky.obj)
[2016.01.19-01.16.26:748][824]LogFbx: Loading FBX Scene from ../../../../../Unreal Projects/Blocky.obj
[2016.01.19-01.16.26:840][824]LogFbx: FBX Scene Loaded Succesfully
[2016.01.19-01.16.36:109][824]LogFbx: Loading FBX Scene from ../../../../../Unreal Projects/Blocky.obj
[2016.01.19-01.16.36:132][824]LogFbx: FBX Scene Loaded Succesfully
[2016.01.19-01.16.36:170][824]LogLinker:Warning: Can't find file '/Game/Models/Cube1_auv'
[2016.01.19-01.16.36:170][824]LogLinker:Warning: Can't find file '/Game/Models/Cube1_auv'
[2016.01.19-01.16.36:189][824]LogUObjectGlobals:Warning: Failed to find object 'Texture /Game/Models/Cube1_auv.Cube1_auv'
[2016.01.19-01.16.36:288][824]LogTexture:Display: Building textures: Cube1_auv2 (AutoDXT)
[2016.01.19-01.16.36:553][824]LogMaterial: Missing cached shader map for material Cube1_auv, compiling. 
[2016.01.19-01.16.36:562][824]LogFbx:Warning: Triangulating static mesh Cube1_Cube1_auv
[2016.01.19-01.16.36:677][824]LogStaticMesh: Building static mesh Blocky...
[2016.01.19-01.16.36:723][824]LogStaticMesh: Built static mesh [0.045787.2s] /Game/Models/Blocky.Blocky
[2016.01.19-01.16.38:613][921]LogActorFactory: Actor Factory created Blocky
[2016.01.19-01.16.39:962][ 72]LogActorFactory: Actor Factory created Blocky
[2016.01.19-01.16.41:262][148]LogActorFactory: Actor Factory created Blocky
[2016.01.19-01.16.42:383][243]LogActorFactory: Actor Factory created Blocky
[2016.01.19-01.16.44:191][343]LogActorFactory: Actor Factory created Blocky
[2016.01.19-01.16.45:838][484]LogActorFactory: Actor Factory created Blocky
[2016.01.19-01.16.47:261][560]LogActorFactory: Actor Factory created Blocky
[2016.01.19-01.16.48:780][690]LogActorFactory: Actor Factory created Blocky
[2016.01.19-01.16.51:333][876]LogActorFactory: Actor Factory created Blocky
[2016.01.19-01.16.52:693][991]LogActorFactory: Actor Factory created Blocky
[2016.01.19-01.17.58:800][515]Cmd: TRANSACTION UNDO
[2016.01.19-01.17.58:800][515]LogEditorTransaction: Undo Create Actors
[2016.01.19-01.18.17:060][645]LogPlayLevel: PlayLevel: No blueprints needed recompiling
[2016.01.19-01.18.17:060][645]PIE: New page: PIE session: Desert (Jan 18, 2016, 11:18:17 AM)
[2016.01.19-01.18.17:060][645]LogPlayLevel: Creating play world package: /Game/Collections/UEDPIE_0_Desert
[2016.01.19-01.18.17:089][645]LogPlayLevel: PIE: StaticDuplicateObject took: (0.028934s)
[2016.01.19-01.18.17:090][645]LogAIModule: Creating AISystem for world Desert
[2016.01.19-01.18.17:090][645]LogPlayLevel: PIE: World Init took: (0.001298s)
[2016.01.19-01.18.17:091][645]LogPlayLevel: PIE: Created PIE world by copying editor world from /Game/Collections/Desert.Desert to /Game/Collections/UEDPIE_0_Desert.Desert (0.030564s)
[2016.01.19-01.18.17:113][645]LogInit: XAudio2 using 'Headphones (2- High Definition Audio Device)' : 2 channels at 44.1 kHz using 16 bits per sample (channel mask 0x3)
[2016.01.19-01.18.17:121][645]LogInit: FAudioDevice initialized.
[2016.01.19-01.18.17:158][645]LogWorld: Game class is 'ThirdPersonGameMode_C'
[2016.01.19-01.18.17:171][645]LogWorld: Bringing World /Game/Collections/UEDPIE_0_Desert.Desert up for play (max tick rate 0) at 2016.01.18-18.18.17
[2016.01.19-01.18.17:171][645]LogActor:Warning: GameSession /Game/Collections/UEDPIE_0_Desert.Desert:PersistentLevel.GameSession_2 has natively added scene component(s), but none of them were set as the actor's RootComponent - picking one arbitrarily
[2016.01.19-01.18.17:171][645]LogActor:Warning: GameNetworkManager /Game/Collections/UEDPIE_0_Desert.Desert:PersistentLevel.GameNetworkManager_2 has natively added scene component(s), but none of them were set as the actor's RootComponent - picking one arbitrarily
[2016.01.19-01.18.17:172][645]LogWorld: Bringing up level for play took: 0.011973
[2016.01.19-01.18.17:175][645]PIE: Info Play in editor start time for /Game/Collections/UEDPIE_0_Desert 1.002
[2016.01.19-01.19.00:206][461]LogParticles: Destroying 0 GPU particle simulations for FXSystem 0x00000027945298A0
[2016.01.19-01.19.02:915][667]Cmd: OBJ SAVEPACKAGE PACKAGE="/Game/Collections/Desert" FILE="../../../../../Unreal Projects/Wayfarer/Content/Collections/Desert.umap" SILENT=true AUTOSAVING=false KEEPDIRTY=false
[2016.01.19-01.19.03:420][667]LogSavePackage: Save=477.980499ms
[2016.01.19-01.19.03:420][667]LogSavePackage: Moving '../../../../../Unreal Projects/Wayfarer/Saved/DesertC7C59AF64B7488E4D8E1DF91A3F46A0E.tmp' to '../../../../../Unreal Projects/Wayfarer/Content/Collections/Desert.umap'
[2016.01.19-01.19.03:445][667]LogSavePackage: Total save time: 510.493141ms
[2016.01.19-01.19.03:445][667]LogSavePackage:Display: Finished SavePackage ../../../../../Unreal Projects/Wayfarer/Content/Collections/Desert.umap
[2016.01.19-01.19.03:488][667]LogFileHelpers: Saving map 'Desert' took 0.653
[2016.01.19-01.19.03:520][667]Cmd: OBJ SAVEPACKAGE PACKAGE="/Game/Models/Blocky" FILE="../../../../../Unreal Projects/Wayfarer/Content/Models/Blocky.uasset" SILENT=true
[2016.01.19-01.19.03:543][667]LogSavePackage: Save=14.708038ms
[2016.01.19-01.19.03:543][667]LogSavePackage: Moving '../../../../../Unreal Projects/Wayfarer/Saved/Blocky006325E6480EB10FFC595B83B0A2F1AC.tmp' to '../../../../../Unreal Projects/Wayfarer/Content/Models/Blocky.uasset'
[2016.01.19-01.19.03:545][667]LogSavePackage: Total save time: 23.866329ms
[2016.01.19-01.19.03:545][667]LogSavePackage:Display: Finished SavePackage ../../../../../Unreal Projects/Wayfarer/Content/Models/Blocky.uasset
[2016.01.19-01.19.03:580][667]Cmd: OBJ SAVEPACKAGE PACKAGE="/Game/Models/Cube1_auv" FILE="../../../../../Unreal Projects/Wayfarer/Content/Models/Cube1_auv.uasset" SILENT=true
[2016.01.19-01.19.03:599][667]LogSavePackage: Save=17.531624ms
[2016.01.19-01.19.03:599][667]LogSavePackage: Moving '../../../../../Unreal Projects/Wayfarer/Saved/Cube1_auv4867A912459610809B919A918EB47C85.tmp' to '../../../../../Unreal Projects/Wayfarer/Content/Models/Cube1_auv.uasset'
[2016.01.19-01.19.03:601][667]LogSavePackage: Total save time: 19.507345ms
[2016.01.19-01.19.03:601][667]LogSavePackage:Display: Finished SavePackage ../../../../../Unreal Projects/Wayfarer/Content/Models/Cube1_auv.uasset
[2016.01.19-01.19.03:620][667]Cmd: OBJ SAVEPACKAGE PACKAGE="/Game/Models/Cube1_auv2" FILE="../../../../../Unreal Projects/Wayfarer/Content/Models/Cube1_auv2.uasset" SILENT=true
[2016.01.19-01.19.03:651][667]LogSavePackage: Save=30.071724ms
[2016.01.19-01.19.03:651][667]LogSavePackage: Moving '../../../../../Unreal Projects/Wayfarer/Saved/Cube1_auv2278F5FBA410D5CD84ED9EFBB4434B090.tmp' to '../../../../../Unreal Projects/Wayfarer/Content/Models/Cube1_auv2.uasset'
[2016.01.19-01.19.03:653][667]LogSavePackage: Total save time: 31.945042ms
[2016.01.19-01.19.03:653][667]LogSavePackage:Display: Finished SavePackage ../../../../../Unreal Projects/Wayfarer/Content/Models/Cube1_auv2.uasset
[2016.01.19-01.19.05:134][775]LogWindowsTextInputMethodSystem:Display: IME system now deactivated.
[2016.01.19-01.19.05:503][776]Cmd: QUIT_EDITOR
[2016.01.19-01.19.06:687][776]LogExit: Preparing to exit.
[2016.01.19-01.19.07:701][776]LogExit: Editor shut down
[2016.01.19-01.19.07:702][776]LogExit: Transaction tracking system shut down
[2016.01.19-01.19.07:782][776]LogParticles: Destroying 0 GPU particle simulations for FXSystem 0x00000027D9F05800
[2016.01.19-01.19.07:783][776]LogParticles: Destroying 0 GPU particle simulations for FXSystem 0x00000027CF1AA3E0
[2016.01.19-01.19.07:783][776]LogParticles: Destroying 0 GPU particle simulations for FXSystem 0x00000027D30ED620
[2016.01.19-01.19.09:212][776]LogParticles: Destroying 0 GPU particle simulations for FXSystem 0x00000027D9D0B560
[2016.01.19-01.19.09:212][776]LogExit: Object subsystem successfully closed.
[2016.01.19-01.19.09:429][776]LogD3D11RHI: Shutdown
[2016.01.19-01.19.09:440][776]LogD3D11RHI: CleanupD3DDevice
[2016.01.19-01.19.09:749][776]LogD3D11RHI: ~FD3D11DynamicRHI
[2016.01.19-01.19.10:463][776]LogModuleManager: Shutting down and abandoning module CookingStats (199)
[2016.01.19-01.19.10:464][776]LogModuleManager: Shutting down and abandoning module CrashTracker (198)
[2016.01.19-01.19.10:464][776]LogModuleManager: Shutting down and abandoning module SceneOutliner (197)
[2016.01.19-01.19.10:464][776]LogModuleManager: Shutting down and abandoning module SuperSearch (196)
[2016.01.19-01.19.10:464][776]LogModuleManager: Shutting down and abandoning module WidgetCarousel (195)
[2016.01.19-01.19.10:470][776]LogModuleManager: Shutting down and abandoning module AddContentDialog (194)
[2016.01.19-01.19.10:484][776]LogModuleManager: Shutting down and abandoning module EditorWidgets (193)
[2016.01.19-01.19.10:484][776]LogModuleManager: Shutting down and abandoning module CollectionManager (192)
[2016.01.19-01.19.10:516][776]LogModuleManager: Shutting down and abandoning module StatsViewer (191)
[2016.01.19-01.19.10:532][776]LogModuleManager: Shutting down and abandoning module FoliageEdit (190)
[2016.01.19-01.19.10:532][776]LogModuleManager: Shutting down and abandoning module LandscapeEditor (189)
[2016.01.19-01.19.10:550][776]LogModuleManager: Shutting down and abandoning module ActorPickerMode (188)
[2016.01.19-01.19.10:550][776]LogModuleManager: Shutting down and abandoning module GeometryMode (187)
[2016.01.19-01.19.10:550][776]LogModuleManager: Shutting down and abandoning module TextureAlignMode (186)
[2016.01.19-01.19.10:550][776]LogModuleManager: Shutting down and abandoning module BspMode (185)
[2016.01.19-01.19.10:550][776]LogModuleManager: Shutting down and abandoning module PlacementMode (184)
[2016.01.19-01.19.10:550][776]LogModuleManager: Shutting down and abandoning module AutomationWorker (183)
[2016.01.19-01.19.10:550][776]LogModuleManager: Shutting down and abandoning module CharacterAI (182)
[2016.01.19-01.19.10:550][776]LogModuleManager: Shutting down and abandoning module SmartSnapping (181)
[2016.01.19-01.19.10:550][776]LogModuleManager: Shutting down and abandoning module ViewportSnapping (180)
[2016.01.19-01.19.10:550][776]LogModuleManager: Shutting down and abandoning module LogVisualizer (179)
[2016.01.19-01.19.10:576][776]LogModuleManager: Shutting down and abandoning module GameProjectGeneration (178)
[2016.01.19-01.19.10:613][776]LogModuleManager: Shutting down and abandoning module IntroTutorials (177)
[2016.01.19-01.19.10:633][776]LogModuleManager: Shutting down and abandoning module EditorLiveStreaming (176)
[2016.01.19-01.19.10:633][776]LogModuleManager: Shutting down and abandoning module IOSPlatformEditor (175)
[2016.01.19-01.19.10:646][776]LogModuleManager: Shutting down and abandoning module HTML5PlatformEditor (174)
[2016.01.19-01.19.10:646][776]LogModuleManager: Shutting down and abandoning module AndroidDeviceDetection (173)
[2016.01.19-01.19.10:745][776]LogModuleManager: Shutting down and abandoning module AndroidPlatformEditor (172)
[2016.01.19-01.19.10:745][776]LogModuleManager: Shutting down and abandoning module IOSRuntimeSettings (171)
[2016.01.19-01.19.10:745][776]LogModuleManager: Shutting down and abandoning module AndroidRuntimeSettings (170)
[2016.01.19-01.19.10:745][776]LogModuleManager: Shutting down and abandoning module MergeActors (169)
[2016.01.19-01.19.10:753][776]LogModuleManager: Shutting down and abandoning module SizeMap (168)
[2016.01.19-01.19.10:753][776]LogModuleManager: Shutting down and abandoning module TreeMap (167)
[2016.01.19-01.19.10:782][776]LogModuleManager: Shutting down and abandoning module ReferenceViewer (166)
[2016.01.19-01.19.10:782][776]LogModuleManager: Shutting down and abandoning module LocalizationService (165)
[2016.01.19-01.19.10:788][776]LogModuleManager: Shutting down and abandoning module LocalizationDashboard (164)
[2016.01.19-01.19.10:810][776]LogModuleManager: Shutting down and abandoning module HardwareTargeting (163)
[2016.01.19-01.19.10:817][776]LogModuleManager: Shutting down and abandoning module DeviceProfileEditor (162)
[2016.01.19-01.19.10:842][776]LogModuleManager: Shutting down and abandoning module UndoHistory (161)
[2016.01.19-01.19.10:853][776]LogModuleManager: Shutting down and abandoning module GameplayTagsEditor (160)
[2016.01.19-01.19.10:862][776]LogModuleManager: Shutting down and abandoning module UserFeedback (159)
[2016.01.19-01.19.10:862][776]LogModuleManager: Shutting down and abandoning module XmlParser (158)
[2016.01.19-01.19.10:862][776]LogModuleManager: Shutting down and abandoning module Blutility (157)
[2016.01.19-01.19.10:862][776]LogModuleManager: Shutting down and abandoning module ProjectTargetPlatformEditor (156)
[2016.01.19-01.19.10:875][776]LogModuleManager: Shutting down and abandoning module ProjectSettingsViewer (155)
[2016.01.19-01.19.10:875][776]LogModuleManager: Shutting down and abandoning module InputBindingEditor (154)
[2016.01.19-01.19.10:894][776]LogModuleManager: Shutting down and abandoning module EditorSettingsViewer (153)
[2016.01.19-01.19.10:894][776]LogModuleManager: Shutting down and abandoning module SettingsEditor (152)
[2016.01.19-01.19.10:894][776]LogModuleManager: Shutting down and abandoning module ProjectLauncher (151)
[2016.01.19-01.19.10:899][776]LogModuleManager: Shutting down and abandoning module SessionFrontend (150)
[2016.01.19-01.19.10:907][776]LogModuleManager: Shutting down and abandoning module ProfilerClient (149)
[2016.01.19-01.19.10:908][776]LogModuleManager: Shutting down and abandoning module TargetDeviceServices (148)
[2016.01.19-01.19.10:908][776]LogModuleManager: Shutting down and abandoning module DeviceManager (147)
[2016.01.19-01.19.10:920][776]LogModuleManager: Shutting down and abandoning module AutomationController (146)
[2016.01.19-01.19.10:931][776]LogModuleManager: Shutting down and abandoning module AutomationWindow (145)
[2016.01.19-01.19.10:950][776]LogModuleManager: Shutting down and abandoning module Layers (144)
[2016.01.19-01.19.10:986][776]LogModuleManager: Shutting down and abandoning module ComponentVisualizers (143)
[2016.01.19-01.19.10:986][776]LogModuleManager: Shutting down and abandoning module DetailCustomizations (142)
[2016.01.19-01.19.10:986][776]LogModuleManager: Shutting down and abandoning module PackagesDialog (141)
[2016.01.19-01.19.10:986][776]LogModuleManager: Shutting down and abandoning module Persona (140)
[2016.01.19-01.19.11:063][776]LogModuleManager: Shutting down and abandoning module Kismet (139)
[2016.01.19-01.19.11:078][776]LogModuleManager: Shutting down and abandoning module GraphEditor (138)
[2016.01.19-01.19.11:121][776]LogModuleManager: Shutting down and abandoning module ClassViewer (137)
[2016.01.19-01.19.11:128][776]LogModuleManager: Shutting down and abandoning module Toolbox (136)
[2016.01.19-01.19.11:128][776]LogModuleManager: Shutting down and abandoning module ModuleUI (135)
[2016.01.19-01.19.11:138][776]LogModuleManager: Shutting down and abandoning module MovieSceneTools (134)
[2016.01.19-01.19.11:152][776]LogModuleManager: Shutting down and abandoning module OutputLog (133)
[2016.01.19-01.19.11:152][776]LogModuleManager: Shutting down and abandoning module GammaUI (132)
[2016.01.19-01.19.11:165][776]LogModuleManager: Shutting down and abandoning module Documentation (131)
[2016.01.19-01.19.11:165][776]LogModuleManager: Shutting down and abandoning module GameLiveStreaming (130)
[2016.01.19-01.19.11:177][776]LogModuleManager: Shutting down and abandoning module StreamingPauseRendering (129)
[2016.01.19-01.19.11:177][776]LogModuleManager: Shutting down and abandoning module AnalyticsET (128)
[2016.01.19-01.19.11:177][776]LogModuleManager: Shutting down and abandoning module Analytics (127)
[2016.01.19-01.19.11:177][776]LogModuleManager: Shutting down and abandoning module AITestSuite (126)
[2016.01.19-01.19.11:214][776]LogModuleManager: Shutting down and abandoning module GameplayDebugger (125)
[2016.01.19-01.19.11:224][776]LogModuleManager: Shutting down and abandoning module AIModule (124)
[2016.01.19-01.19.11:225][776]LogModuleManager: Shutting down and abandoning module ProfilerService (123)
[2016.01.19-01.19.11:262][776]LogModuleManager: Shutting down and abandoning module TaskGraph (122)
[2016.01.19-01.19.11:283][776]LogModuleManager: Shutting down and abandoning module SlateRemote (121)
[2016.01.19-01.19.11:283][776]LogModuleManager: Shutting down and abandoning module SteamVRController (120)
[2016.01.19-01.19.11:283][776]LogModuleManager: Shutting down and abandoning module SteamVR (119)
[2016.01.19-01.19.11:283][776]LogModuleManager: Shutting down and abandoning module ProceduralMeshComponent (118)
[2016.01.19-01.19.11:283][776]LogModuleManager: Shutting down and abandoning module OculusLibrary (117)
[2016.01.19-01.19.11:283][776]LogModuleManager: Shutting down and abandoning module OculusInput (116)
[2016.01.19-01.19.11:283][776]LogModuleManager: Shutting down and abandoning module LeapMotionController (115)
[2016.01.19-01.19.11:334][776]LogModuleManager: Shutting down and abandoning module CustomMeshComponent (114)
[2016.01.19-01.19.11:334][776]LogModuleManager: Shutting down and abandoning module CableComponent (113)
[2016.01.19-01.19.11:342][776]LogModuleManager: Shutting down and abandoning module ArchVisCharacter (112)
[2016.01.19-01.19.11:342][776]LogModuleManager: Shutting down and abandoning module MessagingDebugger (111)
[2016.01.19-01.19.11:363][776]LogModuleManager: Shutting down and abandoning module MediaPlayerEditor (110)
[2016.01.19-01.19.11:384][776]LogModuleManager: Shutting down and abandoning module HTML5Networking (109)
[2016.01.19-01.19.11:384][776]LogModuleManager: Shutting down and abandoning module SpeedTreeImporter (108)
[2016.01.19-01.19.11:384][776]LogModuleManager: Shutting down and abandoning module PluginBrowser (107)
[2016.01.19-01.19.11:392][776]LogModuleManager: Shutting down and abandoning module EpicSurvey (106)
[2016.01.19-01.19.11:408][776]LogModuleManager: Shutting down and abandoning module DesktopPlatform (105)
[2016.01.19-01.19.11:428][776]LogModuleManager: Shutting down and abandoning module VisualStudioSourceCodeAccess (104)
[2016.01.19-01.19.11:428][776]LogModuleManager: Shutting down and abandoning module UObjectPlugin (103)
[2016.01.19-01.19.11:428][776]LogModuleManager: Shutting down and abandoning module SubversionSourceControl (102)
[2016.01.19-01.19.11:445][776]LogModuleManager: Shutting down and abandoning module PerforceSourceControl (101)
[2016.01.19-01.19.11:454][776]LogModuleManager: Shutting down and abandoning module SourceControl (100)
[2016.01.19-01.19.11:468][776]LogModuleManager: Shutting down and abandoning module GitSourceControl (99)
[2016.01.19-01.19.11:490][776]LogModuleManager: Shutting down and abandoning module LightPropagationVolumeEditor (98)
[2016.01.19-01.19.11:491][776]LogModuleManager: Shutting down and abandoning module PaperTiledImporter (97)
[2016.01.19-01.19.11:502][776]LogModuleManager: Shutting down and abandoning module PaperSpriteSheetImporter (96)
[2016.01.19-01.19.11:502][776]LogModuleManager: Shutting down and abandoning module MeshPaint (95)
[2016.01.19-01.19.11:502][776]LogModuleManager: Shutting down and abandoning module SlateReflector (94)
[2016.01.19-01.19.11:520][776]LogModuleManager: Shutting down and abandoning module HotReload (93)
[2016.01.19-01.19.11:529][776]LogModuleManager: Shutting down and abandoning module MainFrame (92)
[2016.01.19-01.19.11:529][776]LogModuleManager: Shutting down and abandoning module LevelEditor (91)
[2016.01.19-01.19.11:542][776]LogModuleManager: Shutting down and abandoning module DirectoryWatcher (90)
[2016.01.19-01.19.11:546][776]LogModuleManager: Shutting down and abandoning module AssetRegistry (89)
[2016.01.19-01.19.11:680][776]LogModuleManager: Shutting down and abandoning module ContentBrowser (88)
[2016.01.19-01.19.11:681][776]LogModuleManager: Shutting down and abandoning module Paper2DEditor (87)
[2016.01.19-01.19.11:697][776]LogModuleManager: Shutting down and abandoning module UdpMessaging (86)
[2016.01.19-01.19.11:798][776]LogModuleManager: Shutting down and abandoning module LightPropagationVolumeRuntime (85)
[2016.01.19-01.19.11:798][776]LogModuleManager: Shutting down and abandoning module Paper2D (84)
[2016.01.19-01.19.11:818][776]LogModuleManager: Shutting down and abandoning module WindowsMoviePlayer (83)
[2016.01.19-01.19.11:823][776]LogModuleManager: Shutting down and abandoning module Media (82)
[2016.01.19-01.19.11:823][776]LogModuleManager: Shutting down and abandoning module WmfMedia (81)
[2016.01.19-01.19.11:834][776]LogModuleManager: Shutting down and abandoning module OnlineBlueprintSupport (80)
[2016.01.19-01.19.11:834][776]LogModuleManager: Shutting down and abandoning module GameplayTasksEditor (79)
[2016.01.19-01.19.11:834][776]LogModuleManager: Shutting down and abandoning module PropertyEditor (78)
[2016.01.19-01.19.11:834][776]LogModuleManager: Shutting down and abandoning module BehaviorTreeEditor (77)
[2016.01.19-01.19.11:852][776]LogModuleManager: Shutting down and abandoning module FunctionalTesting (76)
[2016.01.19-01.19.11:852][776]LogModuleManager: Shutting down and abandoning module CollisionAnalyzer (75)
[2016.01.19-01.19.11:873][776]LogModuleManager: Shutting down and abandoning module WorkspaceMenuStructure (74)
[2016.01.19-01.19.11:873][776]LogModuleManager: Shutting down and abandoning module MessageLog (73)
[2016.01.19-01.19.11:873][776]LogModuleManager: Shutting down and abandoning module Sequencer (72)
[2016.01.19-01.19.11:904][776]LogModuleManager: Shutting down and abandoning module AssetTools (71)
[2016.01.19-01.19.11:922][776]LogModuleManager: Shutting down and abandoning module UMGEditor (70)
[2016.01.19-01.19.11:944][776]LogModuleManager: Shutting down and abandoning module UMG (69)
[2016.01.19-01.19.11:960][776]LogModuleManager: Shutting down and abandoning module Slate (68)
[2016.01.19-01.19.11:960][776]LogModuleManager: Shutting down and abandoning module EditorStyle (67)
[2016.01.19-01.19.11:962][776]LogModuleManager: Shutting down and abandoning module SessionServices (66)
[2016.01.19-01.19.11:962][776]LogModuleManager: Shutting down and abandoning module SourceCodeAccess (65)
[2016.01.19-01.19.11:962][776]LogModuleManager: Shutting down and abandoning module HeadMountedDisplay (64)
[2016.01.19-01.19.11:962][776]LogModuleManager: Shutting down and abandoning module XAudio2 (63)
[2016.01.19-01.19.11:962][776]LogModuleManager: Shutting down and abandoning module Networking (61)
[2016.01.19-01.19.11:962][776]LogModuleManager: Shutting down and abandoning module Core (60)
[2016.01.19-01.19.11:962][776]LogModuleManager: Shutting down and abandoning module KismetCompiler (59)
[2016.01.19-01.19.11:962][776]LogModuleManager: Shutting down and abandoning module PhysXFormats (58)
[2016.01.19-01.19.11:962][776]LogModuleManager: Shutting down and abandoning module MeshUtilities (57)
[2016.01.19-01.19.11:972][776]LogModuleManager: Shutting down and abandoning module DerivedDataCache (56)
[2016.01.19-01.19.12:029][776]LogDerivedDataCache: Shutdown
[2016.01.19-01.19.12:029][776]LogModuleManager: Shutting down and abandoning module ShaderFormatOpenGL (55)
[2016.01.19-01.19.12:058][776]LogModuleManager: Shutting down and abandoning module ShaderFormatD3D (54)
[2016.01.19-01.19.12:058][776]LogModuleManager: Shutting down and abandoning module MetalShaderFormat (53)
[2016.01.19-01.19.12:089][776]LogModuleManager: Shutting down and abandoning module TextureFormatUncompressed (52)
[2016.01.19-01.19.12:089][776]LogModuleManager: Shutting down and abandoning module TextureFormatPVR (51)
[2016.01.19-01.19.12:089][776]LogModuleManager: Shutting down and abandoning module TextureFormatIntelISPCTexComp (50)
[2016.01.19-01.19.12:089][776]LogModuleManager: Shutting down and abandoning module TextureFormatDXT (49)
[2016.01.19-01.19.12:089][776]LogModuleManager: Shutting down and abandoning module ImageWrapper (48)
[2016.01.19-01.19.12:089][776]LogModuleManager: Shutting down and abandoning module TextureFormatASTC (47)
[2016.01.19-01.19.12:090][776]LogModuleManager: Shutting down and abandoning module TextureFormatAndroid (46)
[2016.01.19-01.19.12:090][776]LogModuleManager: Shutting down and abandoning module AudioFormatOpus (45)
[2016.01.19-01.19.12:097][776]LogModuleManager: Shutting down and abandoning module AudioFormatOgg (44)
[2016.01.19-01.19.12:097][776]LogModuleManager: Shutting down and abandoning module AudioFormatADPCM (43)
[2016.01.19-01.19.12:097][776]LogModuleManager: Shutting down and abandoning module LinuxTargetPlatform (42)
[2016.01.19-01.19.12:097][776]LogModuleManager: Shutting down and abandoning module LinuxServerTargetPlatform (41)
[2016.01.19-01.19.12:097][776]LogModuleManager: Shutting down and abandoning module LinuxNoEditorTargetPlatform (40)
[2016.01.19-01.19.12:097][776]LogModuleManager: Shutting down and abandoning module Messaging (39)
[2016.01.19-01.19.12:097][776]LogModuleManager: Shutting down and abandoning module IOSTargetPlatform (38)
[2016.01.19-01.19.12:097][776]LogModuleManager: Shutting down and abandoning module HTML5TargetPlatform (37)
[2016.01.19-01.19.12:097][776]LogModuleManager: Shutting down and abandoning module Android_PVRTCTargetPlatform (36)
[2016.01.19-01.19.12:097][776]LogModuleManager: Shutting down and abandoning module Android_MultiTargetPlatform (35)
[2016.01.19-01.19.12:097][776]LogModuleManager: Shutting down and abandoning module Android_ETC2TargetPlatform (34)
[2016.01.19-01.19.12:097][776]LogModuleManager: Shutting down and abandoning module Android_ETC1TargetPlatform (33)
[2016.01.19-01.19.12:097][776]LogModuleManager: Shutting down and abandoning module Android_DXTTargetPlatform (32)
[2016.01.19-01.19.12:097][776]LogModuleManager: Shutting down and abandoning module Android_ATCTargetPlatform (31)
[2016.01.19-01.19.12:097][776]LogModuleManager: Shutting down and abandoning module Android_ASTCTargetPlatform (30)
[2016.01.19-01.19.12:097][776]LogModuleManager: Shutting down and abandoning module AndroidTargetPlatform (29)
[2016.01.19-01.19.12:097][776]LogModuleManager: Shutting down and abandoning module WindowsTargetPlatform (28)
[2016.01.19-01.19.12:097][776]LogModuleManager: Shutting down and abandoning module WindowsServerTargetPlatform (27)
[2016.01.19-01.19.12:097][776]LogModuleManager: Shutting down and abandoning module WindowsNoEditorTargetPlatform (26)
[2016.01.19-01.19.12:097][776]LogModuleManager: Shutting down and abandoning module WindowsClientTargetPlatform (25)
[2016.01.19-01.19.12:098][776]LogModuleManager: Shutting down and abandoning module AllDesktopTargetPlatform (24)
[2016.01.19-01.19.12:098][776]LogModuleManager: Shutting down and abandoning module TargetPlatform (23)
[2016.01.19-01.19.12:098][776]LogModuleManager: Shutting down and abandoning module InputCore (22)
[2016.01.19-01.19.12:098][776]LogModuleManager: Shutting down and abandoning module Settings (21)
[2016.01.19-01.19.12:098][776]LogModuleManager: Shutting down and abandoning module OnlineSubsystem (19)
[2016.01.19-01.19.12:098][776]LogModuleManager: Shutting down and abandoning module HTTP (18)
[2016.01.19-01.19.14:100][776]LogModuleManager: Shutting down and abandoning module XMPP (17)
[2016.01.19-01.19.14:116][776]LogModuleManager: Shutting down and abandoning module OculusRift (16)
[2016.01.19-01.19.14:131][776]LogModuleManager: Shutting down and abandoning module ExampleDeviceProfileSelector (15)
[2016.01.19-01.19.14:131][776]LogModuleManager: Shutting down and abandoning module TextureCompressor (14)
[2016.01.19-01.19.14:131][776]LogModuleManager: Shutting down and abandoning module ShaderCore (13)
[2016.01.19-01.19.14:131][776]LogModuleManager: Shutting down and abandoning module Landscape (12)
[2016.01.19-01.19.14:131][776]LogModuleManager: Shutting down and abandoning module SlateRHIRenderer (11)
[2016.01.19-01.19.14:145][776]LogModuleManager: Shutting down and abandoning module OpenGLDrv (10)
[2016.01.19-01.19.14:164][776]LogModuleManager: Shutting down and abandoning module D3D11RHI (9)
[2016.01.19-01.19.14:164][776]LogModuleManager: Shutting down and abandoning module AnimGraphRuntime (8)
[2016.01.19-01.19.14:171][776]LogModuleManager: Shutting down and abandoning module Renderer (7)
[2016.01.19-01.19.14:172][776]LogModuleManager: Shutting down and abandoning module Engine (6)
[2016.01.19-01.19.14:172][776]LogModuleManager: Shutting down and abandoning module CoreUObject (5)
[2016.01.19-01.19.14:172][776]LogModuleManager: Shutting down and abandoning module NetworkFile (4)
[2016.01.19-01.19.14:196][776]LogModuleManager: Shutting down and abandoning module StreamingFile (3)
[2016.01.19-01.19.14:196][776]LogModuleManager: Shutting down and abandoning module SandboxFile (2)
[2016.01.19-01.19.14:211][776]LogModuleManager: Shutting down and abandoning module PakFile (1)
[2016.01.19-01.19.14:223][776]LogExit: Exiting.
[2016.01.19-01.19.14:248][776]Log file closed, 01/18/16 18:19:14
