[2016.01.20-18.50.00:690][  0]Log file open, 01/20/16 11:50:00
[2016.01.20-18.50.00:690][  0]LogInit:Display: Running engine for game: Wayfarer
[2016.01.20-18.50.00:690][  0]LogPlatformFile: Not using cached read wrapper
[2016.01.20-18.50.00:690][  0]LogInit:Display: RandInit(-1787938762) SRandInit(-1787938760).
[2016.01.20-18.50.00:690][  0]LogTaskGraph: Started task graph with 4 named threads and 7 total threads.
[2016.01.20-18.50.00:690][  0]LogStats: Stats thread started at 0.142355
[2016.01.20-18.50.00:690][  0]LogInit: Version: 4.10.2-2818068+++depot+UE4-Releases+4.10
[2016.01.20-18.50.00:690][  0]LogInit: API Version: 2758231
[2016.01.20-18.50.00:690][  0]LogInit: Compiled (64-bit): Jan  6 2016 17:36:42
[2016.01.20-18.50.00:690][  0]LogInit: Compiled with Visual C++: 19.00.23026.00
[2016.01.20-18.50.00:690][  0]LogInit: Build Configuration: Development
[2016.01.20-18.50.00:690][  0]LogInit: Branch Name: ++depot+UE4-Releases+4.10
[2016.01.20-18.50.00:690][  0]LogInit: Command line:  
[2016.01.20-18.50.00:690][  0]LogInit: Base directory: D:/Epic Games/4.10/Engine/Binaries/Win64/
[2016.01.20-18.50.00:690][  0]LogInit: Rocket: 1
[2016.01.20-18.50.00:737][  0]LogInit: Using libcurl 7.41.0
[2016.01.20-18.50.00:737][  0]LogInit:  - built for x86_64-pc-win32
[2016.01.20-18.50.00:737][  0]LogInit:  - supports SSL with WinSSL
[2016.01.20-18.50.00:737][  0]LogInit:  - other features:
[2016.01.20-18.50.00:737][  0]LogInit:      CURL_VERSION_SSL
[2016.01.20-18.50.00:737][  0]LogInit:      CURL_VERSION_IPV6
[2016.01.20-18.50.00:737][  0]LogInit:      CURL_VERSION_ASYNCHDNS
[2016.01.20-18.50.00:737][  0]LogInit:      CURL_VERSION_LARGEFILE
[2016.01.20-18.50.00:737][  0]LogInit:      CURL_VERSION_IDN
[2016.01.20-18.50.00:737][  0]LogInit:  CurlRequestOptions (configurable via config and command line):
[2016.01.20-18.50.00:737][  0]LogInit:  - bVerifyPeer = true  - Libcurl will verify peer certificate
[2016.01.20-18.50.00:737][  0]LogInit:  - bUseHttpProxy = false  - Libcurl will NOT use HTTP proxy
[2016.01.20-18.50.00:737][  0]LogInit:  - bDontReuseConnections = false  - Libcurl will reuse connections
[2016.01.20-18.50.00:737][  0]LogInit:  - CertBundlePath = nullptr  - Libcurl will use whatever was configured at build time.
[2016.01.20-18.50.00:800][  0]LogInit: Presizing for 0 objects not considered by GC, pre-allocating 0 bytes.
[2016.01.20-18.50.00:809][  0]LogInit: Object subsystem initialized
[2016.01.20-18.50.00:810][  0]LogInit: Selected Device Profile: [Windows]
[2016.01.20-18.50.00:810][  0]LogInit: Applying CVar settings loaded from the selected device profile: [Windows]
[2016.01.20-18.50.00:832][  0]LogInit: Computer: DESKTOP-D4B59PR
[2016.01.20-18.50.00:832][  0]LogInit: User: Dzshiftt
[2016.01.20-18.50.00:832][  0]LogInit: CPU Page size=4096, Cores=4
[2016.01.20-18.50.00:832][  0]LogInit: High frequency timer resolution =3.417995 MHz
[2016.01.20-18.50.00:832][  0]LogMemory: Memory total: Physical=7.9GB (8GB approx)
[2016.01.20-18.50.00:832][  0]LogMemory: Platform Memory Stats for Windows
[2016.01.20-18.50.00:832][  0]LogMemory: Process Physical Memory: 55.85 MB used, 55.85 MB peak
[2016.01.20-18.50.00:832][  0]LogMemory: Process Virtual Memory: 58.66 MB used, 58.66 MB peak
[2016.01.20-18.50.00:832][  0]LogMemory: Physical Memory: 2373.05 MB used, 8140.04 MB total
[2016.01.20-18.50.00:832][  0]LogMemory: Virtual Memory: 380.52 MB used, 134217728.00 MB total
[2016.01.20-18.50.01:216][  0]LogTextLocalizationManager: No specific translations for ('en-US') exist, so ('en') translations will be used.
[2016.01.20-18.50.01:860][  0]LogD3D11RHI: Found D3D11 adapter 0: AMD Radeon (TM) R9 380 Series (Feature Level 11_0)
[2016.01.20-18.50.01:860][  0]LogD3D11RHI: Adapter has 4073MB of dedicated video memory, 0MB of dedicated system memory, and 4070MB of shared system memory, 1 output[s]
[2016.01.20-18.50.01:862][  0]LogD3D11RHI: Found D3D11 adapter 1: Microsoft Basic Render Driver (Feature Level 11_0)
[2016.01.20-18.50.01:862][  0]LogD3D11RHI: Adapter has 0MB of dedicated video memory, 0MB of dedicated system memory, and 4070MB of shared system memory, 0 output[s]
[2016.01.20-18.50.01:862][  0]LogD3D11RHI: Chosen D3D11 Adapter Id = 0
[2016.01.20-18.50.01:868][  0]LogD3D11RHI: !Direct3DDevice
[2016.01.20-18.50.01:868][  0]LogRHI: Texture pool is 1361 MB (70% of 1945 MB)
[2016.01.20-18.50.01:886][  0]LogD3D11RHI: Async texture creation disabled: no driver support
[2016.01.20-18.50.01:897][  0]LogShaderCompilers: Guid format shader working directory is 10 characters bigger than the processId version (../../../../../Unreal Projects/Wayfarer/Intermediate/Shaders/WorkingDirectory/5092/).
[2016.01.20-18.50.01:898][  0]LogShaderCompilers: Cleaned the shader compiler working directory 'C:/Users/Dzshiftt/AppData/Local/Temp/UnrealShaderWorkingDir/7705B1E848844C336FD1CDBCDB423DBC/'.
[2016.01.20-18.50.01:898][  0]LogShaderCompilers:Display: Using Local Shader Compiler.
[2016.01.20-18.50.04:060][  0]LogTemp:Display: Loaded TP AllDesktopTargetPlatform
[2016.01.20-18.50.04:067][  0]LogTemp:Display: Loaded TP WindowsClientTargetPlatform
[2016.01.20-18.50.04:074][  0]LogTemp:Display: Loaded TP WindowsNoEditorTargetPlatform
[2016.01.20-18.50.04:080][  0]LogTemp:Display: Loaded TP WindowsServerTargetPlatform
[2016.01.20-18.50.04:087][  0]LogTemp:Display: Loaded TP WindowsTargetPlatform
[2016.01.20-18.50.04:094][  0]LogTemp:Display: Loaded TP AndroidTargetPlatform
[2016.01.20-18.50.04:098][  0]LogTemp:Display: Loaded TP Android_ASTCTargetPlatform
[2016.01.20-18.50.04:101][  0]LogTemp:Display: Loaded TP Android_ATCTargetPlatform
[2016.01.20-18.50.04:105][  0]LogTemp:Display: Loaded TP Android_DXTTargetPlatform
[2016.01.20-18.50.04:109][  0]LogTemp:Display: Loaded TP Android_ETC1TargetPlatform
[2016.01.20-18.50.04:113][  0]LogTemp:Display: Loaded TP Android_ETC2TargetPlatform
[2016.01.20-18.50.04:121][  0]LogTemp:Display: Loaded TP Android_MultiTargetPlatform
[2016.01.20-18.50.04:121][  0]LogTemp:Display: Loaded TP Android_PVRTCTargetPlatform
[2016.01.20-18.50.04:122][  0]LogTemp:Display: Loaded TP HTML5TargetPlatform
[2016.01.20-18.50.04:210][  0]LogTemp:Display: Loaded TP IOSTargetPlatform
[2016.01.20-18.50.04:213][  0]LogTemp:Display: Loaded TP LinuxNoEditorTargetPlatform
[2016.01.20-18.50.04:216][  0]LogTemp:Display: Loaded TP LinuxServerTargetPlatform
[2016.01.20-18.50.04:223][  0]LogTemp:Display: Loaded TP LinuxTargetPlatform
[2016.01.20-18.50.04:223][  0]LogTargetPlatformManager:Display: Building Assets For Windows
[2016.01.20-18.50.04:882][  0]LogDerivedDataCache:Display: Max Cache Size: 512 MB
[2016.01.20-18.50.04:976][  0]LogDerivedDataCache: Loaded boot cache 0.09s 41MB C:/Users/Dzshiftt/AppData/Local/UnrealEngine/4.10/DerivedDataCache/Boot.ddc.
[2016.01.20-18.50.04:976][  0]LogDerivedDataCache:Display: Loaded Boot cache: C:/Users/Dzshiftt/AppData/Local/UnrealEngine/4.10/DerivedDataCache/Boot.ddc
[2016.01.20-18.50.04:976][  0]LogDerivedDataCache: FDerivedDataBackendGraph:  Pak pak cache file ../../../../../Unreal Projects/Wayfarer/DerivedDataCache/DDC.ddp not found, will not use a pak cache.
[2016.01.20-18.50.04:976][  0]LogDerivedDataCache: Unable to find inner node Pak for hierarchical cache Hierarchy.
[2016.01.20-18.50.04:976][  0]LogDerivedDataCache: FDerivedDataBackendGraph:  CompressedPak pak cache file ../../../../../Unreal Projects/Wayfarer/DerivedDataCache/Compressed.ddp not found, will not use a pak cache.
[2016.01.20-18.50.04:976][  0]LogDerivedDataCache: Unable to find inner node CompressedPak for hierarchical cache Hierarchy.
[2016.01.20-18.50.05:059][  0]LogDerivedDataCache:Display: Pak cache opened for reading ../../../Engine/DerivedDataCache/Compressed.ddp.
[2016.01.20-18.50.05:071][  0]LogDerivedDataCache: Using Local data cache path C:/Users/Dzshiftt/AppData/Local/UnrealEngine/Common/DerivedDataCache: Writable
[2016.01.20-18.50.11:785][  0]LogInit: Selected Device Profile: [Windows]
[2016.01.20-18.50.11:789][  0]LogContentStreaming: Texture pool size is 0.000000MB
[2016.01.20-18.50.11:960][  0]LogMeshUtilities: No automatic mesh reduction module available
[2016.01.20-18.50.11:960][  0]LogMeshUtilities: No automatic mesh merging module available
[2016.01.20-18.50.12:544][  0]LogInit: WinSock: version 1.1 (2.2), MaxSocks=32767, MaxUdp=65467
[2016.01.20-18.50.14:384][  0]UdpMessaging: Initializing bridge on interface 0.0.0.0:0 to multicast group 230.0.0.1:6666.
[2016.01.20-18.50.14:506][  0]LogAssetRegistry: FAssetRegistry took 0.0109 seconds to start up
[2016.01.20-18.50.14:825][  0]SourceControl: Info Source control is disabled
[2016.01.20-18.50.14:827][  0]SourceControl: Info Source control is disabled
[2016.01.20-18.50.14:846][  0]SourceControl: Info Source control is disabled
[2016.01.20-18.50.14:866][  0]SourceControl: Info Source control is disabled
[2016.01.20-18.50.15:300][  0]LogObj: 28633 objects as part of root set at end of initial load.
[2016.01.20-18.50.15:300][  0]LogUObjectAllocator: 6099744 out of 0 bytes used by permanent object pool.
[2016.01.20-18.50.15:382][  0]LogEngine: Initializing Engine...
[2016.01.20-18.50.15:385][  0]LogHMD: Can't find Oculus library dev build: is proper Runtime installed? Version: 0.8.0.0
[2016.01.20-18.50.15:405][  0]LogHMD: SteamVR failed to initialize.  Err: 110
[2016.01.20-18.50.15:659][  0]LogAIModule: Creating AISystem for world NewWorld
[2016.01.20-18.50.15:665][  0]LogInit: XAudio2 using 'Headphones (2- High Definition Audio Device)' : 2 channels at 44.1 kHz using 16 bits per sample (channel mask 0x3)
[2016.01.20-18.50.15:676][  0]LogInit: FAudioDevice initialized.
[2016.01.20-18.50.15:730][  0]LogDerivedDataCache: Saved boot cache 0.05s 41MB C:/Users/Dzshiftt/AppData/Local/UnrealEngine/4.10/DerivedDataCache/Boot.ddc.
[2016.01.20-18.50.15:748][  0]LogInit: Texture streaming: Enabled
[2016.01.20-18.50.15:757][  0]LogAnalytics: Creating configured Analytics provider AnalyticsET
[2016.01.20-18.50.15:757][  0]LogAnalytics: [UEEditor.Rocket.Release] APIServer = http://et2.epicgames.com/ET2/. AppVersion = 4.10.2-2818068+++depot+UE4-Releases+4.10
[2016.01.20-18.50.15:757][  0]LogAnalytics: [UEEditor.Rocket.Release] SetUserId d7e8d415469c53732bb00cb8e6f11f39|73d82322a7c548e3bff0f196fe589cb3|3fab6c02-6e8d-4e3a-92bc-ec38873d9ff2
[2016.01.20-18.50.15:757][  0]LogAnalytics: [UEEditor.Rocket.Release] AnalyticsET::StartSession
[2016.01.20-18.50.15:767][  0]LogInit: Transaction tracking system initialized
[2016.01.20-18.50.15:804][  0]BlueprintLog: New page: Editor Load
[2016.01.20-18.50.15:914][  0]LocalizationService: Info Localization service is disabled
[2016.01.20-18.50.16:012][  0]LogConsoleResponse:Display: 
[2016.01.20-18.50.16:302][  0]LogCook:Display: Done creating registry. It took  0.00s.
[2016.01.20-18.50.16:390][  0]LogFileCache: Scanning file cache for directory 'D:/Unreal Projects/Wayfarer/Content/' took 0.02s
[2016.01.20-18.50.16:390][  0]SourceControl: Info Source control is disabled
[2016.01.20-18.50.16:390][  0]Cmd: MAP LOAD FILE="../../../../../Unreal Projects/Wayfarer/Content/ThirdPersonBP/Maps/ThirdPersonExampleMap.umap" TEMPLATE=0 SHOWPROGRESS=1 FEATURELEVEL=3
[2016.01.20-18.50.16:403][  0]LightingResults: New page: Lighting Build
[2016.01.20-18.50.16:407][  0]MapCheck: New page: Map Check
[2016.01.20-18.50.16:407][  0]LightingResults: New page: Lighting Build
[2016.01.20-18.50.16:424][  0]LogParticles: Destroying 0 GPU particle simulations for FXSystem 0x0000000D929EEAC0
[2016.01.20-18.50.17:380][  0]LogAIModule: Creating AISystem for world ThirdPersonExampleMap
[2016.01.20-18.50.17:395][  0]LogEditorServer: Finished looking for orphan Actors (0.000 secs)
[2016.01.20-18.50.17:435][  0]Cmd: MAP CHECKDEP NOCLEARLOG
[2016.01.20-18.50.17:498][  0]MapCheck: Info Map check complete: 0 Error(s), 0 Warning(s), took 63.21ms to complete.
[2016.01.20-18.50.17:498][  0]LogFileHelpers: Loading map 'ThirdPersonExampleMap' took 1.108
[2016.01.20-18.50.17:640][  0]LogCollectionManager: Loaded 0 collections in 0.002797 seconds
[2016.01.20-18.50.17:682][  0]LogFileCache: Scanning file cache for directory 'D:/Unreal Projects/Wayfarer/Saved/Collections/' took 0.01s
[2016.01.20-18.50.17:682][  0]LogFileCache: Scanning file cache for directory 'D:/Unreal Projects/Wayfarer/Content/Developers/Dzshiftt/Collections/' took 0.01s
[2016.01.20-18.50.17:682][  0]LogFileCache: Scanning file cache for directory 'D:/Unreal Projects/Wayfarer/Content/Collections/' took 0.01s
[2016.01.20-18.50.17:682][  0]LogCollectionManager: Rebuilt the GUID cache for 0 collections in 0.000002 seconds
[2016.01.20-18.50.17:692][  0]LogContentBrowser: Native class hierarchy populated in 0.0105 seconds. Added 1893 classes and 338 folders.
[2016.01.20-18.50.17:701][  0]LogContentBrowser: Native class hierarchy updated for 'WidgetCarousel' in 0.0004 seconds. Added 0 classes and 0 folders.
[2016.01.20-18.50.17:952][  0]LogContentBrowser: Native class hierarchy updated for 'AddContentDialog' in 0.0004 seconds. Added 0 classes and 0 folders.
[2016.01.20-18.50.17:957][  0]LogContentBrowser: Native class hierarchy updated for 'SceneOutliner' in 0.0004 seconds. Added 1 classes and 2 folders.
[2016.01.20-18.50.18:000][  0]LogCrashTracker: Crashtracker disabled due to settings.
[2016.01.20-18.50.18:006][  0]LogUObjectGlobals:Warning: Failed to find object 'Class None.'
[2016.01.20-18.50.18:031][  0]LogLoad: Full Startup: 18.56 seconds (BP compile: 0.13 seconds)
[2016.01.20-18.50.18:043][  0]LogOcInput: Can't find Oculus library dev build: is proper Runtime installed? Version: 0.8.0.0
[2016.01.20-18.50.18:149][  0]LogContentStreaming: Texture pool size now 1000 MB
[2016.01.20-18.50.18:353][  0]LogRenderer: Reallocating scene render targets to support 1208x572 (Frame:2).
[2016.01.20-18.50.18:898][  5]LogAssetRegistry: Asset discovery search completed in 4.4029 seconds
[2016.01.20-18.50.18:898][  5]LogCollectionManager: Rebuilt the object cache for 0 collections in 0.000001 seconds (found 0 objects)
[2016.01.20-18.50.18:898][  5]LogCollectionManager: Fixed up redirectors for 0 collections in 0.000045 seconds (updated 0 objects)
[2016.01.20-18.50.22:483][269]Cmd: MAP LOAD FILE="../../../../../Unreal Projects/Wayfarer/Content/Collections/Desert.umap" TEMPLATE=0 SHOWPROGRESS=1 FEATURELEVEL=3
[2016.01.20-18.50.22:505][269]LightingResults: New page: Lighting Build
[2016.01.20-18.50.22:523][269]LoadErrors: New page: Loading map: Desert.umap
[2016.01.20-18.50.22:524][269]MapCheck: New page: Map Check
[2016.01.20-18.50.22:524][269]LightingResults: New page: Lighting Build
[2016.01.20-18.50.22:542][269]LogParticles: Destroying 0 GPU particle simulations for FXSystem 0x0000000D82FAD9E0
[2016.01.20-18.50.23:127][269]LogAIModule: Creating AISystem for world Desert
[2016.01.20-18.50.23:206][269]LogMaterial:Warning: Material /Game/Materials/Cube1_auv5.Cube1_auv5 needed to have new flag set bUsedWithStaticLighting !
[2016.01.20-18.50.23:210][269]LogMaterial: Missing cached shader map for material Cube1_auv5, compiling. 
[2016.01.20-18.50.23:239][269]MapCheck:Warning: Warning Cube1_auv5 Material /Game/Materials/Cube1_auv5.Cube1_auv5 was missing the usage flag bUsedWithStaticLighting. If the material asset is not re-saved, it may not render correctly when run outside the editor. Fix
[2016.01.20-18.50.23:249][269]LogMaterial: 0.000087 seconds spent updating 1 materials, 1 interfaces, 0 instances, 0 with static permutations.
[2016.01.20-18.50.23:249][269]LogMaterial:Warning: Material /Game/Materials/Cube1_sep3_auv.Cube1_sep3_auv needed to have new flag set bUsedWithStaticLighting !
[2016.01.20-18.50.23:251][269]LogMaterial: Missing cached shader map for material Cube1_sep3_auv, compiling. 
[2016.01.20-18.50.23:261][269]MapCheck:Warning: Warning Cube1_sep3_auv Material /Game/Materials/Cube1_sep3_auv.Cube1_sep3_auv was missing the usage flag bUsedWithStaticLighting. If the material asset is not re-saved, it may not render correctly when run outside the editor. Fix
[2016.01.20-18.50.23:261][269]LogMaterial: 0.000136 seconds spent updating 1 materials, 1 interfaces, 0 instances, 0 with static permutations.
[2016.01.20-18.50.23:279][269]LogEditorServer: Finished looking for orphan Actors (0.000 secs)
[2016.01.20-18.50.23:330][269]Cmd: MAP CHECKDEP NOCLEARLOG
[2016.01.20-18.50.23:415][269]MapCheck: Info Map check complete: 0 Error(s), 2 Warning(s), took 84.41ms to complete.
[2016.01.20-18.50.23:421][269]LogFileHelpers: Loading map 'Desert' took 0.939
[2016.01.20-18.50.23:469][270]Cmd: UpdateLandscapeEditorData -warnings
[2016.01.20-18.50.33:709][463]LogFactory: FactoryCreateBinary: StaticMesh with FbxFactory (0 0 ../../../../../Unreal Projects/Clockwork_Cog.obj)
[2016.01.20-18.50.34:196][463]LogFbx: Loading FBX Scene from ../../../../../Unreal Projects/Clockwork_Cog.obj
[2016.01.20-18.50.34:283][463]LogFbx: FBX Scene Loaded Succesfully
[2016.01.20-18.50.42:188][463]LogFbx: Loading FBX Scene from ../../../../../Unreal Projects/Clockwork_Cog.obj
[2016.01.20-18.50.42:211][463]LogFbx: FBX Scene Loaded Succesfully
[2016.01.20-18.50.42:264][463]LogLinker:Warning: Can't find file '/Game/Materials/Cylinder1_auv'
[2016.01.20-18.50.42:264][463]LogLinker:Warning: Can't find file '/Game/Materials/Cylinder1_auv'
[2016.01.20-18.50.42:293][463]LogUObjectGlobals:Warning: Failed to find object 'Texture /Game/Materials/Cylinder1_auv.Cylinder1_auv'
[2016.01.20-18.50.42:356][463]LogTexture:Display: Building textures: Cylinder1_auv2 (AutoDXT)
[2016.01.20-18.50.42:460][463]LogMaterial: Missing cached shader map for material Cylinder1_auv, compiling. 
[2016.01.20-18.50.42:469][463]LogFbx:Warning: Triangulating static mesh Cylinder1_Cylinder1_auv
[2016.01.20-18.50.42:693][463]LogLinker:Warning: Can't find file '/Game/Materials/Copy_of_Cylinder1_auv'
[2016.01.20-18.50.42:694][463]LogLinker:Warning: Can't find file '/Game/Materials/Copy_of_Cylinder1_auv'
[2016.01.20-18.50.42:694][463]LogUObjectGlobals:Warning: Failed to find object 'Texture /Game/Materials/Copy_of_Cylinder1_auv.Copy_of_Cylinder1_auv'
[2016.01.20-18.50.42:701][463]LogTexture:Display: Building textures: Copy_of_Cylinder1_auv (AutoDXT)
[2016.01.20-18.50.42:778][463]LogMaterial: Missing cached shader map for material Cylinder1_auv3, compiling. 
[2016.01.20-18.50.42:790][463]LogFbx:Warning: Triangulating static mesh Cylinder1_Cylinder1_auv2
[2016.01.20-18.50.42:854][463]LogStaticMesh: Building static mesh Clockwork_Cog...
[2016.01.20-18.50.42:880][463]LogStaticMesh: Built static mesh [0.026544.2s] /Game/Materials/Clockwork_Cog.Clockwork_Cog
[2016.01.20-18.50.42:989][463]FBXImport:Warning: Warning Warning: The imported mesh is very small. This is most likely an issue with the units used when exporting to FBX. 
[2016.01.20-18.50.52:109][258]LogActorFactory: Actor Factory created Clockwork_Cog
[2016.01.20-18.50.53:918][427]LogActorFactory: Actor Factory created Clockwork_Cog
[2016.01.20-18.51.05:907][358]LogPlayLevel: PlayLevel: No blueprints needed recompiling
[2016.01.20-18.51.05:908][358]PIE: New page: PIE session: Desert (Jan 20, 2016, 4:51:05 AM)
[2016.01.20-18.51.05:908][358]LogPlayLevel: Creating play world package: /Game/Collections/UEDPIE_0_Desert
[2016.01.20-18.51.05:938][358]LogPlayLevel: PIE: StaticDuplicateObject took: (0.029467s)
[2016.01.20-18.51.05:939][358]LogAIModule: Creating AISystem for world Desert
[2016.01.20-18.51.05:939][358]LogPlayLevel: PIE: World Init took: (0.001191s)
[2016.01.20-18.51.05:939][358]LogPlayLevel: PIE: Created PIE world by copying editor world from /Game/Collections/Desert.Desert to /Game/Collections/UEDPIE_0_Desert.Desert (0.030933s)
[2016.01.20-18.51.05:973][358]LogInit: XAudio2 using 'Headphones (2- High Definition Audio Device)' : 2 channels at 44.1 kHz using 16 bits per sample (channel mask 0x3)
[2016.01.20-18.51.05:981][358]LogInit: FAudioDevice initialized.
[2016.01.20-18.51.06:056][358]LogWorld: Game class is 'ThirdPersonGameMode_C'
[2016.01.20-18.51.06:069][358]LogWorld: Bringing World /Game/Collections/UEDPIE_0_Desert.Desert up for play (max tick rate 0) at 2016.01.20-11.51.06
[2016.01.20-18.51.06:069][358]LogActor:Warning: GameSession /Game/Collections/UEDPIE_0_Desert.Desert:PersistentLevel.GameSession_0 has natively added scene component(s), but none of them were set as the actor's RootComponent - picking one arbitrarily
[2016.01.20-18.51.06:070][358]LogActor:Warning: GameNetworkManager /Game/Collections/UEDPIE_0_Desert.Desert:PersistentLevel.GameNetworkManager_0 has natively added scene component(s), but none of them were set as the actor's RootComponent - picking one arbitrarily
[2016.01.20-18.51.06:070][358]LogWorld: Bringing up level for play took: 0.011790
[2016.01.20-18.51.06:074][358]PIE: Info Play in editor start time for /Game/Collections/UEDPIE_0_Desert -0.031
[2016.01.20-18.51.14:553][219]LogParticles: Destroying 0 GPU particle simulations for FXSystem 0x0000000D836C5760
[2016.01.20-18.51.19:394][622]LogPlayLevel: PlayLevel: No blueprints needed recompiling
[2016.01.20-18.51.19:394][622]PIE: New page: PIE session: Desert (Jan 20, 2016, 4:51:19 AM)
[2016.01.20-18.51.19:394][622]LogPlayLevel: Creating play world package: /Game/Collections/UEDPIE_0_Desert
[2016.01.20-18.51.19:428][622]LogPlayLevel: PIE: StaticDuplicateObject took: (0.033946s)
[2016.01.20-18.51.19:429][622]LogAIModule: Creating AISystem for world Desert
[2016.01.20-18.51.19:429][622]LogPlayLevel: PIE: World Init took: (0.001086s)
[2016.01.20-18.51.19:429][622]LogPlayLevel: PIE: Created PIE world by copying editor world from /Game/Collections/Desert.Desert to /Game/Collections/UEDPIE_0_Desert.Desert (0.035266s)
[2016.01.20-18.51.19:452][622]LogInit: XAudio2 using 'Headphones (2- High Definition Audio Device)' : 2 channels at 44.1 kHz using 16 bits per sample (channel mask 0x3)
[2016.01.20-18.51.19:460][622]LogInit: FAudioDevice initialized.
[2016.01.20-18.51.19:499][622]LogWorld: Game class is 'ThirdPersonGameMode_C'
[2016.01.20-18.51.19:513][622]LogWorld: Bringing World /Game/Collections/UEDPIE_0_Desert.Desert up for play (max tick rate 0) at 2016.01.20-11.51.19
[2016.01.20-18.51.19:514][622]LogActor:Warning: GameSession /Game/Collections/UEDPIE_0_Desert.Desert:PersistentLevel.GameSession_1 has natively added scene component(s), but none of them were set as the actor's RootComponent - picking one arbitrarily
[2016.01.20-18.51.19:514][622]LogActor:Warning: GameNetworkManager /Game/Collections/UEDPIE_0_Desert.Desert:PersistentLevel.GameNetworkManager_1 has natively added scene component(s), but none of them were set as the actor's RootComponent - picking one arbitrarily
[2016.01.20-18.51.19:514][622]LogWorld: Bringing up level for play took: 0.013865
[2016.01.20-18.51.19:529][622]PIE: Info Play in editor start time for /Game/Collections/UEDPIE_0_Desert -0.576
[2016.01.20-18.51.31:002][790]LogParticles: Destroying 0 GPU particle simulations for FXSystem 0x0000000D80602840
[2016.01.20-18.51.36:819][883]LogFactory: FactoryCreateBinary: StaticMesh with FbxFactory (0 0 ../../../../../Unreal Projects/Clockwork_Cog.obj)
[2016.01.20-18.51.36:893][883]LogFbx: Loading FBX Scene from ../../../../../Unreal Projects/Clockwork_Cog.obj
[2016.01.20-18.51.36:915][883]LogFbx: FBX Scene Loaded Succesfully
[2016.01.20-18.51.46:095][883]LogFbx: Loading FBX Scene from ../../../../../Unreal Projects/Clockwork_Cog.obj
[2016.01.20-18.51.46:118][883]LogFbx: FBX Scene Loaded Succesfully
[2016.01.20-18.51.46:142][883]LogFbx:Warning: Triangulating static mesh Cylinder1_Cylinder1_auv
[2016.01.20-18.51.46:215][883]LogTexture:Display: Building textures: Copy_of_Cylinder1_auv (AutoDXT)
[2016.01.20-18.51.46:284][883]LogMaterial: Missing cached shader map for material Cylinder1_auv4, compiling. 
[2016.01.20-18.51.46:293][883]LogFbx:Warning: Triangulating static mesh Cylinder1_Cylinder1_auv2
[2016.01.20-18.51.46:357][883]LogStaticMesh: Building static mesh Clockwork_Cog...
[2016.01.20-18.51.46:372][883]LogStaticMesh: Built static mesh [0.014819.2s] /Game/Materials/Clockwork_Cog.Clockwork_Cog
[2016.01.20-18.51.58:782][268]LogFactory: FactoryCreateBinary: StaticMesh with FbxFactory (0 0 ../../../../../Unreal Projects/Clockwork_Cog.obj)
[2016.01.20-18.51.58:861][268]LogFbx: Loading FBX Scene from ../../../../../Unreal Projects/Clockwork_Cog.obj
[2016.01.20-18.51.58:886][268]LogFbx: FBX Scene Loaded Succesfully
[2016.01.20-18.52.08:384][268]LogFbx: Loading FBX Scene from ../../../../../Unreal Projects/Clockwork_Cog.obj
[2016.01.20-18.52.08:408][268]LogFbx: FBX Scene Loaded Succesfully
[2016.01.20-18.52.08:435][268]LogFbx:Warning: Triangulating static mesh Cylinder1_Cylinder1_auv
[2016.01.20-18.52.08:507][268]LogTexture:Display: Building textures: Copy_of_Cylinder1_auv (AutoDXT)
[2016.01.20-18.52.08:575][268]LogMaterial: Missing cached shader map for material Cylinder1_auv5, compiling. 
[2016.01.20-18.52.08:586][268]LogFbx:Warning: Triangulating static mesh Cylinder1_Cylinder1_auv2
[2016.01.20-18.52.08:653][268]LogStaticMesh: Building static mesh Clockwork_Cog...
[2016.01.20-18.52.08:668][268]LogStaticMesh: Built static mesh [0.015329.2s] /Game/Materials/Clockwork_Cog.Clockwork_Cog
[2016.01.20-18.52.16:091][462]LogFactory: FactoryCreateBinary: StaticMesh with FbxFactory (0 0 ../../../../../Unreal Projects/Clockwork_Cog.obj)
[2016.01.20-18.52.16:165][462]LogFbx: Loading FBX Scene from ../../../../../Unreal Projects/Clockwork_Cog.obj
[2016.01.20-18.52.16:189][462]LogFbx: FBX Scene Loaded Succesfully
[2016.01.20-18.52.24:329][462]LogFbx: Loading FBX Scene from ../../../../../Unreal Projects/Clockwork_Cog.obj
[2016.01.20-18.52.24:351][462]LogFbx: FBX Scene Loaded Succesfully
[2016.01.20-18.52.24:375][462]LogFbx:Warning: Triangulating static mesh Cylinder1_Cylinder1_auv
[2016.01.20-18.52.24:445][462]LogTexture:Display: Building textures: Copy_of_Cylinder1_auv (AutoDXT)
[2016.01.20-18.52.24:516][462]LogMaterial: Missing cached shader map for material Cylinder1_auv6, compiling. 
[2016.01.20-18.52.24:526][462]LogFbx:Warning: Triangulating static mesh Cylinder1_Cylinder1_auv2
[2016.01.20-18.52.24:592][462]LogStaticMesh: Building static mesh Clockwork_Cog...
[2016.01.20-18.52.24:608][462]LogStaticMesh: Built static mesh [0.016280.2s] /Game/Materials/Clockwork_Cog.Clockwork_Cog
[2016.01.20-18.52.27:112][602]LogPlayLevel: PlayLevel: No blueprints needed recompiling
[2016.01.20-18.52.27:112][602]PIE: New page: PIE session: Desert (Jan 20, 2016, 4:52:27 AM)
[2016.01.20-18.52.27:112][602]LogPlayLevel: Creating play world package: /Game/Collections/UEDPIE_0_Desert
[2016.01.20-18.52.27:144][602]LogPlayLevel: PIE: StaticDuplicateObject took: (0.031764s)
[2016.01.20-18.52.27:145][602]LogAIModule: Creating AISystem for world Desert
[2016.01.20-18.52.27:145][602]LogPlayLevel: PIE: World Init took: (0.001109s)
[2016.01.20-18.52.27:146][602]LogPlayLevel: PIE: Created PIE world by copying editor world from /Game/Collections/Desert.Desert to /Game/Collections/UEDPIE_0_Desert.Desert (0.033141s)
[2016.01.20-18.52.27:168][602]LogInit: XAudio2 using 'Headphones (2- High Definition Audio Device)' : 2 channels at 44.1 kHz using 16 bits per sample (channel mask 0x3)
[2016.01.20-18.52.27:175][602]LogInit: FAudioDevice initialized.
[2016.01.20-18.52.27:211][602]LogWorld: Game class is 'ThirdPersonGameMode_C'
[2016.01.20-18.52.27:224][602]LogWorld: Bringing World /Game/Collections/UEDPIE_0_Desert.Desert up for play (max tick rate 0) at 2016.01.20-11.52.27
[2016.01.20-18.52.27:224][602]LogActor:Warning: GameSession /Game/Collections/UEDPIE_0_Desert.Desert:PersistentLevel.GameSession_2 has natively added scene component(s), but none of them were set as the actor's RootComponent - picking one arbitrarily
[2016.01.20-18.52.27:224][602]LogActor:Warning: GameNetworkManager /Game/Collections/UEDPIE_0_Desert.Desert:PersistentLevel.GameNetworkManager_2 has natively added scene component(s), but none of them were set as the actor's RootComponent - picking one arbitrarily
[2016.01.20-18.52.27:224][602]LogWorld: Bringing up level for play took: 0.011793
[2016.01.20-18.52.27:227][602]PIE: Info Play in editor start time for /Game/Collections/UEDPIE_0_Desert -0.878
[2016.01.20-18.52.36:361][511]LogParticles: Destroying 0 GPU particle simulations for FXSystem 0x0000000D80B9E5C0
[2016.01.20-18.52.44:837][653]LogFactory: FactoryCreateBinary: StaticMesh with FbxFactory (0 0 ../../../../../Unreal Projects/Clockwork_Cog.obj)
[2016.01.20-18.52.44:912][653]LogFbx: Loading FBX Scene from ../../../../../Unreal Projects/Clockwork_Cog.obj
[2016.01.20-18.52.44:942][653]LogFbx: FBX Scene Loaded Succesfully
[2016.01.20-18.52.51:313][653]LogFbx: Loading FBX Scene from ../../../../../Unreal Projects/Clockwork_Cog.obj
[2016.01.20-18.52.51:344][653]LogFbx: FBX Scene Loaded Succesfully
[2016.01.20-18.52.51:370][653]LogFbx:Warning: Triangulating static mesh Cylinder1_Cylinder1_auv
[2016.01.20-18.52.51:445][653]LogTexture:Display: Building textures: Copy_of_Cylinder1_auv (AutoDXT)
[2016.01.20-18.52.51:516][653]LogMaterial: Missing cached shader map for material Cylinder1_auv7, compiling. 
[2016.01.20-18.52.51:526][653]LogFbx:Warning: Triangulating static mesh Cylinder1_Cylinder1_auv2
[2016.01.20-18.52.51:596][653]LogStaticMesh: Building static mesh Clockwork_Cog...
[2016.01.20-18.52.51:612][653]LogStaticMesh: Built static mesh [0.017710.2s] /Game/Materials/Clockwork_Cog.Clockwork_Cog
[2016.01.20-18.53.01:231][ 52]LogFactory: FactoryCreateBinary: StaticMesh with FbxFactory (0 0 ../../../../../Unreal Projects/Clockwork_Node.obj)
[2016.01.20-18.53.01:312][ 52]LogFbx: Loading FBX Scene from ../../../../../Unreal Projects/Clockwork_Node.obj
[2016.01.20-18.53.01:343][ 52]LogFbx: FBX Scene Loaded Succesfully
[2016.01.20-18.53.07:058][ 52]LogFbx: Loading FBX Scene from ../../../../../Unreal Projects/Clockwork_Node.obj
[2016.01.20-18.53.07:102][ 52]LogFbx: FBX Scene Loaded Succesfully
[2016.01.20-18.53.07:139][ 52]LogLinker:Warning: Can't find file '/Game/Materials/sphere1_auv'
[2016.01.20-18.53.07:139][ 52]LogLinker:Warning: Can't find file '/Game/Materials/sphere1_auv'
[2016.01.20-18.53.07:141][ 52]LogLinker:Warning: Can't find file '/Game/Materials/Copy_of_sphere1_auv'
[2016.01.20-18.53.07:141][ 52]LogLinker:Warning: Can't find file '/Game/Materials/Copy_of_sphere1_auv'
[2016.01.20-18.53.07:141][ 52]LogUObjectGlobals:Warning: Failed to find object 'Texture /Game/Materials/Copy_of_sphere1_auv.Copy_of_sphere1_auv'
[2016.01.20-18.53.07:147][ 52]LogTexture:Display: Building textures: Copy_of_sphere1_auv (AutoDXT)
[2016.01.20-18.53.07:233][ 52]LogMaterial: Missing cached shader map for material sphere1_auv, compiling. 
[2016.01.20-18.53.07:246][ 52]LogFbx:Warning: Triangulating static mesh sphere1_sphere1_auv
[2016.01.20-18.53.07:283][ 52]LogLinker:Warning: Can't find file '/Game/Materials/sphere1_auv2'
[2016.01.20-18.53.07:283][ 52]LogLinker:Warning: Can't find file '/Game/Materials/sphere1_auv2'
[2016.01.20-18.53.07:285][ 52]LogUObjectGlobals:Warning: Failed to find object 'Texture /Game/Materials/sphere1_auv.sphere1_auv'
[2016.01.20-18.53.07:292][ 52]LogTexture:Display: Building textures: sphere1_auv3 (AutoDXT)
[2016.01.20-18.53.07:482][ 52]LogMaterial: Missing cached shader map for material sphere1_auv2, compiling. 
[2016.01.20-18.53.07:494][ 52]LogFbx:Warning: Triangulating static mesh sphere1_sphere1_auv2
[2016.01.20-18.53.07:644][ 52]LogStaticMesh: Building static mesh Clockwork_Node...
[2016.01.20-18.53.07:691][ 52]LogStaticMesh: Built static mesh [0.047065.2s] /Game/Materials/Clockwork_Node.Clockwork_Node
[2016.01.20-18.53.09:244][127]LogActorFactory: Actor Factory created Clockwork_Node
[2016.01.20-18.53.10:033][165]LogActorFactory: Actor Factory created Clockwork_Node
[2016.01.20-18.53.18:131][780]LogPlayLevel: PlayLevel: No blueprints needed recompiling
[2016.01.20-18.53.18:131][780]PIE: New page: PIE session: Desert (Jan 20, 2016, 4:53:18 AM)
[2016.01.20-18.53.18:131][780]LogPlayLevel: Creating play world package: /Game/Collections/UEDPIE_0_Desert
[2016.01.20-18.53.18:168][780]LogPlayLevel: PIE: StaticDuplicateObject took: (0.036789s)
[2016.01.20-18.53.18:169][780]LogAIModule: Creating AISystem for world Desert
[2016.01.20-18.53.18:169][780]LogPlayLevel: PIE: World Init took: (0.001153s)
[2016.01.20-18.53.18:169][780]LogPlayLevel: PIE: Created PIE world by copying editor world from /Game/Collections/Desert.Desert to /Game/Collections/UEDPIE_0_Desert.Desert (0.038180s)
[2016.01.20-18.53.18:193][780]LogInit: XAudio2 using 'Headphones (2- High Definition Audio Device)' : 2 channels at 44.1 kHz using 16 bits per sample (channel mask 0x3)
[2016.01.20-18.53.18:201][780]LogInit: FAudioDevice initialized.
[2016.01.20-18.53.18:242][780]LogWorld: Game class is 'ThirdPersonGameMode_C'
[2016.01.20-18.53.18:256][780]LogWorld: Bringing World /Game/Collections/UEDPIE_0_Desert.Desert up for play (max tick rate 0) at 2016.01.20-11.53.18
[2016.01.20-18.53.18:256][780]LogActor:Warning: GameSession /Game/Collections/UEDPIE_0_Desert.Desert:PersistentLevel.GameSession_3 has natively added scene component(s), but none of them were set as the actor's RootComponent - picking one arbitrarily
[2016.01.20-18.53.18:256][780]LogActor:Warning: GameNetworkManager /Game/Collections/UEDPIE_0_Desert.Desert:PersistentLevel.GameNetworkManager_3 has natively added scene component(s), but none of them were set as the actor's RootComponent - picking one arbitrarily
[2016.01.20-18.53.18:256][780]LogWorld: Bringing up level for play took: 0.012828
[2016.01.20-18.53.18:259][780]PIE: Info Play in editor start time for /Game/Collections/UEDPIE_0_Desert 0.154
[2016.01.20-18.53.26:072][530]LogParticles: Destroying 0 GPU particle simulations for FXSystem 0x0000000DA4693920
[2016.01.20-18.53.31:998][690]LogFactory: FactoryCreateBinary: StaticMesh with FbxFactory (0 0 ../../../../../Unreal Projects/Clockwork_Node.obj)
[2016.01.20-18.53.32:081][690]LogFbx: Loading FBX Scene from ../../../../../Unreal Projects/Clockwork_Node.obj
[2016.01.20-18.53.32:113][690]LogFbx: FBX Scene Loaded Succesfully
[2016.01.20-18.53.38:209][690]LogFbx: Loading FBX Scene from ../../../../../Unreal Projects/Clockwork_Node.obj
[2016.01.20-18.53.38:247][690]LogFbx: FBX Scene Loaded Succesfully
[2016.01.20-18.53.38:275][690]LogFbx:Warning: Triangulating static mesh sphere1_sphere1_auv
[2016.01.20-18.53.38:310][690]LogFbx:Warning: Triangulating static mesh sphere1_sphere1_auv2
[2016.01.20-18.53.38:456][690]LogStaticMesh: Building static mesh Clockwork_Node...
[2016.01.20-18.53.38:510][690]LogStaticMesh: Built static mesh [0.054567.2s] /Game/Materials/Clockwork_Node.Clockwork_Node
[2016.01.20-18.53.49:737][896]LogFactory: FactoryCreateBinary: StaticMesh with FbxFactory (0 0 ../../../../../Unreal Projects/Clockwork_Node.obj)
[2016.01.20-18.53.49:822][896]LogFbx: Loading FBX Scene from ../../../../../Unreal Projects/Clockwork_Node.obj
[2016.01.20-18.53.49:854][896]LogFbx: FBX Scene Loaded Succesfully
[2016.01.20-18.53.53:741][896]LogFbx: Loading FBX Scene from ../../../../../Unreal Projects/Clockwork_Node.obj
[2016.01.20-18.53.53:773][896]LogFbx: FBX Scene Loaded Succesfully
[2016.01.20-18.53.53:804][896]LogFbx:Warning: Triangulating static mesh sphere1_sphere1_auv
[2016.01.20-18.53.53:835][896]LogFbx:Warning: Triangulating static mesh sphere1_sphere1_auv2
[2016.01.20-18.53.53:978][896]LogStaticMesh: Building static mesh Clockwork_Node...
[2016.01.20-18.53.54:031][896]LogStaticMesh: Built static mesh [0.053250.2s] /Game/Materials/Clockwork_Node.Clockwork_Node
[2016.01.20-18.53.54:043][896]FBXImport:Warning: Warning Warning: The imported mesh is very small. This is most likely an issue with the units used when exporting to FBX. 
[2016.01.20-18.54.12:046][306]LogFactory: FactoryCreateBinary: StaticMesh with FbxFactory (0 0 ../../../../../Unreal Projects/Clockwork_Node.obj)
[2016.01.20-18.54.12:125][306]LogFbx: Loading FBX Scene from ../../../../../Unreal Projects/Clockwork_Node.obj
[2016.01.20-18.54.12:168][306]LogFbx: FBX Scene Loaded Succesfully
[2016.01.20-18.54.20:108][306]LogFbx: Loading FBX Scene from ../../../../../Unreal Projects/Clockwork_Node.obj
[2016.01.20-18.54.20:147][306]LogFbx: FBX Scene Loaded Succesfully
[2016.01.20-18.54.20:177][306]LogFbx:Warning: Triangulating static mesh sphere1_sphere1_auv
[2016.01.20-18.54.20:213][306]LogFbx:Warning: Triangulating static mesh sphere1_sphere1_auv2
[2016.01.20-18.54.20:362][306]LogStaticMesh: Building static mesh Clockwork_Node...
[2016.01.20-18.54.20:415][306]LogStaticMesh: Built static mesh [0.052410.2s] /Game/Materials/Clockwork_Node.Clockwork_Node
[2016.01.20-18.54.31:041][556]LogFactory: FactoryCreateBinary: StaticMesh with FbxFactory (0 0 ../../../../../Unreal Projects/Clockwork_Node.obj)
[2016.01.20-18.54.31:114][556]LogFbx: Loading FBX Scene from ../../../../../Unreal Projects/Clockwork_Node.obj
[2016.01.20-18.54.31:144][556]LogFbx: FBX Scene Loaded Succesfully
[2016.01.20-18.54.37:873][556]LogFbx: Loading FBX Scene from ../../../../../Unreal Projects/Clockwork_Node.obj
[2016.01.20-18.54.37:907][556]LogFbx: FBX Scene Loaded Succesfully
[2016.01.20-18.54.37:931][556]LogFbx:Warning: Triangulating static mesh sphere1_sphere1_auv
[2016.01.20-18.54.37:964][556]LogFbx:Warning: Triangulating static mesh sphere1_sphere1_auv2
[2016.01.20-18.54.38:081][556]LogStaticMesh: Building static mesh Clockwork_Node...
[2016.01.20-18.54.38:122][556]LogStaticMesh: Built static mesh [0.041748.2s] /Game/Materials/Clockwork_Node.Clockwork_Node
[2016.01.20-18.54.55:116][601]Cmd: TRANSACTION UNDO
[2016.01.20-18.54.55:116][601]LogEditorTransaction: Undo Move Actors
[2016.01.20-18.54.56:308][668]Cmd: TRANSACTION UNDO
[2016.01.20-18.54.56:308][668]LogEditorTransaction: Undo Edit Roll
[2016.01.20-18.54.56:506][680]Cmd: TRANSACTION UNDO
[2016.01.20-18.54.56:507][680]LogEditorTransaction: Undo Edit Import Uniform Scale
[2016.01.20-18.54.56:740][694]Cmd: TRANSACTION UNDO
[2016.01.20-18.54.56:740][694]LogEditorTransaction: Undo Edit Roll
[2016.01.20-18.54.56:942][706]Cmd: TRANSACTION UNDO
[2016.01.20-18.54.56:943][706]LogEditorTransaction: Undo Edit Import Uniform Scale
[2016.01.20-18.54.57:157][719]Cmd: TRANSACTION UNDO
[2016.01.20-18.54.57:157][719]LogEditorTransaction: Undo Edit Roll
[2016.01.20-18.54.57:749][755]Cmd: TRANSACTION UNDO
[2016.01.20-18.54.57:749][755]LogEditorTransaction: Undo Edit Roll
[2016.01.20-18.54.57:979][769]Cmd: TRANSACTION UNDO
[2016.01.20-18.54.57:979][769]LogEditorTransaction: Undo Edit Import Uniform Scale
[2016.01.20-18.54.58:179][781]Cmd: TRANSACTION UNDO
[2016.01.20-18.54.58:179][781]LogEditorTransaction: Undo Move Actors
[2016.01.20-18.54.58:399][794]Cmd: TRANSACTION UNDO
[2016.01.20-18.54.58:399][794]LogEditorTransaction: Undo Create Actors
[2016.01.20-18.54.58:587][800]Cmd: TRANSACTION UNDO
[2016.01.20-18.54.58:587][800]LogEditorTransaction: Undo Edit Import Uniform Scale
[2016.01.20-18.54.58:839][815]Cmd: TRANSACTION UNDO
[2016.01.20-18.54.58:839][815]LogEditorTransaction: Undo Edit Roll
[2016.01.20-18.54.59:033][827]Cmd: TRANSACTION UNDO
[2016.01.20-18.54.59:033][827]LogEditorTransaction: Undo Edit Roll
[2016.01.20-18.54.59:227][839]Cmd: TRANSACTION UNDO
[2016.01.20-18.54.59:227][839]LogEditorTransaction: Undo Edit Import Uniform Scale
[2016.01.20-18.54.59:439][852]Cmd: TRANSACTION UNDO
[2016.01.20-18.54.59:439][852]LogEditorTransaction: Undo Edit Import Uniform Scale
[2016.01.20-18.54.59:671][866]Cmd: TRANSACTION UNDO
[2016.01.20-18.54.59:671][866]LogEditorTransaction: Undo Edit Roll
[2016.01.20-18.54.59:871][878]Cmd: TRANSACTION UNDO
[2016.01.20-18.54.59:871][878]LogEditorTransaction: Undo Edit Roll
[2016.01.20-18.55.00:102][892]Cmd: TRANSACTION UNDO
[2016.01.20-18.55.00:102][892]LogEditorTransaction: Undo Edit Import Uniform Scale
[2016.01.20-18.55.00:302][904]Cmd: TRANSACTION UNDO
[2016.01.20-18.55.00:302][904]LogEditorTransaction: Undo Move Actors
[2016.01.20-18.55.00:536][918]Cmd: TRANSACTION UNDO
[2016.01.20-18.55.00:536][918]LogEditorTransaction: Undo Edit Import Uniform Scale
[2016.01.20-18.55.00:738][930]Cmd: TRANSACTION UNDO
[2016.01.20-18.55.00:738][930]LogEditorTransaction: Undo Edit Roll
[2016.01.20-18.55.00:952][943]Cmd: TRANSACTION UNDO
[2016.01.20-18.55.00:952][943]LogEditorTransaction: Undo Move Actors
[2016.01.20-18.55.01:134][954]Cmd: TRANSACTION UNDO
[2016.01.20-18.55.01:135][954]LogEditorTransaction: Undo Create Actors
[2016.01.20-18.55.01:363][967]Cmd: TRANSACTION UNDO
[2016.01.20-18.55.01:363][967]LogEditorTransaction: Undo Edit Roll
[2016.01.20-18.55.16:548][959]LogActorFactory: Actor Factory created Clockwork_Cog
[2016.01.20-18.55.17:048][  1]LogActorFactory: Actor Factory created Clockwork_Cog
[2016.01.20-18.55.18:094][ 54]LogActorFactory: Actor Factory created Clockwork_Node
[2016.01.20-18.55.18:741][ 95]LogActorFactory: Actor Factory created Clockwork_Node
[2016.01.20-18.55.21:662][307]LogEditorViewport: Clicking on Actor (LMB): StaticMeshActor (Clockwork_Cog)
[2016.01.20-18.56.14:319][897]LogEditorViewport: Clicking on Actor (LMB): StaticMeshActor (Clockwork_Cog)
[2016.01.20-18.56.14:986][947]LogEditorViewport: Clicking on Actor (LMB): StaticMeshActor (Clockwork_Node)
[2016.01.20-18.56.33:255][193]LogEditorViewport: Clicking on Actor (LMB): StaticMeshActor (Clockwork_Cog)
[2016.01.20-18.56.34:916][325]Cmd: EDIT COPY
[2016.01.20-18.56.35:433][361]Cmd: EDIT PASTE
[2016.01.20-18.56.38:275][580]Cmd: EDIT PASTE
[2016.01.20-18.56.57:860][866]LogEditorViewport: Clicking on Actor (LMB): StaticMeshActor (Clockwork_Node)
[2016.01.20-18.57.03:301][274]Cmd: EDIT COPY
[2016.01.20-18.57.03:593][289]Cmd: EDIT PASTE
[2016.01.20-18.57.05:459][434]Cmd: EDIT PASTE
[2016.01.20-18.57.18:062][260]LogPlayLevel: PlayLevel: No blueprints needed recompiling
[2016.01.20-18.57.18:062][260]PIE: New page: PIE session: Desert (Jan 20, 2016, 4:57:18 AM)
[2016.01.20-18.57.18:062][260]LogPlayLevel: Creating play world package: /Game/Collections/UEDPIE_0_Desert
[2016.01.20-18.57.18:098][260]LogPlayLevel: PIE: StaticDuplicateObject took: (0.035437s)
[2016.01.20-18.57.18:099][260]LogAIModule: Creating AISystem for world Desert
[2016.01.20-18.57.18:099][260]LogPlayLevel: PIE: World Init took: (0.001272s)
[2016.01.20-18.57.18:099][260]LogPlayLevel: PIE: Created PIE world by copying editor world from /Game/Collections/Desert.Desert to /Game/Collections/UEDPIE_0_Desert.Desert (0.036986s)
[2016.01.20-18.57.18:123][260]LogInit: XAudio2 using 'Headphones (2- High Definition Audio Device)' : 2 channels at 44.1 kHz using 16 bits per sample (channel mask 0x3)
[2016.01.20-18.57.18:132][260]LogInit: FAudioDevice initialized.
[2016.01.20-18.57.18:172][260]LogWorld: Game class is 'ThirdPersonGameMode_C'
[2016.01.20-18.57.18:186][260]LogWorld: Bringing World /Game/Collections/UEDPIE_0_Desert.Desert up for play (max tick rate 0) at 2016.01.20-11.57.18
[2016.01.20-18.57.18:186][260]LogActor:Warning: GameSession /Game/Collections/UEDPIE_0_Desert.Desert:PersistentLevel.GameSession_4 has natively added scene component(s), but none of them were set as the actor's RootComponent - picking one arbitrarily
[2016.01.20-18.57.18:186][260]LogActor:Warning: GameNetworkManager /Game/Collections/UEDPIE_0_Desert.Desert:PersistentLevel.GameNetworkManager_4 has natively added scene component(s), but none of them were set as the actor's RootComponent - picking one arbitrarily
[2016.01.20-18.57.18:187][260]LogWorld: Bringing up level for play took: 0.012668
[2016.01.20-18.57.18:190][260]PIE: Info Play in editor start time for /Game/Collections/UEDPIE_0_Desert 0.084
[2016.01.20-18.57.43:515][482]LogParticles: Destroying 0 GPU particle simulations for FXSystem 0x0000000DD105E020
[2016.01.20-18.57.47:421][618]Cmd: OBJ SAVEPACKAGE PACKAGE="/Game/Collections/Desert" FILE="../../../../../Unreal Projects/Wayfarer/Content/Collections/Desert.umap" SILENT=true AUTOSAVING=false KEEPDIRTY=false
[2016.01.20-18.57.48:777][618]LogSavePackage: Save=1232.292358ms
[2016.01.20-18.57.48:777][618]LogSavePackage: Moving '../../../../../Unreal Projects/Wayfarer/Saved/DesertD748778742E172AA6D5726A726C06F67.tmp' to '../../../../../Unreal Projects/Wayfarer/Content/Collections/Desert.umap'
[2016.01.20-18.57.48:799][618]LogSavePackage: Total save time: 1333.541449ms
[2016.01.20-18.57.48:799][618]LogSavePackage:Display: Finished SavePackage ../../../../../Unreal Projects/Wayfarer/Content/Collections/Desert.umap
[2016.01.20-18.57.48:899][618]LogFileHelpers: Saving map 'Desert' took 1.670
[2016.01.20-18.57.48:960][618]Cmd: OBJ SAVEPACKAGE PACKAGE="/Game/Materials/Clockwork_Cog" FILE="../../../../../Unreal Projects/Wayfarer/Content/Materials/Clockwork_Cog.uasset" SILENT=true
[2016.01.20-18.57.49:006][618]LogSavePackage: Save=42.273319ms
[2016.01.20-18.57.49:006][618]LogSavePackage: Moving '../../../../../Unreal Projects/Wayfarer/Saved/Clockwork_Cog5F35C46843EF01FCDAF930A457FB0CB5.tmp' to '../../../../../Unreal Projects/Wayfarer/Content/Materials/Clockwork_Cog.uasset'
[2016.01.20-18.57.49:010][618]LogSavePackage: Total save time: 46.994217ms
[2016.01.20-18.57.49:010][618]LogSavePackage:Display: Finished SavePackage ../../../../../Unreal Projects/Wayfarer/Content/Materials/Clockwork_Cog.uasset
[2016.01.20-18.57.49:075][618]Cmd: OBJ SAVEPACKAGE PACKAGE="/Game/Materials/Cylinder1_auv" FILE="../../../../../Unreal Projects/Wayfarer/Content/Materials/Cylinder1_auv.uasset" SILENT=true
[2016.01.20-18.57.49:118][618]LogSavePackage: Save=40.172966ms
[2016.01.20-18.57.49:118][618]LogSavePackage: Moving '../../../../../Unreal Projects/Wayfarer/Saved/Cylinder1_auvBC385974445C8BFBF8151BBB6FB58BBA.tmp' to '../../../../../Unreal Projects/Wayfarer/Content/Materials/Cylinder1_auv.uasset'
[2016.01.20-18.57.49:122][618]LogSavePackage: Total save time: 44.842079ms
[2016.01.20-18.57.49:122][618]LogSavePackage:Display: Finished SavePackage ../../../../../Unreal Projects/Wayfarer/Content/Materials/Cylinder1_auv.uasset
[2016.01.20-18.57.49:169][618]Cmd: OBJ SAVEPACKAGE PACKAGE="/Game/Materials/Cylinder1_auv2" FILE="../../../../../Unreal Projects/Wayfarer/Content/Materials/Cylinder1_auv2.uasset" SILENT=true
[2016.01.20-18.57.49:232][618]LogSavePackage: Save=59.330399ms
[2016.01.20-18.57.49:232][618]LogSavePackage: Moving '../../../../../Unreal Projects/Wayfarer/Saved/Cylinder1_auv284BB712E4E41BF9831E4D983EDBB47A9.tmp' to '../../../../../Unreal Projects/Wayfarer/Content/Materials/Cylinder1_auv2.uasset'
[2016.01.20-18.57.49:236][618]LogSavePackage: Total save time: 63.922271ms
[2016.01.20-18.57.49:236][618]LogSavePackage:Display: Finished SavePackage ../../../../../Unreal Projects/Wayfarer/Content/Materials/Cylinder1_auv2.uasset
[2016.01.20-18.57.49:300][618]Cmd: OBJ SAVEPACKAGE PACKAGE="/Game/Materials/Cylinder1_auv3" FILE="../../../../../Unreal Projects/Wayfarer/Content/Materials/Cylinder1_auv3.uasset" SILENT=true
[2016.01.20-18.57.49:346][618]LogSavePackage: Save=42.428383ms
[2016.01.20-18.57.49:346][618]LogSavePackage: Moving '../../../../../Unreal Projects/Wayfarer/Saved/Cylinder1_auv3C4403A4842CB0BE837A505A3AAFD1005.tmp' to '../../../../../Unreal Projects/Wayfarer/Content/Materials/Cylinder1_auv3.uasset'
[2016.01.20-18.57.49:350][618]LogSavePackage: Total save time: 46.967302ms
[2016.01.20-18.57.49:350][618]LogSavePackage:Display: Finished SavePackage ../../../../../Unreal Projects/Wayfarer/Content/Materials/Cylinder1_auv3.uasset
[2016.01.20-18.57.49:401][618]Cmd: OBJ SAVEPACKAGE PACKAGE="/Game/Materials/Copy_of_Cylinder1_auv" FILE="../../../../../Unreal Projects/Wayfarer/Content/Materials/Copy_of_Cylinder1_auv.uasset" SILENT=true
[2016.01.20-18.57.49:464][618]LogSavePackage: Save=59.753746ms
[2016.01.20-18.57.49:464][618]LogSavePackage: Moving '../../../../../Unreal Projects/Wayfarer/Saved/Copy_of_Cylinder1_auvD5E345C147447949AA585097FB075E5E.tmp' to '../../../../../Unreal Projects/Wayfarer/Content/Materials/Copy_of_Cylinder1_auv.uasset'
[2016.01.20-18.57.49:468][618]LogSavePackage: Total save time: 64.142868ms
[2016.01.20-18.57.49:468][618]LogSavePackage:Display: Finished SavePackage ../../../../../Unreal Projects/Wayfarer/Content/Materials/Copy_of_Cylinder1_auv.uasset
[2016.01.20-18.57.49:537][618]Cmd: OBJ SAVEPACKAGE PACKAGE="/Game/Materials/Cylinder1_auv4" FILE="../../../../../Unreal Projects/Wayfarer/Content/Materials/Cylinder1_auv4.uasset" SILENT=true
[2016.01.20-18.57.49:581][618]LogSavePackage: Save=39.142540ms
[2016.01.20-18.57.49:581][618]LogSavePackage: Moving '../../../../../Unreal Projects/Wayfarer/Saved/Cylinder1_auv406AF30C04B72C3AF714DBD8CBFBC336D.tmp' to '../../../../../Unreal Projects/Wayfarer/Content/Materials/Cylinder1_auv4.uasset'
[2016.01.20-18.57.49:585][618]LogSavePackage: Total save time: 44.237629ms
[2016.01.20-18.57.49:585][618]LogSavePackage:Display: Finished SavePackage ../../../../../Unreal Projects/Wayfarer/Content/Materials/Cylinder1_auv4.uasset
[2016.01.20-18.57.49:646][618]Cmd: OBJ SAVEPACKAGE PACKAGE="/Game/Materials/Cylinder1_auv5" FILE="../../../../../Unreal Projects/Wayfarer/Content/Materials/Cylinder1_auv5.uasset" SILENT=true
[2016.01.20-18.57.49:689][618]LogSavePackage: Save=39.105968ms
[2016.01.20-18.57.49:689][618]LogSavePackage: Moving '../../../../../Unreal Projects/Wayfarer/Saved/Cylinder1_auv59F16523449E7975980A382A33D613908.tmp' to '../../../../../Unreal Projects/Wayfarer/Content/Materials/Cylinder1_auv5.uasset'
[2016.01.20-18.57.49:693][618]LogSavePackage: Total save time: 43.639325ms
[2016.01.20-18.57.49:693][618]LogSavePackage:Display: Finished SavePackage ../../../../../Unreal Projects/Wayfarer/Content/Materials/Cylinder1_auv5.uasset
[2016.01.20-18.57.49:759][618]Cmd: OBJ SAVEPACKAGE PACKAGE="/Game/Materials/Cylinder1_auv6" FILE="../../../../../Unreal Projects/Wayfarer/Content/Materials/Cylinder1_auv6.uasset" SILENT=true
[2016.01.20-18.57.49:800][618]LogSavePackage: Save=37.957634ms
[2016.01.20-18.57.49:800][618]LogSavePackage: Moving '../../../../../Unreal Projects/Wayfarer/Saved/Cylinder1_auv6F9E08E8D470465F33E6C0E8AD4F157A7.tmp' to '../../../../../Unreal Projects/Wayfarer/Content/Materials/Cylinder1_auv6.uasset'
[2016.01.20-18.57.49:804][618]LogSavePackage: Total save time: 42.279467ms
[2016.01.20-18.57.49:804][618]LogSavePackage:Display: Finished SavePackage ../../../../../Unreal Projects/Wayfarer/Content/Materials/Cylinder1_auv6.uasset
[2016.01.20-18.57.49:867][618]Cmd: OBJ SAVEPACKAGE PACKAGE="/Game/Materials/Cylinder1_auv7" FILE="../../../../../Unreal Projects/Wayfarer/Content/Materials/Cylinder1_auv7.uasset" SILENT=true
[2016.01.20-18.57.49:912][618]LogSavePackage: Save=41.139614ms
[2016.01.20-18.57.49:912][618]LogSavePackage: Moving '../../../../../Unreal Projects/Wayfarer/Saved/Cylinder1_auv7A56E199F48E4B25579295BBF7A17041F.tmp' to '../../../../../Unreal Projects/Wayfarer/Content/Materials/Cylinder1_auv7.uasset'
[2016.01.20-18.57.49:916][618]LogSavePackage: Total save time: 45.645766ms
[2016.01.20-18.57.49:916][618]LogSavePackage:Display: Finished SavePackage ../../../../../Unreal Projects/Wayfarer/Content/Materials/Cylinder1_auv7.uasset
[2016.01.20-18.57.49:977][618]Cmd: OBJ SAVEPACKAGE PACKAGE="/Game/Materials/Clockwork_Node" FILE="../../../../../Unreal Projects/Wayfarer/Content/Materials/Clockwork_Node.uasset" SILENT=true
[2016.01.20-18.57.50:019][618]LogSavePackage: Save=38.319542ms
[2016.01.20-18.57.50:019][618]LogSavePackage: Moving '../../../../../Unreal Projects/Wayfarer/Saved/Clockwork_NodeDD5B45D7493670C2740A00846828A2EB.tmp' to '../../../../../Unreal Projects/Wayfarer/Content/Materials/Clockwork_Node.uasset'
[2016.01.20-18.57.50:024][618]LogSavePackage: Total save time: 43.275081ms
[2016.01.20-18.57.50:024][618]LogSavePackage:Display: Finished SavePackage ../../../../../Unreal Projects/Wayfarer/Content/Materials/Clockwork_Node.uasset
[2016.01.20-18.57.50:093][618]Cmd: OBJ SAVEPACKAGE PACKAGE="/Game/Materials/sphere1_auv" FILE="../../../../../Unreal Projects/Wayfarer/Content/Materials/sphere1_auv.uasset" SILENT=true
[2016.01.20-18.57.50:137][618]LogSavePackage: Save=41.312817ms
[2016.01.20-18.57.50:137][618]LogSavePackage: Moving '../../../../../Unreal Projects/Wayfarer/Saved/sphere1_auv67CCFEB943B9D5CB8B2B76A2F3AD2795.tmp' to '../../../../../Unreal Projects/Wayfarer/Content/Materials/sphere1_auv.uasset'
[2016.01.20-18.57.50:141][618]LogSavePackage: Total save time: 45.645475ms
[2016.01.20-18.57.50:141][618]LogSavePackage:Display: Finished SavePackage ../../../../../Unreal Projects/Wayfarer/Content/Materials/sphere1_auv.uasset
[2016.01.20-18.57.50:188][618]Cmd: OBJ SAVEPACKAGE PACKAGE="/Game/Materials/Copy_of_sphere1_auv" FILE="../../../../../Unreal Projects/Wayfarer/Content/Materials/Copy_of_sphere1_auv.uasset" SILENT=true
[2016.01.20-18.57.50:249][618]LogSavePackage: Save=58.146076ms
[2016.01.20-18.57.50:250][618]LogSavePackage: Moving '../../../../../Unreal Projects/Wayfarer/Saved/Copy_of_sphere1_auvC6EDE5FC431580C6F851CFA13C0B1F69.tmp' to '../../../../../Unreal Projects/Wayfarer/Content/Materials/Copy_of_sphere1_auv.uasset'
[2016.01.20-18.57.50:254][618]LogSavePackage: Total save time: 62.802605ms
[2016.01.20-18.57.50:254][618]LogSavePackage:Display: Finished SavePackage ../../../../../Unreal Projects/Wayfarer/Content/Materials/Copy_of_sphere1_auv.uasset
[2016.01.20-18.57.50:316][618]Cmd: OBJ SAVEPACKAGE PACKAGE="/Game/Materials/sphere1_auv2" FILE="../../../../../Unreal Projects/Wayfarer/Content/Materials/sphere1_auv2.uasset" SILENT=true
[2016.01.20-18.57.50:362][618]LogSavePackage: Save=42.968174ms
[2016.01.20-18.57.50:362][618]LogSavePackage: Moving '../../../../../Unreal Projects/Wayfarer/Saved/sphere1_auv22F9B3EF84EF5A2B31B69C8B359B78D3E.tmp' to '../../../../../Unreal Projects/Wayfarer/Content/Materials/sphere1_auv2.uasset'
[2016.01.20-18.57.50:367][618]LogSavePackage: Total save time: 47.856126ms
[2016.01.20-18.57.50:367][618]LogSavePackage:Display: Finished SavePackage ../../../../../Unreal Projects/Wayfarer/Content/Materials/sphere1_auv2.uasset
[2016.01.20-18.57.50:416][618]Cmd: OBJ SAVEPACKAGE PACKAGE="/Game/Materials/sphere1_auv3" FILE="../../../../../Unreal Projects/Wayfarer/Content/Materials/sphere1_auv3.uasset" SILENT=true
[2016.01.20-18.57.50:513][618]LogSavePackage: Save=94.360878ms
[2016.01.20-18.57.50:513][618]LogSavePackage: Moving '../../../../../Unreal Projects/Wayfarer/Saved/sphere1_auv3D3260949470B2DE9D214A1B1FA78A4FE.tmp' to '../../../../../Unreal Projects/Wayfarer/Content/Materials/sphere1_auv3.uasset'
[2016.01.20-18.57.50:517][618]LogSavePackage: Total save time: 98.711964ms
[2016.01.20-18.57.50:517][618]LogSavePackage:Display: Finished SavePackage ../../../../../Unreal Projects/Wayfarer/Content/Materials/sphere1_auv3.uasset
[2016.01.20-18.58.39:591][767]LogWindowsTextInputMethodSystem:Display: IME system now deactivated.
[2016.01.20-18.58.39:841][768]Cmd: QUIT_EDITOR
[2016.01.20-18.58.40:222][768]LogExit: Preparing to exit.
[2016.01.20-18.58.40:647][768]LogExit: Editor shut down
[2016.01.20-18.58.40:647][768]LogExit: Transaction tracking system shut down
[2016.01.20-18.58.40:649][768]LogParticles: Destroying 0 GPU particle simulations for FXSystem 0x0000000DA4692700
[2016.01.20-18.58.40:652][768]LogParticles: Destroying 0 GPU particle simulations for FXSystem 0x0000000D810228E0
[2016.01.20-18.58.40:653][768]LogParticles: Destroying 0 GPU particle simulations for FXSystem 0x0000000D9F637880
[2016.01.20-18.58.40:653][768]LogParticles: Destroying 0 GPU particle simulations for FXSystem 0x0000000D9D031EE0
[2016.01.20-18.58.40:869][768]LogExit: Object subsystem successfully closed.
[2016.01.20-18.58.40:879][768]LogD3D11RHI: Shutdown
[2016.01.20-18.58.40:880][768]LogD3D11RHI: CleanupD3DDevice
[2016.01.20-18.58.41:117][768]LogD3D11RHI: ~FD3D11DynamicRHI
[2016.01.20-18.58.41:132][768]LogModuleManager: Shutting down and abandoning module CookingStats (199)
[2016.01.20-18.58.41:132][768]LogModuleManager: Shutting down and abandoning module CrashTracker (198)
[2016.01.20-18.58.41:132][768]LogModuleManager: Shutting down and abandoning module SceneOutliner (197)
[2016.01.20-18.58.41:132][768]LogModuleManager: Shutting down and abandoning module SuperSearch (196)
[2016.01.20-18.58.41:132][768]LogModuleManager: Shutting down and abandoning module WidgetCarousel (195)
[2016.01.20-18.58.41:132][768]LogModuleManager: Shutting down and abandoning module AddContentDialog (194)
[2016.01.20-18.58.41:134][768]LogModuleManager: Shutting down and abandoning module EditorWidgets (193)
[2016.01.20-18.58.41:134][768]LogModuleManager: Shutting down and abandoning module CollectionManager (192)
[2016.01.20-18.58.41:134][768]LogModuleManager: Shutting down and abandoning module StatsViewer (191)
[2016.01.20-18.58.41:134][768]LogModuleManager: Shutting down and abandoning module FoliageEdit (190)
[2016.01.20-18.58.41:134][768]LogModuleManager: Shutting down and abandoning module LandscapeEditor (189)
[2016.01.20-18.58.41:135][768]LogModuleManager: Shutting down and abandoning module ActorPickerMode (188)
[2016.01.20-18.58.41:135][768]LogModuleManager: Shutting down and abandoning module GeometryMode (187)
[2016.01.20-18.58.41:135][768]LogModuleManager: Shutting down and abandoning module TextureAlignMode (186)
[2016.01.20-18.58.41:135][768]LogModuleManager: Shutting down and abandoning module BspMode (185)
[2016.01.20-18.58.41:135][768]LogModuleManager: Shutting down and abandoning module PlacementMode (184)
[2016.01.20-18.58.41:135][768]LogModuleManager: Shutting down and abandoning module AutomationWorker (183)
[2016.01.20-18.58.41:135][768]LogModuleManager: Shutting down and abandoning module CharacterAI (182)
[2016.01.20-18.58.41:135][768]LogModuleManager: Shutting down and abandoning module SmartSnapping (181)
[2016.01.20-18.58.41:135][768]LogModuleManager: Shutting down and abandoning module ViewportSnapping (180)
[2016.01.20-18.58.41:135][768]LogModuleManager: Shutting down and abandoning module LogVisualizer (179)
[2016.01.20-18.58.41:135][768]LogModuleManager: Shutting down and abandoning module GameProjectGeneration (178)
[2016.01.20-18.58.41:135][768]LogModuleManager: Shutting down and abandoning module IntroTutorials (177)
[2016.01.20-18.58.41:135][768]LogModuleManager: Shutting down and abandoning module EditorLiveStreaming (176)
[2016.01.20-18.58.41:135][768]LogModuleManager: Shutting down and abandoning module IOSPlatformEditor (175)
[2016.01.20-18.58.41:135][768]LogModuleManager: Shutting down and abandoning module HTML5PlatformEditor (174)
[2016.01.20-18.58.41:135][768]LogModuleManager: Shutting down and abandoning module AndroidDeviceDetection (173)
[2016.01.20-18.58.42:069][768]LogModuleManager: Shutting down and abandoning module AndroidPlatformEditor (172)
[2016.01.20-18.58.42:070][768]LogModuleManager: Shutting down and abandoning module IOSRuntimeSettings (171)
[2016.01.20-18.58.42:070][768]LogModuleManager: Shutting down and abandoning module AndroidRuntimeSettings (170)
[2016.01.20-18.58.42:070][768]LogModuleManager: Shutting down and abandoning module MergeActors (169)
[2016.01.20-18.58.42:070][768]LogModuleManager: Shutting down and abandoning module SizeMap (168)
[2016.01.20-18.58.42:070][768]LogModuleManager: Shutting down and abandoning module TreeMap (167)
[2016.01.20-18.58.42:070][768]LogModuleManager: Shutting down and abandoning module ReferenceViewer (166)
[2016.01.20-18.58.42:070][768]LogModuleManager: Shutting down and abandoning module LocalizationService (165)
[2016.01.20-18.58.42:070][768]LogModuleManager: Shutting down and abandoning module LocalizationDashboard (164)
[2016.01.20-18.58.42:070][768]LogModuleManager: Shutting down and abandoning module HardwareTargeting (163)
[2016.01.20-18.58.42:070][768]LogModuleManager: Shutting down and abandoning module DeviceProfileEditor (162)
[2016.01.20-18.58.42:070][768]LogModuleManager: Shutting down and abandoning module UndoHistory (161)
[2016.01.20-18.58.42:070][768]LogModuleManager: Shutting down and abandoning module GameplayTagsEditor (160)
[2016.01.20-18.58.42:070][768]LogModuleManager: Shutting down and abandoning module UserFeedback (159)
[2016.01.20-18.58.42:070][768]LogModuleManager: Shutting down and abandoning module XmlParser (158)
[2016.01.20-18.58.42:070][768]LogModuleManager: Shutting down and abandoning module Blutility (157)
[2016.01.20-18.58.42:070][768]LogModuleManager: Shutting down and abandoning module ProjectTargetPlatformEditor (156)
[2016.01.20-18.58.42:070][768]LogModuleManager: Shutting down and abandoning module ProjectSettingsViewer (155)
[2016.01.20-18.58.42:070][768]LogModuleManager: Shutting down and abandoning module InputBindingEditor (154)
[2016.01.20-18.58.42:070][768]LogModuleManager: Shutting down and abandoning module EditorSettingsViewer (153)
[2016.01.20-18.58.42:070][768]LogModuleManager: Shutting down and abandoning module SettingsEditor (152)
[2016.01.20-18.58.42:070][768]LogModuleManager: Shutting down and abandoning module ProjectLauncher (151)
[2016.01.20-18.58.42:070][768]LogModuleManager: Shutting down and abandoning module SessionFrontend (150)
[2016.01.20-18.58.42:070][768]LogModuleManager: Shutting down and abandoning module ProfilerClient (149)
[2016.01.20-18.58.42:070][768]LogModuleManager: Shutting down and abandoning module TargetDeviceServices (148)
[2016.01.20-18.58.42:070][768]LogModuleManager: Shutting down and abandoning module DeviceManager (147)
[2016.01.20-18.58.42:070][768]LogModuleManager: Shutting down and abandoning module AutomationController (146)
[2016.01.20-18.58.42:070][768]LogModuleManager: Shutting down and abandoning module AutomationWindow (145)
[2016.01.20-18.58.42:070][768]LogModuleManager: Shutting down and abandoning module Layers (144)
[2016.01.20-18.58.42:070][768]LogModuleManager: Shutting down and abandoning module ComponentVisualizers (143)
[2016.01.20-18.58.42:070][768]LogModuleManager: Shutting down and abandoning module DetailCustomizations (142)
[2016.01.20-18.58.42:070][768]LogModuleManager: Shutting down and abandoning module PackagesDialog (141)
[2016.01.20-18.58.42:070][768]LogModuleManager: Shutting down and abandoning module Persona (140)
[2016.01.20-18.58.42:071][768]LogModuleManager: Shutting down and abandoning module Kismet (139)
[2016.01.20-18.58.42:071][768]LogModuleManager: Shutting down and abandoning module GraphEditor (138)
[2016.01.20-18.58.42:071][768]LogModuleManager: Shutting down and abandoning module ClassViewer (137)
[2016.01.20-18.58.42:071][768]LogModuleManager: Shutting down and abandoning module Toolbox (136)
[2016.01.20-18.58.42:071][768]LogModuleManager: Shutting down and abandoning module ModuleUI (135)
[2016.01.20-18.58.42:071][768]LogModuleManager: Shutting down and abandoning module MovieSceneTools (134)
[2016.01.20-18.58.42:071][768]LogModuleManager: Shutting down and abandoning module OutputLog (133)
[2016.01.20-18.58.42:071][768]LogModuleManager: Shutting down and abandoning module GammaUI (132)
[2016.01.20-18.58.42:071][768]LogModuleManager: Shutting down and abandoning module Documentation (131)
[2016.01.20-18.58.42:071][768]LogModuleManager: Shutting down and abandoning module GameLiveStreaming (130)
[2016.01.20-18.58.42:071][768]LogModuleManager: Shutting down and abandoning module StreamingPauseRendering (129)
[2016.01.20-18.58.42:071][768]LogModuleManager: Shutting down and abandoning module AnalyticsET (128)
[2016.01.20-18.58.42:071][768]LogModuleManager: Shutting down and abandoning module Analytics (127)
[2016.01.20-18.58.42:071][768]LogModuleManager: Shutting down and abandoning module AITestSuite (126)
[2016.01.20-18.58.42:071][768]LogModuleManager: Shutting down and abandoning module GameplayDebugger (125)
[2016.01.20-18.58.42:071][768]LogModuleManager: Shutting down and abandoning module AIModule (124)
[2016.01.20-18.58.42:071][768]LogModuleManager: Shutting down and abandoning module ProfilerService (123)
[2016.01.20-18.58.42:308][768]LogModuleManager: Shutting down and abandoning module TaskGraph (122)
[2016.01.20-18.58.42:308][768]LogModuleManager: Shutting down and abandoning module SlateRemote (121)
[2016.01.20-18.58.42:309][768]LogModuleManager: Shutting down and abandoning module SteamVRController (120)
[2016.01.20-18.58.42:309][768]LogModuleManager: Shutting down and abandoning module SteamVR (119)
[2016.01.20-18.58.42:309][768]LogModuleManager: Shutting down and abandoning module ProceduralMeshComponent (118)
[2016.01.20-18.58.42:309][768]LogModuleManager: Shutting down and abandoning module OculusLibrary (117)
[2016.01.20-18.58.42:309][768]LogModuleManager: Shutting down and abandoning module OculusInput (116)
[2016.01.20-18.58.42:309][768]LogModuleManager: Shutting down and abandoning module LeapMotionController (115)
[2016.01.20-18.58.42:325][768]LogModuleManager: Shutting down and abandoning module CustomMeshComponent (114)
[2016.01.20-18.58.42:325][768]LogModuleManager: Shutting down and abandoning module CableComponent (113)
[2016.01.20-18.58.42:325][768]LogModuleManager: Shutting down and abandoning module ArchVisCharacter (112)
[2016.01.20-18.58.42:325][768]LogModuleManager: Shutting down and abandoning module MessagingDebugger (111)
[2016.01.20-18.58.42:326][768]LogModuleManager: Shutting down and abandoning module MediaPlayerEditor (110)
[2016.01.20-18.58.42:326][768]LogModuleManager: Shutting down and abandoning module HTML5Networking (109)
[2016.01.20-18.58.42:326][768]LogModuleManager: Shutting down and abandoning module SpeedTreeImporter (108)
[2016.01.20-18.58.42:326][768]LogModuleManager: Shutting down and abandoning module PluginBrowser (107)
[2016.01.20-18.58.42:326][768]LogModuleManager: Shutting down and abandoning module EpicSurvey (106)
[2016.01.20-18.58.42:326][768]LogModuleManager: Shutting down and abandoning module DesktopPlatform (105)
[2016.01.20-18.58.42:326][768]LogModuleManager: Shutting down and abandoning module VisualStudioSourceCodeAccess (104)
[2016.01.20-18.58.42:326][768]LogModuleManager: Shutting down and abandoning module UObjectPlugin (103)
[2016.01.20-18.58.42:326][768]LogModuleManager: Shutting down and abandoning module SubversionSourceControl (102)
[2016.01.20-18.58.42:326][768]LogModuleManager: Shutting down and abandoning module PerforceSourceControl (101)
[2016.01.20-18.58.42:326][768]LogModuleManager: Shutting down and abandoning module SourceControl (100)
[2016.01.20-18.58.42:326][768]LogModuleManager: Shutting down and abandoning module GitSourceControl (99)
[2016.01.20-18.58.42:326][768]LogModuleManager: Shutting down and abandoning module LightPropagationVolumeEditor (98)
[2016.01.20-18.58.42:326][768]LogModuleManager: Shutting down and abandoning module PaperTiledImporter (97)
[2016.01.20-18.58.42:326][768]LogModuleManager: Shutting down and abandoning module PaperSpriteSheetImporter (96)
[2016.01.20-18.58.42:326][768]LogModuleManager: Shutting down and abandoning module MeshPaint (95)
[2016.01.20-18.58.42:326][768]LogModuleManager: Shutting down and abandoning module SlateReflector (94)
[2016.01.20-18.58.42:326][768]LogModuleManager: Shutting down and abandoning module HotReload (93)
[2016.01.20-18.58.42:327][768]LogModuleManager: Shutting down and abandoning module MainFrame (92)
[2016.01.20-18.58.42:327][768]LogModuleManager: Shutting down and abandoning module LevelEditor (91)
[2016.01.20-18.58.42:328][768]LogModuleManager: Shutting down and abandoning module DirectoryWatcher (90)
[2016.01.20-18.58.42:333][768]LogModuleManager: Shutting down and abandoning module AssetRegistry (89)
[2016.01.20-18.58.42:481][768]LogModuleManager: Shutting down and abandoning module ContentBrowser (88)
[2016.01.20-18.58.42:482][768]LogModuleManager: Shutting down and abandoning module Paper2DEditor (87)
[2016.01.20-18.58.42:482][768]LogModuleManager: Shutting down and abandoning module UdpMessaging (86)
[2016.01.20-18.58.42:582][768]LogModuleManager: Shutting down and abandoning module LightPropagationVolumeRuntime (85)
[2016.01.20-18.58.42:582][768]LogModuleManager: Shutting down and abandoning module Paper2D (84)
[2016.01.20-18.58.42:582][768]LogModuleManager: Shutting down and abandoning module WindowsMoviePlayer (83)
[2016.01.20-18.58.42:589][768]LogModuleManager: Shutting down and abandoning module Media (82)
[2016.01.20-18.58.42:589][768]LogModuleManager: Shutting down and abandoning module WmfMedia (81)
[2016.01.20-18.58.42:589][768]LogModuleManager: Shutting down and abandoning module OnlineBlueprintSupport (80)
[2016.01.20-18.58.42:589][768]LogModuleManager: Shutting down and abandoning module GameplayTasksEditor (79)
[2016.01.20-18.58.42:589][768]LogModuleManager: Shutting down and abandoning module PropertyEditor (78)
[2016.01.20-18.58.42:589][768]LogModuleManager: Shutting down and abandoning module BehaviorTreeEditor (77)
[2016.01.20-18.58.42:589][768]LogModuleManager: Shutting down and abandoning module FunctionalTesting (76)
[2016.01.20-18.58.42:589][768]LogModuleManager: Shutting down and abandoning module CollisionAnalyzer (75)
[2016.01.20-18.58.42:590][768]LogModuleManager: Shutting down and abandoning module WorkspaceMenuStructure (74)
[2016.01.20-18.58.42:590][768]LogModuleManager: Shutting down and abandoning module MessageLog (73)
[2016.01.20-18.58.42:590][768]LogModuleManager: Shutting down and abandoning module Sequencer (72)
[2016.01.20-18.58.42:590][768]LogModuleManager: Shutting down and abandoning module AssetTools (71)
[2016.01.20-18.58.42:590][768]LogModuleManager: Shutting down and abandoning module UMGEditor (70)
[2016.01.20-18.58.42:590][768]LogModuleManager: Shutting down and abandoning module UMG (69)
[2016.01.20-18.58.42:590][768]LogModuleManager: Shutting down and abandoning module Slate (68)
[2016.01.20-18.58.42:590][768]LogModuleManager: Shutting down and abandoning module EditorStyle (67)
[2016.01.20-18.58.42:592][768]LogModuleManager: Shutting down and abandoning module SessionServices (66)
[2016.01.20-18.58.42:592][768]LogModuleManager: Shutting down and abandoning module SourceCodeAccess (65)
[2016.01.20-18.58.42:592][768]LogModuleManager: Shutting down and abandoning module HeadMountedDisplay (64)
[2016.01.20-18.58.42:592][768]LogModuleManager: Shutting down and abandoning module XAudio2 (63)
[2016.01.20-18.58.42:592][768]LogModuleManager: Shutting down and abandoning module Networking (61)
[2016.01.20-18.58.42:592][768]LogModuleManager: Shutting down and abandoning module Core (60)
[2016.01.20-18.58.42:592][768]LogModuleManager: Shutting down and abandoning module KismetCompiler (59)
[2016.01.20-18.58.42:592][768]LogModuleManager: Shutting down and abandoning module PhysXFormats (58)
[2016.01.20-18.58.42:592][768]LogModuleManager: Shutting down and abandoning module MeshUtilities (57)
[2016.01.20-18.58.42:592][768]LogModuleManager: Shutting down and abandoning module DerivedDataCache (56)
[2016.01.20-18.58.42:647][768]LogDerivedDataCache: Shutdown
[2016.01.20-18.58.42:647][768]LogModuleManager: Shutting down and abandoning module ShaderFormatOpenGL (55)
[2016.01.20-18.58.42:647][768]LogModuleManager: Shutting down and abandoning module ShaderFormatD3D (54)
[2016.01.20-18.58.42:647][768]LogModuleManager: Shutting down and abandoning module MetalShaderFormat (53)
[2016.01.20-18.58.42:647][768]LogModuleManager: Shutting down and abandoning module TextureFormatUncompressed (52)
[2016.01.20-18.58.42:647][768]LogModuleManager: Shutting down and abandoning module TextureFormatPVR (51)
[2016.01.20-18.58.42:647][768]LogModuleManager: Shutting down and abandoning module TextureFormatIntelISPCTexComp (50)
[2016.01.20-18.58.42:647][768]LogModuleManager: Shutting down and abandoning module TextureFormatDXT (49)
[2016.01.20-18.58.42:647][768]LogModuleManager: Shutting down and abandoning module ImageWrapper (48)
[2016.01.20-18.58.42:647][768]LogModuleManager: Shutting down and abandoning module TextureFormatASTC (47)
[2016.01.20-18.58.42:647][768]LogModuleManager: Shutting down and abandoning module TextureFormatAndroid (46)
[2016.01.20-18.58.42:647][768]LogModuleManager: Shutting down and abandoning module AudioFormatOpus (45)
[2016.01.20-18.58.42:647][768]LogModuleManager: Shutting down and abandoning module AudioFormatOgg (44)
[2016.01.20-18.58.42:647][768]LogModuleManager: Shutting down and abandoning module AudioFormatADPCM (43)
[2016.01.20-18.58.42:647][768]LogModuleManager: Shutting down and abandoning module LinuxTargetPlatform (42)
[2016.01.20-18.58.42:647][768]LogModuleManager: Shutting down and abandoning module LinuxServerTargetPlatform (41)
[2016.01.20-18.58.42:647][768]LogModuleManager: Shutting down and abandoning module LinuxNoEditorTargetPlatform (40)
[2016.01.20-18.58.42:647][768]LogModuleManager: Shutting down and abandoning module Messaging (39)
[2016.01.20-18.58.42:647][768]LogModuleManager: Shutting down and abandoning module IOSTargetPlatform (38)
[2016.01.20-18.58.42:647][768]LogModuleManager: Shutting down and abandoning module HTML5TargetPlatform (37)
[2016.01.20-18.58.42:647][768]LogModuleManager: Shutting down and abandoning module Android_PVRTCTargetPlatform (36)
[2016.01.20-18.58.42:647][768]LogModuleManager: Shutting down and abandoning module Android_MultiTargetPlatform (35)
[2016.01.20-18.58.42:647][768]LogModuleManager: Shutting down and abandoning module Android_ETC2TargetPlatform (34)
[2016.01.20-18.58.42:647][768]LogModuleManager: Shutting down and abandoning module Android_ETC1TargetPlatform (33)
[2016.01.20-18.58.42:647][768]LogModuleManager: Shutting down and abandoning module Android_DXTTargetPlatform (32)
[2016.01.20-18.58.42:647][768]LogModuleManager: Shutting down and abandoning module Android_ATCTargetPlatform (31)
[2016.01.20-18.58.42:648][768]LogModuleManager: Shutting down and abandoning module Android_ASTCTargetPlatform (30)
[2016.01.20-18.58.42:648][768]LogModuleManager: Shutting down and abandoning module AndroidTargetPlatform (29)
[2016.01.20-18.58.42:648][768]LogModuleManager: Shutting down and abandoning module WindowsTargetPlatform (28)
[2016.01.20-18.58.42:648][768]LogModuleManager: Shutting down and abandoning module WindowsServerTargetPlatform (27)
[2016.01.20-18.58.42:648][768]LogModuleManager: Shutting down and abandoning module WindowsNoEditorTargetPlatform (26)
[2016.01.20-18.58.42:648][768]LogModuleManager: Shutting down and abandoning module WindowsClientTargetPlatform (25)
[2016.01.20-18.58.42:648][768]LogModuleManager: Shutting down and abandoning module AllDesktopTargetPlatform (24)
[2016.01.20-18.58.42:648][768]LogModuleManager: Shutting down and abandoning module TargetPlatform (23)
[2016.01.20-18.58.42:648][768]LogModuleManager: Shutting down and abandoning module InputCore (22)
[2016.01.20-18.58.42:648][768]LogModuleManager: Shutting down and abandoning module Settings (21)
[2016.01.20-18.58.42:648][768]LogModuleManager: Shutting down and abandoning module OnlineSubsystem (19)
[2016.01.20-18.58.42:648][768]LogModuleManager: Shutting down and abandoning module HTTP (18)
[2016.01.20-18.58.44:650][768]LogModuleManager: Shutting down and abandoning module XMPP (17)
[2016.01.20-18.58.44:650][768]LogModuleManager: Shutting down and abandoning module OculusRift (16)
[2016.01.20-18.58.44:650][768]LogModuleManager: Shutting down and abandoning module ExampleDeviceProfileSelector (15)
[2016.01.20-18.58.44:650][768]LogModuleManager: Shutting down and abandoning module TextureCompressor (14)
[2016.01.20-18.58.44:650][768]LogModuleManager: Shutting down and abandoning module ShaderCore (13)
[2016.01.20-18.58.44:650][768]LogModuleManager: Shutting down and abandoning module Landscape (12)
[2016.01.20-18.58.44:650][768]LogModuleManager: Shutting down and abandoning module SlateRHIRenderer (11)
[2016.01.20-18.58.44:652][768]LogModuleManager: Shutting down and abandoning module OpenGLDrv (10)
[2016.01.20-18.58.44:652][768]LogModuleManager: Shutting down and abandoning module D3D11RHI (9)
[2016.01.20-18.58.44:652][768]LogModuleManager: Shutting down and abandoning module AnimGraphRuntime (8)
[2016.01.20-18.58.44:652][768]LogModuleManager: Shutting down and abandoning module Renderer (7)
[2016.01.20-18.58.44:652][768]LogModuleManager: Shutting down and abandoning module Engine (6)
[2016.01.20-18.58.44:652][768]LogModuleManager: Shutting down and abandoning module CoreUObject (5)
[2016.01.20-18.58.44:652][768]LogModuleManager: Shutting down and abandoning module NetworkFile (4)
[2016.01.20-18.58.44:652][768]LogModuleManager: Shutting down and abandoning module StreamingFile (3)
[2016.01.20-18.58.44:652][768]LogModuleManager: Shutting down and abandoning module SandboxFile (2)
[2016.01.20-18.58.44:652][768]LogModuleManager: Shutting down and abandoning module PakFile (1)
[2016.01.20-18.58.44:654][768]LogExit: Exiting.
[2016.01.20-18.58.44:688][768]Log file closed, 01/20/16 11:58:44
